<?xml version="1.0" encoding="UTF-8"?>
<testsuite xmlns:xsi="http://www.w3.org/2001/XMLSchema-instance" xsi:noNamespaceSchemaLocation="https://maven.apache.org/surefire/maven-surefire-plugin/xsd/surefire-test-report-3.0.xsd" version="3.0" name="com.openclassrooms.tourguide.TestRewardsService" time="40.157" tests="3" errors="0" skipped="0" failures="0">
  <properties>
[...]
</properties>
  <testcase name="nearAllAttractions" classname="com.openclassrooms.tourguide.TestRewardsService" time="39.159">
    <system-out><![CDATA[19:48:34.112 [main] INFO com.openclassrooms.tourguide.service.TourGuideService -- TestMode enabled
19:48:34.112 [main] INFO com.openclassrooms.tourguide.service.RewardsService -- calculate reward for internalUser0 on his 3 known locations
19:48:34.112 [pool-4-thread-1] INFO com.openclassrooms.tourguide.tracker.Tracker -- Begin Tracker. Tracking 1 users.
19:48:34.129 [main] INFO com.openclassrooms.tourguide.service.RewardsService -- Checking the user dd8d5ea3-a412-424c-a74c-a07ea76d0380 already get close from Disneyland
19:48:34.129 [main] INFO com.openclassrooms.tourguide.service.RewardsService -- Calculate distance between -117.922008/33.817595 and 21.701568147659174/-52.70066500578829
19:48:34.129 [main] INFO com.openclassrooms.tourguide.service.RewardsService -- Assign reward points to dd8d5ea3-a412-424c-a74c-a07ea76d0380 for attraction Disneyland
19:48:34.160 [pool-4-thread-1] INFO com.openclassrooms.tourguide.service.TourGuideService -- Adding the current location to the user internalUser0
19:48:34.160 [pool-4-thread-1] INFO com.openclassrooms.tourguide.service.RewardsService -- calculate reward for internalUser0 on his 4 known locations
19:48:34.171 [pool-4-thread-1] INFO com.openclassrooms.tourguide.service.RewardsService -- Checking the user dd8d5ea3-a412-424c-a74c-a07ea76d0380 already get close from Disneyland
19:48:34.171 [pool-4-thread-1] INFO com.openclassrooms.tourguide.service.RewardsService -- Calculate distance between -117.922008/33.817595 and 21.701568147659174/-52.70066500578829
19:48:34.171 [pool-4-thread-1] INFO com.openclassrooms.tourguide.service.RewardsService -- Assign reward points to dd8d5ea3-a412-424c-a74c-a07ea76d0380 for attraction Disneyland
19:48:34.382 [main] INFO com.openclassrooms.tourguide.service.RewardsService -- Checking the user dd8d5ea3-a412-424c-a74c-a07ea76d0380 already get close from Jackson Hole
19:48:34.382 [main] INFO com.openclassrooms.tourguide.service.RewardsService -- Calculate distance between -110.821999/43.582767 and 21.701568147659174/-52.70066500578829
19:48:34.382 [main] INFO com.openclassrooms.tourguide.service.RewardsService -- Assign reward points to dd8d5ea3-a412-424c-a74c-a07ea76d0380 for attraction Jackson Hole
19:48:34.965 [pool-4-thread-1] INFO com.openclassrooms.tourguide.service.RewardsService -- Checking the user dd8d5ea3-a412-424c-a74c-a07ea76d0380 already get close from Jackson Hole
19:48:34.965 [pool-4-thread-1] INFO com.openclassrooms.tourguide.service.RewardsService -- Calculate distance between -110.821999/43.582767 and 21.701568147659174/-52.70066500578829
19:48:34.965 [pool-4-thread-1] INFO com.openclassrooms.tourguide.service.RewardsService -- Assign reward points to dd8d5ea3-a412-424c-a74c-a07ea76d0380 for attraction Jackson Hole
19:48:35.012 [main] INFO com.openclassrooms.tourguide.service.RewardsService -- Checking the user dd8d5ea3-a412-424c-a74c-a07ea76d0380 already get close from Mojave National Preserve
19:48:35.012 [main] INFO com.openclassrooms.tourguide.service.RewardsService -- Calculate distance between -115.510399/35.141689 and 21.701568147659174/-52.70066500578829
19:48:35.012 [main] INFO com.openclassrooms.tourguide.service.RewardsService -- Assign reward points to dd8d5ea3-a412-424c-a74c-a07ea76d0380 for attraction Mojave National Preserve
19:48:35.832 [pool-4-thread-1] INFO com.openclassrooms.tourguide.service.RewardsService -- Checking the user dd8d5ea3-a412-424c-a74c-a07ea76d0380 already get close from Mojave National Preserve
19:48:35.832 [pool-4-thread-1] INFO com.openclassrooms.tourguide.service.RewardsService -- Calculate distance between -115.510399/35.141689 and 21.701568147659174/-52.70066500578829
19:48:35.832 [pool-4-thread-1] INFO com.openclassrooms.tourguide.service.RewardsService -- Assign reward points to dd8d5ea3-a412-424c-a74c-a07ea76d0380 for attraction Mojave National Preserve
19:48:35.849 [main] INFO com.openclassrooms.tourguide.service.RewardsService -- Checking the user dd8d5ea3-a412-424c-a74c-a07ea76d0380 already get close from Joshua Tree National Park
19:48:35.849 [main] INFO com.openclassrooms.tourguide.service.RewardsService -- Calculate distance between -115.90065/33.881866 and 21.701568147659174/-52.70066500578829
19:48:35.849 [main] INFO com.openclassrooms.tourguide.service.RewardsService -- Assign reward points to dd8d5ea3-a412-424c-a74c-a07ea76d0380 for attraction Joshua Tree National Park
19:48:36.168 [pool-4-thread-1] INFO com.openclassrooms.tourguide.service.RewardsService -- Checking the user dd8d5ea3-a412-424c-a74c-a07ea76d0380 already get close from Joshua Tree National Park
19:48:36.168 [pool-4-thread-1] INFO com.openclassrooms.tourguide.service.RewardsService -- Calculate distance between -115.90065/33.881866 and 21.701568147659174/-52.70066500578829
19:48:36.168 [pool-4-thread-1] INFO com.openclassrooms.tourguide.service.RewardsService -- Assign reward points to dd8d5ea3-a412-424c-a74c-a07ea76d0380 for attraction Joshua Tree National Park
19:48:36.488 [main] INFO com.openclassrooms.tourguide.service.RewardsService -- Checking the user dd8d5ea3-a412-424c-a74c-a07ea76d0380 already get close from Buffalo National River
19:48:36.488 [main] INFO com.openclassrooms.tourguide.service.RewardsService -- Calculate distance between -92.757652/35.985512 and 21.701568147659174/-52.70066500578829
19:48:36.488 [main] INFO com.openclassrooms.tourguide.service.RewardsService -- Assign reward points to dd8d5ea3-a412-424c-a74c-a07ea76d0380 for attraction Buffalo National River
19:48:36.945 [pool-4-thread-1] INFO com.openclassrooms.tourguide.service.RewardsService -- Checking the user dd8d5ea3-a412-424c-a74c-a07ea76d0380 already get close from Buffalo National River
19:48:36.945 [pool-4-thread-1] INFO com.openclassrooms.tourguide.service.RewardsService -- Calculate distance between -92.757652/35.985512 and 21.701568147659174/-52.70066500578829
19:48:36.945 [pool-4-thread-1] INFO com.openclassrooms.tourguide.service.RewardsService -- Assign reward points to dd8d5ea3-a412-424c-a74c-a07ea76d0380 for attraction Buffalo National River
19:48:37.313 [main] INFO com.openclassrooms.tourguide.service.RewardsService -- Checking the user dd8d5ea3-a412-424c-a74c-a07ea76d0380 already get close from Hot Springs National Park
19:48:37.313 [main] INFO com.openclassrooms.tourguide.service.RewardsService -- Calculate distance between -93.042267/34.52153 and 21.701568147659174/-52.70066500578829
19:48:37.313 [main] INFO com.openclassrooms.tourguide.service.RewardsService -- Assign reward points to dd8d5ea3-a412-424c-a74c-a07ea76d0380 for attraction Hot Springs National Park
19:48:37.522 [pool-4-thread-1] INFO com.openclassrooms.tourguide.service.RewardsService -- Checking the user dd8d5ea3-a412-424c-a74c-a07ea76d0380 already get close from Hot Springs National Park
19:48:37.522 [pool-4-thread-1] INFO com.openclassrooms.tourguide.service.RewardsService -- Calculate distance between -93.042267/34.52153 and 21.701568147659174/-52.70066500578829
19:48:37.522 [pool-4-thread-1] INFO com.openclassrooms.tourguide.service.RewardsService -- Assign reward points to dd8d5ea3-a412-424c-a74c-a07ea76d0380 for attraction Hot Springs National Park
19:48:37.884 [main] INFO com.openclassrooms.tourguide.service.RewardsService -- Checking the user dd8d5ea3-a412-424c-a74c-a07ea76d0380 already get close from Kartchner Caverns State Park
19:48:37.884 [main] INFO com.openclassrooms.tourguide.service.RewardsService -- Calculate distance between -110.347382/31.837551 and 21.701568147659174/-52.70066500578829
19:48:37.884 [main] INFO com.openclassrooms.tourguide.service.RewardsService -- Assign reward points to dd8d5ea3-a412-424c-a74c-a07ea76d0380 for attraction Kartchner Caverns State Park
19:48:37.958 [main] INFO com.openclassrooms.tourguide.service.RewardsService -- Checking the user dd8d5ea3-a412-424c-a74c-a07ea76d0380 already get close from Legend Valley
19:48:37.958 [main] INFO com.openclassrooms.tourguide.service.RewardsService -- Calculate distance between -82.40667/39.937778 and 21.701568147659174/-52.70066500578829
19:48:37.958 [main] INFO com.openclassrooms.tourguide.service.RewardsService -- Assign reward points to dd8d5ea3-a412-424c-a74c-a07ea76d0380 for attraction Legend Valley
19:48:38.037 [pool-4-thread-1] INFO com.openclassrooms.tourguide.service.RewardsService -- Checking the user dd8d5ea3-a412-424c-a74c-a07ea76d0380 already get close from Kartchner Caverns State Park
19:48:38.037 [pool-4-thread-1] INFO com.openclassrooms.tourguide.service.RewardsService -- Calculate distance between -110.347382/31.837551 and 21.701568147659174/-52.70066500578829
19:48:38.037 [pool-4-thread-1] INFO com.openclassrooms.tourguide.service.RewardsService -- Assign reward points to dd8d5ea3-a412-424c-a74c-a07ea76d0380 for attraction Kartchner Caverns State Park
19:48:38.753 [pool-4-thread-1] INFO com.openclassrooms.tourguide.service.RewardsService -- Checking the user dd8d5ea3-a412-424c-a74c-a07ea76d0380 already get close from Legend Valley
19:48:38.753 [pool-4-thread-1] INFO com.openclassrooms.tourguide.service.RewardsService -- Calculate distance between -82.40667/39.937778 and 21.701568147659174/-52.70066500578829
19:48:38.753 [pool-4-thread-1] INFO com.openclassrooms.tourguide.service.RewardsService -- Assign reward points to dd8d5ea3-a412-424c-a74c-a07ea76d0380 for attraction Legend Valley
19:48:38.923 [main] INFO com.openclassrooms.tourguide.service.RewardsService -- Checking the user dd8d5ea3-a412-424c-a74c-a07ea76d0380 already get close from Flowers Bakery of London
19:48:38.923 [main] INFO com.openclassrooms.tourguide.service.RewardsService -- Calculate distance between -84.07486/37.131527 and 21.701568147659174/-52.70066500578829
19:48:38.923 [main] INFO com.openclassrooms.tourguide.service.RewardsService -- Assign reward points to dd8d5ea3-a412-424c-a74c-a07ea76d0380 for attraction Flowers Bakery of London
19:48:39.199 [main] INFO com.openclassrooms.tourguide.service.RewardsService -- Checking the user dd8d5ea3-a412-424c-a74c-a07ea76d0380 already get close from McKinley Tower
19:48:39.199 [main] INFO com.openclassrooms.tourguide.service.RewardsService -- Calculate distance between -149.877502/61.218887 and 21.701568147659174/-52.70066500578829
19:48:39.199 [main] INFO com.openclassrooms.tourguide.service.RewardsService -- Assign reward points to dd8d5ea3-a412-424c-a74c-a07ea76d0380 for attraction McKinley Tower
19:48:39.249 [pool-4-thread-1] INFO com.openclassrooms.tourguide.service.RewardsService -- Checking the user dd8d5ea3-a412-424c-a74c-a07ea76d0380 already get close from Flowers Bakery of London
19:48:39.249 [pool-4-thread-1] INFO com.openclassrooms.tourguide.service.RewardsService -- Calculate distance between -84.07486/37.131527 and 21.701568147659174/-52.70066500578829
19:48:39.249 [pool-4-thread-1] INFO com.openclassrooms.tourguide.service.RewardsService -- Assign reward points to dd8d5ea3-a412-424c-a74c-a07ea76d0380 for attraction Flowers Bakery of London
19:48:39.288 [pool-4-thread-1] INFO com.openclassrooms.tourguide.service.RewardsService -- Checking the user dd8d5ea3-a412-424c-a74c-a07ea76d0380 already get close from McKinley Tower
19:48:39.288 [pool-4-thread-1] INFO com.openclassrooms.tourguide.service.RewardsService -- Calculate distance between -149.877502/61.218887 and 21.701568147659174/-52.70066500578829
19:48:39.288 [pool-4-thread-1] INFO com.openclassrooms.tourguide.service.RewardsService -- Assign reward points to dd8d5ea3-a412-424c-a74c-a07ea76d0380 for attraction McKinley Tower
19:48:39.341 [main] INFO com.openclassrooms.tourguide.service.RewardsService -- Checking the user dd8d5ea3-a412-424c-a74c-a07ea76d0380 already get close from Flatiron Building
19:48:39.341 [main] INFO com.openclassrooms.tourguide.service.RewardsService -- Calculate distance between -73.989723/40.741112 and 21.701568147659174/-52.70066500578829
19:48:39.341 [main] INFO com.openclassrooms.tourguide.service.RewardsService -- Assign reward points to dd8d5ea3-a412-424c-a74c-a07ea76d0380 for attraction Flatiron Building
19:48:39.847 [pool-4-thread-1] INFO com.openclassrooms.tourguide.service.RewardsService -- Checking the user dd8d5ea3-a412-424c-a74c-a07ea76d0380 already get close from Flatiron Building
19:48:39.847 [pool-4-thread-1] INFO com.openclassrooms.tourguide.service.RewardsService -- Calculate distance between -73.989723/40.741112 and 21.701568147659174/-52.70066500578829
19:48:39.847 [pool-4-thread-1] INFO com.openclassrooms.tourguide.service.RewardsService -- Assign reward points to dd8d5ea3-a412-424c-a74c-a07ea76d0380 for attraction Flatiron Building
19:48:40.164 [main] INFO com.openclassrooms.tourguide.service.RewardsService -- Checking the user dd8d5ea3-a412-424c-a74c-a07ea76d0380 already get close from Fallingwater
19:48:40.164 [main] INFO com.openclassrooms.tourguide.service.RewardsService -- Calculate distance between -79.468056/39.906113 and 21.701568147659174/-52.70066500578829
19:48:40.164 [main] INFO com.openclassrooms.tourguide.service.RewardsService -- Assign reward points to dd8d5ea3-a412-424c-a74c-a07ea76d0380 for attraction Fallingwater
19:48:40.702 [pool-4-thread-1] INFO com.openclassrooms.tourguide.service.RewardsService -- Checking the user dd8d5ea3-a412-424c-a74c-a07ea76d0380 already get close from Fallingwater
19:48:40.702 [pool-4-thread-1] INFO com.openclassrooms.tourguide.service.RewardsService -- Calculate distance between -79.468056/39.906113 and 21.701568147659174/-52.70066500578829
19:48:40.702 [pool-4-thread-1] INFO com.openclassrooms.tourguide.service.RewardsService -- Assign reward points to dd8d5ea3-a412-424c-a74c-a07ea76d0380 for attraction Fallingwater
19:48:40.868 [pool-4-thread-1] INFO com.openclassrooms.tourguide.service.RewardsService -- Checking the user dd8d5ea3-a412-424c-a74c-a07ea76d0380 already get close from Union Station
19:48:40.868 [pool-4-thread-1] INFO com.openclassrooms.tourguide.service.RewardsService -- Calculate distance between -77.006332/38.897095 and 21.701568147659174/-52.70066500578829
19:48:40.868 [pool-4-thread-1] INFO com.openclassrooms.tourguide.service.RewardsService -- Assign reward points to dd8d5ea3-a412-424c-a74c-a07ea76d0380 for attraction Union Station
19:48:40.903 [main] INFO com.openclassrooms.tourguide.service.RewardsService -- Checking the user dd8d5ea3-a412-424c-a74c-a07ea76d0380 already get close from Union Station
19:48:40.903 [main] INFO com.openclassrooms.tourguide.service.RewardsService -- Calculate distance between -77.006332/38.897095 and 21.701568147659174/-52.70066500578829
19:48:40.903 [main] INFO com.openclassrooms.tourguide.service.RewardsService -- Assign reward points to dd8d5ea3-a412-424c-a74c-a07ea76d0380 for attraction Union Station
19:48:41.032 [pool-4-thread-1] INFO com.openclassrooms.tourguide.service.RewardsService -- Checking the user dd8d5ea3-a412-424c-a74c-a07ea76d0380 already get close from Roger Dean Stadium
19:48:41.032 [pool-4-thread-1] INFO com.openclassrooms.tourguide.service.RewardsService -- Calculate distance between -80.116577/26.890959 and 21.701568147659174/-52.70066500578829
19:48:41.032 [pool-4-thread-1] INFO com.openclassrooms.tourguide.service.RewardsService -- Assign reward points to dd8d5ea3-a412-424c-a74c-a07ea76d0380 for attraction Roger Dean Stadium
19:48:41.205 [pool-4-thread-1] INFO com.openclassrooms.tourguide.service.RewardsService -- Checking the user dd8d5ea3-a412-424c-a74c-a07ea76d0380 already get close from Texas Memorial Stadium
19:48:41.205 [pool-4-thread-1] INFO com.openclassrooms.tourguide.service.RewardsService -- Calculate distance between -97.732536/30.283682 and 21.701568147659174/-52.70066500578829
19:48:41.205 [pool-4-thread-1] INFO com.openclassrooms.tourguide.service.RewardsService -- Assign reward points to dd8d5ea3-a412-424c-a74c-a07ea76d0380 for attraction Texas Memorial Stadium
19:48:41.277 [pool-4-thread-1] INFO com.openclassrooms.tourguide.service.RewardsService -- Checking the user dd8d5ea3-a412-424c-a74c-a07ea76d0380 already get close from Bryant-Denny Stadium
19:48:41.277 [pool-4-thread-1] INFO com.openclassrooms.tourguide.service.RewardsService -- Calculate distance between -87.550438/33.208973 and 21.701568147659174/-52.70066500578829
19:48:41.277 [pool-4-thread-1] INFO com.openclassrooms.tourguide.service.RewardsService -- Assign reward points to dd8d5ea3-a412-424c-a74c-a07ea76d0380 for attraction Bryant-Denny Stadium
19:48:41.415 [main] INFO com.openclassrooms.tourguide.service.RewardsService -- Checking the user dd8d5ea3-a412-424c-a74c-a07ea76d0380 already get close from Roger Dean Stadium
19:48:41.415 [main] INFO com.openclassrooms.tourguide.service.RewardsService -- Calculate distance between -80.116577/26.890959 and 21.701568147659174/-52.70066500578829
19:48:41.415 [main] INFO com.openclassrooms.tourguide.service.RewardsService -- Assign reward points to dd8d5ea3-a412-424c-a74c-a07ea76d0380 for attraction Roger Dean Stadium
19:48:42.111 [pool-4-thread-1] INFO com.openclassrooms.tourguide.service.RewardsService -- Checking the user dd8d5ea3-a412-424c-a74c-a07ea76d0380 already get close from Tiger Stadium
19:48:42.111 [pool-4-thread-1] INFO com.openclassrooms.tourguide.service.RewardsService -- Calculate distance between -91.183815/30.412035 and 21.701568147659174/-52.70066500578829
19:48:42.111 [pool-4-thread-1] INFO com.openclassrooms.tourguide.service.RewardsService -- Assign reward points to dd8d5ea3-a412-424c-a74c-a07ea76d0380 for attraction Tiger Stadium
19:48:42.338 [main] INFO com.openclassrooms.tourguide.service.RewardsService -- Checking the user dd8d5ea3-a412-424c-a74c-a07ea76d0380 already get close from Texas Memorial Stadium
19:48:42.338 [main] INFO com.openclassrooms.tourguide.service.RewardsService -- Calculate distance between -97.732536/30.283682 and 21.701568147659174/-52.70066500578829
19:48:42.338 [main] INFO com.openclassrooms.tourguide.service.RewardsService -- Assign reward points to dd8d5ea3-a412-424c-a74c-a07ea76d0380 for attraction Texas Memorial Stadium
19:48:42.915 [main] INFO com.openclassrooms.tourguide.service.RewardsService -- Checking the user dd8d5ea3-a412-424c-a74c-a07ea76d0380 already get close from Bryant-Denny Stadium
19:48:42.915 [main] INFO com.openclassrooms.tourguide.service.RewardsService -- Calculate distance between -87.550438/33.208973 and 21.701568147659174/-52.70066500578829
19:48:42.915 [main] INFO com.openclassrooms.tourguide.service.RewardsService -- Assign reward points to dd8d5ea3-a412-424c-a74c-a07ea76d0380 for attraction Bryant-Denny Stadium
19:48:42.959 [pool-4-thread-1] INFO com.openclassrooms.tourguide.service.RewardsService -- Checking the user dd8d5ea3-a412-424c-a74c-a07ea76d0380 already get close from Neyland Stadium
19:48:42.959 [pool-4-thread-1] INFO com.openclassrooms.tourguide.service.RewardsService -- Calculate distance between -83.925011/35.955013 and 21.701568147659174/-52.70066500578829
19:48:42.959 [pool-4-thread-1] INFO com.openclassrooms.tourguide.service.RewardsService -- Assign reward points to dd8d5ea3-a412-424c-a74c-a07ea76d0380 for attraction Neyland Stadium
19:48:43.095 [main] INFO com.openclassrooms.tourguide.service.RewardsService -- Checking the user dd8d5ea3-a412-424c-a74c-a07ea76d0380 already get close from Tiger Stadium
19:48:43.095 [main] INFO com.openclassrooms.tourguide.service.RewardsService -- Calculate distance between -91.183815/30.412035 and 21.701568147659174/-52.70066500578829
19:48:43.095 [main] INFO com.openclassrooms.tourguide.service.RewardsService -- Assign reward points to dd8d5ea3-a412-424c-a74c-a07ea76d0380 for attraction Tiger Stadium
19:48:43.334 [main] INFO com.openclassrooms.tourguide.service.RewardsService -- Checking the user dd8d5ea3-a412-424c-a74c-a07ea76d0380 already get close from Neyland Stadium
19:48:43.334 [main] INFO com.openclassrooms.tourguide.service.RewardsService -- Calculate distance between -83.925011/35.955013 and 21.701568147659174/-52.70066500578829
19:48:43.334 [main] INFO com.openclassrooms.tourguide.service.RewardsService -- Assign reward points to dd8d5ea3-a412-424c-a74c-a07ea76d0380 for attraction Neyland Stadium
19:48:43.611 [pool-4-thread-1] INFO com.openclassrooms.tourguide.service.RewardsService -- Checking the user dd8d5ea3-a412-424c-a74c-a07ea76d0380 already get close from Kyle Field
19:48:43.611 [pool-4-thread-1] INFO com.openclassrooms.tourguide.service.RewardsService -- Calculate distance between -96.339844/30.61025 and 21.701568147659174/-52.70066500578829
19:48:43.611 [pool-4-thread-1] INFO com.openclassrooms.tourguide.service.RewardsService -- Assign reward points to dd8d5ea3-a412-424c-a74c-a07ea76d0380 for attraction Kyle Field
19:48:43.764 [main] INFO com.openclassrooms.tourguide.service.RewardsService -- Checking the user dd8d5ea3-a412-424c-a74c-a07ea76d0380 already get close from Kyle Field
19:48:43.764 [main] INFO com.openclassrooms.tourguide.service.RewardsService -- Calculate distance between -96.339844/30.61025 and 21.701568147659174/-52.70066500578829
19:48:43.764 [main] INFO com.openclassrooms.tourguide.service.RewardsService -- Assign reward points to dd8d5ea3-a412-424c-a74c-a07ea76d0380 for attraction Kyle Field
19:48:44.018 [main] INFO com.openclassrooms.tourguide.service.RewardsService -- Checking the user dd8d5ea3-a412-424c-a74c-a07ea76d0380 already get close from San Diego Zoo
19:48:44.018 [main] INFO com.openclassrooms.tourguide.service.RewardsService -- Calculate distance between -117.149048/32.735317 and 21.701568147659174/-52.70066500578829
19:48:44.018 [main] INFO com.openclassrooms.tourguide.service.RewardsService -- Assign reward points to dd8d5ea3-a412-424c-a74c-a07ea76d0380 for attraction San Diego Zoo
19:48:44.264 [pool-4-thread-1] INFO com.openclassrooms.tourguide.service.RewardsService -- Checking the user dd8d5ea3-a412-424c-a74c-a07ea76d0380 already get close from San Diego Zoo
19:48:44.264 [pool-4-thread-1] INFO com.openclassrooms.tourguide.service.RewardsService -- Calculate distance between -117.149048/32.735317 and 21.701568147659174/-52.70066500578829
19:48:44.264 [pool-4-thread-1] INFO com.openclassrooms.tourguide.service.RewardsService -- Assign reward points to dd8d5ea3-a412-424c-a74c-a07ea76d0380 for attraction San Diego Zoo
19:48:44.397 [main] INFO com.openclassrooms.tourguide.service.RewardsService -- Checking the user dd8d5ea3-a412-424c-a74c-a07ea76d0380 already get close from Zoo Tampa at Lowry Park
19:48:44.397 [main] INFO com.openclassrooms.tourguide.service.RewardsService -- Calculate distance between -82.469269/28.012804 and 21.701568147659174/-52.70066500578829
19:48:44.397 [main] INFO com.openclassrooms.tourguide.service.RewardsService -- Assign reward points to dd8d5ea3-a412-424c-a74c-a07ea76d0380 for attraction Zoo Tampa at Lowry Park
19:48:44.410 [main] INFO com.openclassrooms.tourguide.service.RewardsService -- Checking the user dd8d5ea3-a412-424c-a74c-a07ea76d0380 already get close from Franklin Park Zoo
19:48:44.410 [main] INFO com.openclassrooms.tourguide.service.RewardsService -- Calculate distance between -71.086731/42.302601 and 21.701568147659174/-52.70066500578829
19:48:44.410 [main] INFO com.openclassrooms.tourguide.service.RewardsService -- Assign reward points to dd8d5ea3-a412-424c-a74c-a07ea76d0380 for attraction Franklin Park Zoo
19:48:44.856 [main] INFO com.openclassrooms.tourguide.service.RewardsService -- Checking the user dd8d5ea3-a412-424c-a74c-a07ea76d0380 already get close from El Paso Zoo
19:48:44.856 [main] INFO com.openclassrooms.tourguide.service.RewardsService -- Calculate distance between -106.44487/31.769125 and 21.701568147659174/-52.70066500578829
19:48:44.856 [main] INFO com.openclassrooms.tourguide.service.RewardsService -- Assign reward points to dd8d5ea3-a412-424c-a74c-a07ea76d0380 for attraction El Paso Zoo
19:48:45.049 [pool-4-thread-1] INFO com.openclassrooms.tourguide.service.RewardsService -- Checking the user dd8d5ea3-a412-424c-a74c-a07ea76d0380 already get close from Zoo Tampa at Lowry Park
19:48:45.049 [pool-4-thread-1] INFO com.openclassrooms.tourguide.service.RewardsService -- Calculate distance between -82.469269/28.012804 and 21.701568147659174/-52.70066500578829
19:48:45.049 [pool-4-thread-1] INFO com.openclassrooms.tourguide.service.RewardsService -- Assign reward points to dd8d5ea3-a412-424c-a74c-a07ea76d0380 for attraction Zoo Tampa at Lowry Park
19:48:45.616 [main] INFO com.openclassrooms.tourguide.service.RewardsService -- Checking the user dd8d5ea3-a412-424c-a74c-a07ea76d0380 already get close from Kansas City Zoo
19:48:45.616 [main] INFO com.openclassrooms.tourguide.service.RewardsService -- Calculate distance between -94.529625/39.007504 and 21.701568147659174/-52.70066500578829
19:48:45.616 [main] INFO com.openclassrooms.tourguide.service.RewardsService -- Assign reward points to dd8d5ea3-a412-424c-a74c-a07ea76d0380 for attraction Kansas City Zoo
19:48:46.044 [pool-4-thread-1] INFO com.openclassrooms.tourguide.service.RewardsService -- Checking the user dd8d5ea3-a412-424c-a74c-a07ea76d0380 already get close from Franklin Park Zoo
19:48:46.044 [pool-4-thread-1] INFO com.openclassrooms.tourguide.service.RewardsService -- Calculate distance between -71.086731/42.302601 and 21.701568147659174/-52.70066500578829
19:48:46.044 [pool-4-thread-1] INFO com.openclassrooms.tourguide.service.RewardsService -- Assign reward points to dd8d5ea3-a412-424c-a74c-a07ea76d0380 for attraction Franklin Park Zoo
19:48:46.169 [main] INFO com.openclassrooms.tourguide.service.RewardsService -- Checking the user dd8d5ea3-a412-424c-a74c-a07ea76d0380 already get close from Bronx Zoo
19:48:46.169 [main] INFO com.openclassrooms.tourguide.service.RewardsService -- Calculate distance between -73.872971/40.852905 and 21.701568147659174/-52.70066500578829
19:48:46.169 [main] INFO com.openclassrooms.tourguide.service.RewardsService -- Assign reward points to dd8d5ea3-a412-424c-a74c-a07ea76d0380 for attraction Bronx Zoo
19:48:46.238 [main] INFO com.openclassrooms.tourguide.service.RewardsService -- Checking the user dd8d5ea3-a412-424c-a74c-a07ea76d0380 already get close from Cinderella Castle
19:48:46.238 [main] INFO com.openclassrooms.tourguide.service.RewardsService -- Calculate distance between -81.5812/28.419411 and 21.701568147659174/-52.70066500578829
19:48:46.238 [main] INFO com.openclassrooms.tourguide.service.RewardsService -- Assign reward points to dd8d5ea3-a412-424c-a74c-a07ea76d0380 for attraction Cinderella Castle
19:48:46.830 [pool-4-thread-1] INFO com.openclassrooms.tourguide.service.RewardsService -- Checking the user dd8d5ea3-a412-424c-a74c-a07ea76d0380 already get close from El Paso Zoo
19:48:46.830 [pool-4-thread-1] INFO com.openclassrooms.tourguide.service.RewardsService -- Calculate distance between -106.44487/31.769125 and 21.701568147659174/-52.70066500578829
19:48:46.830 [pool-4-thread-1] INFO com.openclassrooms.tourguide.service.RewardsService -- Assign reward points to dd8d5ea3-a412-424c-a74c-a07ea76d0380 for attraction El Paso Zoo
19:48:47.018 [main] INFO com.openclassrooms.tourguide.service.RewardsService -- Checking the user dd8d5ea3-a412-424c-a74c-a07ea76d0380 already get close from Disneyland
19:48:47.018 [main] INFO com.openclassrooms.tourguide.service.RewardsService -- Calculate distance between -117.922008/33.817595 and 11.841383121932608/-73.06565463482116
19:48:47.018 [main] INFO com.openclassrooms.tourguide.service.RewardsService -- Assign reward points to dd8d5ea3-a412-424c-a74c-a07ea76d0380 for attraction Disneyland
19:48:47.300 [pool-4-thread-1] INFO com.openclassrooms.tourguide.service.RewardsService -- Checking the user dd8d5ea3-a412-424c-a74c-a07ea76d0380 already get close from Kansas City Zoo
19:48:47.300 [pool-4-thread-1] INFO com.openclassrooms.tourguide.service.RewardsService -- Calculate distance between -94.529625/39.007504 and 21.701568147659174/-52.70066500578829
19:48:47.300 [pool-4-thread-1] INFO com.openclassrooms.tourguide.service.RewardsService -- Assign reward points to dd8d5ea3-a412-424c-a74c-a07ea76d0380 for attraction Kansas City Zoo
19:48:47.319 [pool-4-thread-1] INFO com.openclassrooms.tourguide.service.RewardsService -- Checking the user dd8d5ea3-a412-424c-a74c-a07ea76d0380 already get close from Bronx Zoo
19:48:47.319 [pool-4-thread-1] INFO com.openclassrooms.tourguide.service.RewardsService -- Calculate distance between -73.872971/40.852905 and 21.701568147659174/-52.70066500578829
19:48:47.319 [pool-4-thread-1] INFO com.openclassrooms.tourguide.service.RewardsService -- Assign reward points to dd8d5ea3-a412-424c-a74c-a07ea76d0380 for attraction Bronx Zoo
19:48:47.728 [main] INFO com.openclassrooms.tourguide.service.RewardsService -- Checking the user dd8d5ea3-a412-424c-a74c-a07ea76d0380 already get close from Jackson Hole
19:48:47.728 [main] INFO com.openclassrooms.tourguide.service.RewardsService -- Calculate distance between -110.821999/43.582767 and 11.841383121932608/-73.06565463482116
19:48:47.728 [main] INFO com.openclassrooms.tourguide.service.RewardsService -- Assign reward points to dd8d5ea3-a412-424c-a74c-a07ea76d0380 for attraction Jackson Hole
19:48:47.788 [main] INFO com.openclassrooms.tourguide.service.RewardsService -- Checking the user dd8d5ea3-a412-424c-a74c-a07ea76d0380 already get close from Mojave National Preserve
19:48:47.788 [main] INFO com.openclassrooms.tourguide.service.RewardsService -- Calculate distance between -115.510399/35.141689 and 11.841383121932608/-73.06565463482116
19:48:47.788 [main] INFO com.openclassrooms.tourguide.service.RewardsService -- Assign reward points to dd8d5ea3-a412-424c-a74c-a07ea76d0380 for attraction Mojave National Preserve
19:48:48.102 [pool-4-thread-1] INFO com.openclassrooms.tourguide.service.RewardsService -- Checking the user dd8d5ea3-a412-424c-a74c-a07ea76d0380 already get close from Cinderella Castle
19:48:48.102 [pool-4-thread-1] INFO com.openclassrooms.tourguide.service.RewardsService -- Calculate distance between -81.5812/28.419411 and 21.701568147659174/-52.70066500578829
19:48:48.102 [pool-4-thread-1] INFO com.openclassrooms.tourguide.service.RewardsService -- Assign reward points to dd8d5ea3-a412-424c-a74c-a07ea76d0380 for attraction Cinderella Castle
19:48:48.341 [pool-4-thread-1] INFO com.openclassrooms.tourguide.service.RewardsService -- Checking the user dd8d5ea3-a412-424c-a74c-a07ea76d0380 already get close from Disneyland
19:48:48.341 [pool-4-thread-1] INFO com.openclassrooms.tourguide.service.RewardsService -- Calculate distance between -117.922008/33.817595 and 11.841383121932608/-73.06565463482116
19:48:48.341 [pool-4-thread-1] INFO com.openclassrooms.tourguide.service.RewardsService -- Assign reward points to dd8d5ea3-a412-424c-a74c-a07ea76d0380 for attraction Disneyland
19:48:48.490 [main] INFO com.openclassrooms.tourguide.service.RewardsService -- Checking the user dd8d5ea3-a412-424c-a74c-a07ea76d0380 already get close from Joshua Tree National Park
19:48:48.490 [main] INFO com.openclassrooms.tourguide.service.RewardsService -- Calculate distance between -115.90065/33.881866 and 11.841383121932608/-73.06565463482116
19:48:48.490 [main] INFO com.openclassrooms.tourguide.service.RewardsService -- Assign reward points to dd8d5ea3-a412-424c-a74c-a07ea76d0380 for attraction Joshua Tree National Park
19:48:48.634 [main] INFO com.openclassrooms.tourguide.service.RewardsService -- Checking the user dd8d5ea3-a412-424c-a74c-a07ea76d0380 already get close from Buffalo National River
19:48:48.634 [main] INFO com.openclassrooms.tourguide.service.RewardsService -- Calculate distance between -92.757652/35.985512 and 11.841383121932608/-73.06565463482116
19:48:48.634 [main] INFO com.openclassrooms.tourguide.service.RewardsService -- Assign reward points to dd8d5ea3-a412-424c-a74c-a07ea76d0380 for attraction Buffalo National River
19:48:48.744 [pool-4-thread-1] INFO com.openclassrooms.tourguide.service.RewardsService -- Checking the user dd8d5ea3-a412-424c-a74c-a07ea76d0380 already get close from Jackson Hole
19:48:48.744 [pool-4-thread-1] INFO com.openclassrooms.tourguide.service.RewardsService -- Calculate distance between -110.821999/43.582767 and 11.841383121932608/-73.06565463482116
19:48:48.744 [pool-4-thread-1] INFO com.openclassrooms.tourguide.service.RewardsService -- Assign reward points to dd8d5ea3-a412-424c-a74c-a07ea76d0380 for attraction Jackson Hole
19:48:49.132 [main] INFO com.openclassrooms.tourguide.service.RewardsService -- Checking the user dd8d5ea3-a412-424c-a74c-a07ea76d0380 already get close from Hot Springs National Park
19:48:49.132 [main] INFO com.openclassrooms.tourguide.service.RewardsService -- Calculate distance between -93.042267/34.52153 and 11.841383121932608/-73.06565463482116
19:48:49.132 [main] INFO com.openclassrooms.tourguide.service.RewardsService -- Assign reward points to dd8d5ea3-a412-424c-a74c-a07ea76d0380 for attraction Hot Springs National Park
19:48:49.200 [pool-4-thread-1] INFO com.openclassrooms.tourguide.service.RewardsService -- Checking the user dd8d5ea3-a412-424c-a74c-a07ea76d0380 already get close from Mojave National Preserve
19:48:49.200 [pool-4-thread-1] INFO com.openclassrooms.tourguide.service.RewardsService -- Calculate distance between -115.510399/35.141689 and 11.841383121932608/-73.06565463482116
19:48:49.200 [pool-4-thread-1] INFO com.openclassrooms.tourguide.service.RewardsService -- Assign reward points to dd8d5ea3-a412-424c-a74c-a07ea76d0380 for attraction Mojave National Preserve
19:48:49.559 [pool-4-thread-1] INFO com.openclassrooms.tourguide.service.RewardsService -- Checking the user dd8d5ea3-a412-424c-a74c-a07ea76d0380 already get close from Joshua Tree National Park
19:48:49.559 [pool-4-thread-1] INFO com.openclassrooms.tourguide.service.RewardsService -- Calculate distance between -115.90065/33.881866 and 11.841383121932608/-73.06565463482116
19:48:49.559 [pool-4-thread-1] INFO com.openclassrooms.tourguide.service.RewardsService -- Assign reward points to dd8d5ea3-a412-424c-a74c-a07ea76d0380 for attraction Joshua Tree National Park
19:48:49.766 [pool-4-thread-1] INFO com.openclassrooms.tourguide.service.RewardsService -- Checking the user dd8d5ea3-a412-424c-a74c-a07ea76d0380 already get close from Buffalo National River
19:48:49.766 [pool-4-thread-1] INFO com.openclassrooms.tourguide.service.RewardsService -- Calculate distance between -92.757652/35.985512 and 11.841383121932608/-73.06565463482116
19:48:49.766 [pool-4-thread-1] INFO com.openclassrooms.tourguide.service.RewardsService -- Assign reward points to dd8d5ea3-a412-424c-a74c-a07ea76d0380 for attraction Buffalo National River
19:48:49.849 [main] INFO com.openclassrooms.tourguide.service.RewardsService -- Checking the user dd8d5ea3-a412-424c-a74c-a07ea76d0380 already get close from Kartchner Caverns State Park
19:48:49.849 [main] INFO com.openclassrooms.tourguide.service.RewardsService -- Calculate distance between -110.347382/31.837551 and 11.841383121932608/-73.06565463482116
19:48:49.849 [main] INFO com.openclassrooms.tourguide.service.RewardsService -- Assign reward points to dd8d5ea3-a412-424c-a74c-a07ea76d0380 for attraction Kartchner Caverns State Park
19:48:50.138 [pool-4-thread-1] INFO com.openclassrooms.tourguide.service.RewardsService -- Checking the user dd8d5ea3-a412-424c-a74c-a07ea76d0380 already get close from Hot Springs National Park
19:48:50.138 [pool-4-thread-1] INFO com.openclassrooms.tourguide.service.RewardsService -- Calculate distance between -93.042267/34.52153 and 11.841383121932608/-73.06565463482116
19:48:50.138 [pool-4-thread-1] INFO com.openclassrooms.tourguide.service.RewardsService -- Assign reward points to dd8d5ea3-a412-424c-a74c-a07ea76d0380 for attraction Hot Springs National Park
19:48:50.565 [main] INFO com.openclassrooms.tourguide.service.RewardsService -- Checking the user dd8d5ea3-a412-424c-a74c-a07ea76d0380 already get close from Legend Valley
19:48:50.565 [main] INFO com.openclassrooms.tourguide.service.RewardsService -- Calculate distance between -82.40667/39.937778 and 11.841383121932608/-73.06565463482116
19:48:50.565 [main] INFO com.openclassrooms.tourguide.service.RewardsService -- Assign reward points to dd8d5ea3-a412-424c-a74c-a07ea76d0380 for attraction Legend Valley
19:48:50.921 [main] INFO com.openclassrooms.tourguide.service.RewardsService -- Checking the user dd8d5ea3-a412-424c-a74c-a07ea76d0380 already get close from Flowers Bakery of London
19:48:50.921 [main] INFO com.openclassrooms.tourguide.service.RewardsService -- Calculate distance between -84.07486/37.131527 and 11.841383121932608/-73.06565463482116
19:48:50.921 [main] INFO com.openclassrooms.tourguide.service.RewardsService -- Assign reward points to dd8d5ea3-a412-424c-a74c-a07ea76d0380 for attraction Flowers Bakery of London
19:48:50.960 [pool-4-thread-1] INFO com.openclassrooms.tourguide.service.RewardsService -- Checking the user dd8d5ea3-a412-424c-a74c-a07ea76d0380 already get close from Kartchner Caverns State Park
19:48:50.960 [pool-4-thread-1] INFO com.openclassrooms.tourguide.service.RewardsService -- Calculate distance between -110.347382/31.837551 and 11.841383121932608/-73.06565463482116
19:48:50.960 [pool-4-thread-1] INFO com.openclassrooms.tourguide.service.RewardsService -- Assign reward points to dd8d5ea3-a412-424c-a74c-a07ea76d0380 for attraction Kartchner Caverns State Park
19:48:51.613 [pool-4-thread-1] INFO com.openclassrooms.tourguide.service.RewardsService -- Checking the user dd8d5ea3-a412-424c-a74c-a07ea76d0380 already get close from Legend Valley
19:48:51.613 [pool-4-thread-1] INFO com.openclassrooms.tourguide.service.RewardsService -- Calculate distance between -82.40667/39.937778 and 11.841383121932608/-73.06565463482116
19:48:51.613 [pool-4-thread-1] INFO com.openclassrooms.tourguide.service.RewardsService -- Assign reward points to dd8d5ea3-a412-424c-a74c-a07ea76d0380 for attraction Legend Valley
19:48:51.782 [pool-4-thread-1] INFO com.openclassrooms.tourguide.service.RewardsService -- Checking the user dd8d5ea3-a412-424c-a74c-a07ea76d0380 already get close from Flowers Bakery of London
19:48:51.782 [pool-4-thread-1] INFO com.openclassrooms.tourguide.service.RewardsService -- Calculate distance between -84.07486/37.131527 and 11.841383121932608/-73.06565463482116
19:48:51.782 [pool-4-thread-1] INFO com.openclassrooms.tourguide.service.RewardsService -- Assign reward points to dd8d5ea3-a412-424c-a74c-a07ea76d0380 for attraction Flowers Bakery of London
19:48:51.798 [main] INFO com.openclassrooms.tourguide.service.RewardsService -- Checking the user dd8d5ea3-a412-424c-a74c-a07ea76d0380 already get close from McKinley Tower
19:48:51.798 [main] INFO com.openclassrooms.tourguide.service.RewardsService -- Calculate distance between -149.877502/61.218887 and 11.841383121932608/-73.06565463482116
19:48:51.798 [main] INFO com.openclassrooms.tourguide.service.RewardsService -- Assign reward points to dd8d5ea3-a412-424c-a74c-a07ea76d0380 for attraction McKinley Tower
19:48:51.952 [main] INFO com.openclassrooms.tourguide.service.RewardsService -- Checking the user dd8d5ea3-a412-424c-a74c-a07ea76d0380 already get close from Flatiron Building
19:48:51.952 [main] INFO com.openclassrooms.tourguide.service.RewardsService -- Calculate distance between -73.989723/40.741112 and 11.841383121932608/-73.06565463482116
19:48:51.952 [main] INFO com.openclassrooms.tourguide.service.RewardsService -- Assign reward points to dd8d5ea3-a412-424c-a74c-a07ea76d0380 for attraction Flatiron Building
19:48:52.223 [pool-4-thread-1] INFO com.openclassrooms.tourguide.service.RewardsService -- Checking the user dd8d5ea3-a412-424c-a74c-a07ea76d0380 already get close from McKinley Tower
19:48:52.223 [pool-4-thread-1] INFO com.openclassrooms.tourguide.service.RewardsService -- Calculate distance between -149.877502/61.218887 and 11.841383121932608/-73.06565463482116
19:48:52.223 [pool-4-thread-1] INFO com.openclassrooms.tourguide.service.RewardsService -- Assign reward points to dd8d5ea3-a412-424c-a74c-a07ea76d0380 for attraction McKinley Tower
19:48:52.709 [main] INFO com.openclassrooms.tourguide.service.RewardsService -- Checking the user dd8d5ea3-a412-424c-a74c-a07ea76d0380 already get close from Fallingwater
19:48:52.709 [main] INFO com.openclassrooms.tourguide.service.RewardsService -- Calculate distance between -79.468056/39.906113 and 11.841383121932608/-73.06565463482116
19:48:52.709 [main] INFO com.openclassrooms.tourguide.service.RewardsService -- Assign reward points to dd8d5ea3-a412-424c-a74c-a07ea76d0380 for attraction Fallingwater
19:48:52.860 [pool-4-thread-1] INFO com.openclassrooms.tourguide.service.RewardsService -- Checking the user dd8d5ea3-a412-424c-a74c-a07ea76d0380 already get close from Flatiron Building
19:48:52.860 [pool-4-thread-1] INFO com.openclassrooms.tourguide.service.RewardsService -- Calculate distance between -73.989723/40.741112 and 11.841383121932608/-73.06565463482116
19:48:52.860 [pool-4-thread-1] INFO com.openclassrooms.tourguide.service.RewardsService -- Assign reward points to dd8d5ea3-a412-424c-a74c-a07ea76d0380 for attraction Flatiron Building
19:48:53.046 [pool-4-thread-1] INFO com.openclassrooms.tourguide.service.RewardsService -- Checking the user dd8d5ea3-a412-424c-a74c-a07ea76d0380 already get close from Fallingwater
19:48:53.046 [pool-4-thread-1] INFO com.openclassrooms.tourguide.service.RewardsService -- Calculate distance between -79.468056/39.906113 and 11.841383121932608/-73.06565463482116
19:48:53.046 [pool-4-thread-1] INFO com.openclassrooms.tourguide.service.RewardsService -- Assign reward points to dd8d5ea3-a412-424c-a74c-a07ea76d0380 for attraction Fallingwater
19:48:53.251 [main] INFO com.openclassrooms.tourguide.service.RewardsService -- Checking the user dd8d5ea3-a412-424c-a74c-a07ea76d0380 already get close from Union Station
19:48:53.251 [main] INFO com.openclassrooms.tourguide.service.RewardsService -- Calculate distance between -77.006332/38.897095 and 11.841383121932608/-73.06565463482116
19:48:53.251 [main] INFO com.openclassrooms.tourguide.service.RewardsService -- Assign reward points to dd8d5ea3-a412-424c-a74c-a07ea76d0380 for attraction Union Station
19:48:53.704 [pool-4-thread-1] INFO com.openclassrooms.tourguide.service.RewardsService -- Checking the user dd8d5ea3-a412-424c-a74c-a07ea76d0380 already get close from Union Station
19:48:53.704 [pool-4-thread-1] INFO com.openclassrooms.tourguide.service.RewardsService -- Calculate distance between -77.006332/38.897095 and 11.841383121932608/-73.06565463482116
19:48:53.704 [pool-4-thread-1] INFO com.openclassrooms.tourguide.service.RewardsService -- Assign reward points to dd8d5ea3-a412-424c-a74c-a07ea76d0380 for attraction Union Station
19:48:53.768 [main] INFO com.openclassrooms.tourguide.service.RewardsService -- Checking the user dd8d5ea3-a412-424c-a74c-a07ea76d0380 already get close from Roger Dean Stadium
19:48:53.768 [main] INFO com.openclassrooms.tourguide.service.RewardsService -- Calculate distance between -80.116577/26.890959 and 11.841383121932608/-73.06565463482116
19:48:53.768 [main] INFO com.openclassrooms.tourguide.service.RewardsService -- Assign reward points to dd8d5ea3-a412-424c-a74c-a07ea76d0380 for attraction Roger Dean Stadium
19:48:53.842 [main] INFO com.openclassrooms.tourguide.service.RewardsService -- Checking the user dd8d5ea3-a412-424c-a74c-a07ea76d0380 already get close from Texas Memorial Stadium
19:48:53.842 [main] INFO com.openclassrooms.tourguide.service.RewardsService -- Calculate distance between -97.732536/30.283682 and 11.841383121932608/-73.06565463482116
19:48:53.842 [main] INFO com.openclassrooms.tourguide.service.RewardsService -- Assign reward points to dd8d5ea3-a412-424c-a74c-a07ea76d0380 for attraction Texas Memorial Stadium
19:48:54.378 [pool-4-thread-1] INFO com.openclassrooms.tourguide.service.RewardsService -- Checking the user dd8d5ea3-a412-424c-a74c-a07ea76d0380 already get close from Roger Dean Stadium
19:48:54.378 [pool-4-thread-1] INFO com.openclassrooms.tourguide.service.RewardsService -- Calculate distance between -80.116577/26.890959 and 11.841383121932608/-73.06565463482116
19:48:54.378 [pool-4-thread-1] INFO com.openclassrooms.tourguide.service.RewardsService -- Assign reward points to dd8d5ea3-a412-424c-a74c-a07ea76d0380 for attraction Roger Dean Stadium
19:48:54.789 [main] INFO com.openclassrooms.tourguide.service.RewardsService -- Checking the user dd8d5ea3-a412-424c-a74c-a07ea76d0380 already get close from Bryant-Denny Stadium
19:48:54.789 [main] INFO com.openclassrooms.tourguide.service.RewardsService -- Calculate distance between -87.550438/33.208973 and 11.841383121932608/-73.06565463482116
19:48:54.789 [main] INFO com.openclassrooms.tourguide.service.RewardsService -- Assign reward points to dd8d5ea3-a412-424c-a74c-a07ea76d0380 for attraction Bryant-Denny Stadium
19:48:54.882 [pool-4-thread-1] INFO com.openclassrooms.tourguide.service.RewardsService -- Checking the user dd8d5ea3-a412-424c-a74c-a07ea76d0380 already get close from Texas Memorial Stadium
19:48:54.882 [pool-4-thread-1] INFO com.openclassrooms.tourguide.service.RewardsService -- Calculate distance between -97.732536/30.283682 and 11.841383121932608/-73.06565463482116
19:48:54.882 [pool-4-thread-1] INFO com.openclassrooms.tourguide.service.RewardsService -- Assign reward points to dd8d5ea3-a412-424c-a74c-a07ea76d0380 for attraction Texas Memorial Stadium
19:48:55.023 [main] INFO com.openclassrooms.tourguide.service.RewardsService -- Checking the user dd8d5ea3-a412-424c-a74c-a07ea76d0380 already get close from Tiger Stadium
19:48:55.023 [main] INFO com.openclassrooms.tourguide.service.RewardsService -- Calculate distance between -91.183815/30.412035 and 11.841383121932608/-73.06565463482116
19:48:55.023 [main] INFO com.openclassrooms.tourguide.service.RewardsService -- Assign reward points to dd8d5ea3-a412-424c-a74c-a07ea76d0380 for attraction Tiger Stadium
19:48:55.532 [pool-4-thread-1] INFO com.openclassrooms.tourguide.service.RewardsService -- Checking the user dd8d5ea3-a412-424c-a74c-a07ea76d0380 already get close from Bryant-Denny Stadium
19:48:55.532 [pool-4-thread-1] INFO com.openclassrooms.tourguide.service.RewardsService -- Calculate distance between -87.550438/33.208973 and 11.841383121932608/-73.06565463482116
19:48:55.532 [pool-4-thread-1] INFO com.openclassrooms.tourguide.service.RewardsService -- Assign reward points to dd8d5ea3-a412-424c-a74c-a07ea76d0380 for attraction Bryant-Denny Stadium
19:48:55.835 [main] INFO com.openclassrooms.tourguide.service.RewardsService -- Checking the user dd8d5ea3-a412-424c-a74c-a07ea76d0380 already get close from Neyland Stadium
19:48:55.835 [main] INFO com.openclassrooms.tourguide.service.RewardsService -- Calculate distance between -83.925011/35.955013 and 11.841383121932608/-73.06565463482116
19:48:55.835 [main] INFO com.openclassrooms.tourguide.service.RewardsService -- Assign reward points to dd8d5ea3-a412-424c-a74c-a07ea76d0380 for attraction Neyland Stadium
19:48:56.001 [main] INFO com.openclassrooms.tourguide.service.RewardsService -- Checking the user dd8d5ea3-a412-424c-a74c-a07ea76d0380 already get close from Kyle Field
19:48:56.001 [main] INFO com.openclassrooms.tourguide.service.RewardsService -- Calculate distance between -96.339844/30.61025 and 11.841383121932608/-73.06565463482116
19:48:56.001 [main] INFO com.openclassrooms.tourguide.service.RewardsService -- Assign reward points to dd8d5ea3-a412-424c-a74c-a07ea76d0380 for attraction Kyle Field
19:48:56.140 [pool-4-thread-1] INFO com.openclassrooms.tourguide.service.RewardsService -- Checking the user dd8d5ea3-a412-424c-a74c-a07ea76d0380 already get close from Tiger Stadium
19:48:56.140 [pool-4-thread-1] INFO com.openclassrooms.tourguide.service.RewardsService -- Calculate distance between -91.183815/30.412035 and 11.841383121932608/-73.06565463482116
19:48:56.140 [pool-4-thread-1] INFO com.openclassrooms.tourguide.service.RewardsService -- Assign reward points to dd8d5ea3-a412-424c-a74c-a07ea76d0380 for attraction Tiger Stadium
19:48:56.466 [pool-4-thread-1] INFO com.openclassrooms.tourguide.service.RewardsService -- Checking the user dd8d5ea3-a412-424c-a74c-a07ea76d0380 already get close from Neyland Stadium
19:48:56.466 [pool-4-thread-1] INFO com.openclassrooms.tourguide.service.RewardsService -- Calculate distance between -83.925011/35.955013 and 11.841383121932608/-73.06565463482116
19:48:56.466 [pool-4-thread-1] INFO com.openclassrooms.tourguide.service.RewardsService -- Assign reward points to dd8d5ea3-a412-424c-a74c-a07ea76d0380 for attraction Neyland Stadium
19:48:56.740 [main] INFO com.openclassrooms.tourguide.service.RewardsService -- Checking the user dd8d5ea3-a412-424c-a74c-a07ea76d0380 already get close from San Diego Zoo
19:48:56.740 [main] INFO com.openclassrooms.tourguide.service.RewardsService -- Calculate distance between -117.149048/32.735317 and 11.841383121932608/-73.06565463482116
19:48:56.740 [main] INFO com.openclassrooms.tourguide.service.RewardsService -- Assign reward points to dd8d5ea3-a412-424c-a74c-a07ea76d0380 for attraction San Diego Zoo
19:48:57.061 [pool-4-thread-1] INFO com.openclassrooms.tourguide.service.RewardsService -- Checking the user dd8d5ea3-a412-424c-a74c-a07ea76d0380 already get close from Kyle Field
19:48:57.061 [pool-4-thread-1] INFO com.openclassrooms.tourguide.service.RewardsService -- Calculate distance between -96.339844/30.61025 and 11.841383121932608/-73.06565463482116
19:48:57.061 [pool-4-thread-1] INFO com.openclassrooms.tourguide.service.RewardsService -- Assign reward points to dd8d5ea3-a412-424c-a74c-a07ea76d0380 for attraction Kyle Field
19:48:57.129 [main] INFO com.openclassrooms.tourguide.service.RewardsService -- Checking the user dd8d5ea3-a412-424c-a74c-a07ea76d0380 already get close from Zoo Tampa at Lowry Park
19:48:57.129 [main] INFO com.openclassrooms.tourguide.service.RewardsService -- Calculate distance between -82.469269/28.012804 and 11.841383121932608/-73.06565463482116
19:48:57.129 [main] INFO com.openclassrooms.tourguide.service.RewardsService -- Assign reward points to dd8d5ea3-a412-424c-a74c-a07ea76d0380 for attraction Zoo Tampa at Lowry Park
19:48:57.549 [pool-4-thread-1] INFO com.openclassrooms.tourguide.service.RewardsService -- Checking the user dd8d5ea3-a412-424c-a74c-a07ea76d0380 already get close from San Diego Zoo
19:48:57.549 [pool-4-thread-1] INFO com.openclassrooms.tourguide.service.RewardsService -- Calculate distance between -117.149048/32.735317 and 11.841383121932608/-73.06565463482116
19:48:57.549 [pool-4-thread-1] INFO com.openclassrooms.tourguide.service.RewardsService -- Assign reward points to dd8d5ea3-a412-424c-a74c-a07ea76d0380 for attraction San Diego Zoo
19:48:57.841 [main] INFO com.openclassrooms.tourguide.service.RewardsService -- Checking the user dd8d5ea3-a412-424c-a74c-a07ea76d0380 already get close from Franklin Park Zoo
19:48:57.841 [main] INFO com.openclassrooms.tourguide.service.RewardsService -- Calculate distance between -71.086731/42.302601 and 11.841383121932608/-73.06565463482116
19:48:57.841 [main] INFO com.openclassrooms.tourguide.service.RewardsService -- Assign reward points to dd8d5ea3-a412-424c-a74c-a07ea76d0380 for attraction Franklin Park Zoo
19:48:58.039 [pool-4-thread-1] INFO com.openclassrooms.tourguide.service.RewardsService -- Checking the user dd8d5ea3-a412-424c-a74c-a07ea76d0380 already get close from Zoo Tampa at Lowry Park
19:48:58.039 [pool-4-thread-1] INFO com.openclassrooms.tourguide.service.RewardsService -- Calculate distance between -82.469269/28.012804 and 11.841383121932608/-73.06565463482116
19:48:58.039 [pool-4-thread-1] INFO com.openclassrooms.tourguide.service.RewardsService -- Assign reward points to dd8d5ea3-a412-424c-a74c-a07ea76d0380 for attraction Zoo Tampa at Lowry Park
19:48:58.662 [pool-4-thread-1] INFO com.openclassrooms.tourguide.service.RewardsService -- Checking the user dd8d5ea3-a412-424c-a74c-a07ea76d0380 already get close from Franklin Park Zoo
19:48:58.662 [pool-4-thread-1] INFO com.openclassrooms.tourguide.service.RewardsService -- Calculate distance between -71.086731/42.302601 and 11.841383121932608/-73.06565463482116
19:48:58.662 [pool-4-thread-1] INFO com.openclassrooms.tourguide.service.RewardsService -- Assign reward points to dd8d5ea3-a412-424c-a74c-a07ea76d0380 for attraction Franklin Park Zoo
19:48:58.681 [pool-4-thread-1] INFO com.openclassrooms.tourguide.service.RewardsService -- Checking the user dd8d5ea3-a412-424c-a74c-a07ea76d0380 already get close from El Paso Zoo
19:48:58.681 [pool-4-thread-1] INFO com.openclassrooms.tourguide.service.RewardsService -- Calculate distance between -106.44487/31.769125 and 11.841383121932608/-73.06565463482116
19:48:58.681 [pool-4-thread-1] INFO com.openclassrooms.tourguide.service.RewardsService -- Assign reward points to dd8d5ea3-a412-424c-a74c-a07ea76d0380 for attraction El Paso Zoo
19:48:58.762 [main] INFO com.openclassrooms.tourguide.service.RewardsService -- Checking the user dd8d5ea3-a412-424c-a74c-a07ea76d0380 already get close from El Paso Zoo
19:48:58.762 [main] INFO com.openclassrooms.tourguide.service.RewardsService -- Calculate distance between -106.44487/31.769125 and 11.841383121932608/-73.06565463482116
19:48:58.762 [main] INFO com.openclassrooms.tourguide.service.RewardsService -- Assign reward points to dd8d5ea3-a412-424c-a74c-a07ea76d0380 for attraction El Paso Zoo
19:48:58.887 [main] INFO com.openclassrooms.tourguide.service.RewardsService -- Checking the user dd8d5ea3-a412-424c-a74c-a07ea76d0380 already get close from Kansas City Zoo
19:48:58.887 [main] INFO com.openclassrooms.tourguide.service.RewardsService -- Calculate distance between -94.529625/39.007504 and 11.841383121932608/-73.06565463482116
19:48:58.887 [main] INFO com.openclassrooms.tourguide.service.RewardsService -- Assign reward points to dd8d5ea3-a412-424c-a74c-a07ea76d0380 for attraction Kansas City Zoo
19:48:59.004 [main] INFO com.openclassrooms.tourguide.service.RewardsService -- Checking the user dd8d5ea3-a412-424c-a74c-a07ea76d0380 already get close from Bronx Zoo
19:48:59.004 [main] INFO com.openclassrooms.tourguide.service.RewardsService -- Calculate distance between -73.872971/40.852905 and 11.841383121932608/-73.06565463482116
19:48:59.004 [main] INFO com.openclassrooms.tourguide.service.RewardsService -- Assign reward points to dd8d5ea3-a412-424c-a74c-a07ea76d0380 for attraction Bronx Zoo
19:48:59.107 [pool-4-thread-1] INFO com.openclassrooms.tourguide.service.RewardsService -- Checking the user dd8d5ea3-a412-424c-a74c-a07ea76d0380 already get close from Kansas City Zoo
19:48:59.107 [pool-4-thread-1] INFO com.openclassrooms.tourguide.service.RewardsService -- Calculate distance between -94.529625/39.007504 and 11.841383121932608/-73.06565463482116
19:48:59.107 [pool-4-thread-1] INFO com.openclassrooms.tourguide.service.RewardsService -- Assign reward points to dd8d5ea3-a412-424c-a74c-a07ea76d0380 for attraction Kansas City Zoo
19:48:59.276 [main] INFO com.openclassrooms.tourguide.service.RewardsService -- Checking the user dd8d5ea3-a412-424c-a74c-a07ea76d0380 already get close from Cinderella Castle
19:48:59.276 [main] INFO com.openclassrooms.tourguide.service.RewardsService -- Calculate distance between -81.5812/28.419411 and 11.841383121932608/-73.06565463482116
19:48:59.276 [main] INFO com.openclassrooms.tourguide.service.RewardsService -- Assign reward points to dd8d5ea3-a412-424c-a74c-a07ea76d0380 for attraction Cinderella Castle
19:48:59.515 [pool-4-thread-1] INFO com.openclassrooms.tourguide.service.RewardsService -- Checking the user dd8d5ea3-a412-424c-a74c-a07ea76d0380 already get close from Bronx Zoo
19:48:59.515 [pool-4-thread-1] INFO com.openclassrooms.tourguide.service.RewardsService -- Calculate distance between -73.872971/40.852905 and 11.841383121932608/-73.06565463482116
19:48:59.515 [pool-4-thread-1] INFO com.openclassrooms.tourguide.service.RewardsService -- Assign reward points to dd8d5ea3-a412-424c-a74c-a07ea76d0380 for attraction Bronx Zoo
19:48:59.870 [pool-4-thread-1] INFO com.openclassrooms.tourguide.service.RewardsService -- Checking the user dd8d5ea3-a412-424c-a74c-a07ea76d0380 already get close from Cinderella Castle
19:48:59.870 [pool-4-thread-1] INFO com.openclassrooms.tourguide.service.RewardsService -- Calculate distance between -81.5812/28.419411 and 11.841383121932608/-73.06565463482116
19:48:59.870 [pool-4-thread-1] INFO com.openclassrooms.tourguide.service.RewardsService -- Assign reward points to dd8d5ea3-a412-424c-a74c-a07ea76d0380 for attraction Cinderella Castle
19:49:00.115 [main] INFO com.openclassrooms.tourguide.service.RewardsService -- Checking the user dd8d5ea3-a412-424c-a74c-a07ea76d0380 already get close from Disneyland
19:49:00.115 [main] INFO com.openclassrooms.tourguide.service.RewardsService -- Calculate distance between -117.922008/33.817595 and -60.482618682060206/66.48423412765061
19:49:00.115 [main] INFO com.openclassrooms.tourguide.service.RewardsService -- Assign reward points to dd8d5ea3-a412-424c-a74c-a07ea76d0380 for attraction Disneyland
19:49:00.546 [main] INFO com.openclassrooms.tourguide.service.RewardsService -- Checking the user dd8d5ea3-a412-424c-a74c-a07ea76d0380 already get close from Jackson Hole
19:49:00.546 [main] INFO com.openclassrooms.tourguide.service.RewardsService -- Calculate distance between -110.821999/43.582767 and -60.482618682060206/66.48423412765061
19:49:00.546 [main] INFO com.openclassrooms.tourguide.service.RewardsService -- Assign reward points to dd8d5ea3-a412-424c-a74c-a07ea76d0380 for attraction Jackson Hole
19:49:00.623 [pool-4-thread-1] INFO com.openclassrooms.tourguide.service.RewardsService -- Checking the user dd8d5ea3-a412-424c-a74c-a07ea76d0380 already get close from Disneyland
19:49:00.623 [pool-4-thread-1] INFO com.openclassrooms.tourguide.service.RewardsService -- Calculate distance between -117.922008/33.817595 and -60.482618682060206/66.48423412765061
19:49:00.623 [pool-4-thread-1] INFO com.openclassrooms.tourguide.service.RewardsService -- Assign reward points to dd8d5ea3-a412-424c-a74c-a07ea76d0380 for attraction Disneyland
19:49:01.509 [main] INFO com.openclassrooms.tourguide.service.RewardsService -- Checking the user dd8d5ea3-a412-424c-a74c-a07ea76d0380 already get close from Mojave National Preserve
19:49:01.509 [main] INFO com.openclassrooms.tourguide.service.RewardsService -- Calculate distance between -115.510399/35.141689 and -60.482618682060206/66.48423412765061
19:49:01.509 [main] INFO com.openclassrooms.tourguide.service.RewardsService -- Assign reward points to dd8d5ea3-a412-424c-a74c-a07ea76d0380 for attraction Mojave National Preserve
19:49:01.588 [pool-4-thread-1] INFO com.openclassrooms.tourguide.service.RewardsService -- Checking the user dd8d5ea3-a412-424c-a74c-a07ea76d0380 already get close from Jackson Hole
19:49:01.588 [pool-4-thread-1] INFO com.openclassrooms.tourguide.service.RewardsService -- Calculate distance between -110.821999/43.582767 and -60.482618682060206/66.48423412765061
19:49:01.588 [pool-4-thread-1] INFO com.openclassrooms.tourguide.service.RewardsService -- Assign reward points to dd8d5ea3-a412-424c-a74c-a07ea76d0380 for attraction Jackson Hole
19:49:01.600 [pool-4-thread-1] INFO com.openclassrooms.tourguide.service.RewardsService -- Checking the user dd8d5ea3-a412-424c-a74c-a07ea76d0380 already get close from Mojave National Preserve
19:49:01.600 [pool-4-thread-1] INFO com.openclassrooms.tourguide.service.RewardsService -- Calculate distance between -115.510399/35.141689 and -60.482618682060206/66.48423412765061
19:49:01.600 [pool-4-thread-1] INFO com.openclassrooms.tourguide.service.RewardsService -- Assign reward points to dd8d5ea3-a412-424c-a74c-a07ea76d0380 for attraction Mojave National Preserve
19:49:01.880 [main] INFO com.openclassrooms.tourguide.service.RewardsService -- Checking the user dd8d5ea3-a412-424c-a74c-a07ea76d0380 already get close from Joshua Tree National Park
19:49:01.880 [main] INFO com.openclassrooms.tourguide.service.RewardsService -- Calculate distance between -115.90065/33.881866 and -60.482618682060206/66.48423412765061
19:49:01.880 [main] INFO com.openclassrooms.tourguide.service.RewardsService -- Assign reward points to dd8d5ea3-a412-424c-a74c-a07ea76d0380 for attraction Joshua Tree National Park
19:49:02.282 [pool-4-thread-1] INFO com.openclassrooms.tourguide.service.RewardsService -- Checking the user dd8d5ea3-a412-424c-a74c-a07ea76d0380 already get close from Joshua Tree National Park
19:49:02.282 [pool-4-thread-1] INFO com.openclassrooms.tourguide.service.RewardsService -- Calculate distance between -115.90065/33.881866 and -60.482618682060206/66.48423412765061
19:49:02.282 [pool-4-thread-1] INFO com.openclassrooms.tourguide.service.RewardsService -- Assign reward points to dd8d5ea3-a412-424c-a74c-a07ea76d0380 for attraction Joshua Tree National Park
19:49:02.748 [main] INFO com.openclassrooms.tourguide.service.RewardsService -- Checking the user dd8d5ea3-a412-424c-a74c-a07ea76d0380 already get close from Buffalo National River
19:49:02.748 [main] INFO com.openclassrooms.tourguide.service.RewardsService -- Calculate distance between -92.757652/35.985512 and -60.482618682060206/66.48423412765061
19:49:02.748 [main] INFO com.openclassrooms.tourguide.service.RewardsService -- Assign reward points to dd8d5ea3-a412-424c-a74c-a07ea76d0380 for attraction Buffalo National River
19:49:03.053 [main] INFO com.openclassrooms.tourguide.service.RewardsService -- Checking the user dd8d5ea3-a412-424c-a74c-a07ea76d0380 already get close from Hot Springs National Park
19:49:03.053 [main] INFO com.openclassrooms.tourguide.service.RewardsService -- Calculate distance between -93.042267/34.52153 and -60.482618682060206/66.48423412765061
19:49:03.053 [main] INFO com.openclassrooms.tourguide.service.RewardsService -- Assign reward points to dd8d5ea3-a412-424c-a74c-a07ea76d0380 for attraction Hot Springs National Park
19:49:03.264 [pool-4-thread-1] INFO com.openclassrooms.tourguide.service.RewardsService -- Checking the user dd8d5ea3-a412-424c-a74c-a07ea76d0380 already get close from Buffalo National River
19:49:03.264 [pool-4-thread-1] INFO com.openclassrooms.tourguide.service.RewardsService -- Calculate distance between -92.757652/35.985512 and -60.482618682060206/66.48423412765061
19:49:03.264 [pool-4-thread-1] INFO com.openclassrooms.tourguide.service.RewardsService -- Assign reward points to dd8d5ea3-a412-424c-a74c-a07ea76d0380 for attraction Buffalo National River
19:49:03.504 [main] INFO com.openclassrooms.tourguide.service.RewardsService -- Checking the user dd8d5ea3-a412-424c-a74c-a07ea76d0380 already get close from Kartchner Caverns State Park
19:49:03.504 [main] INFO com.openclassrooms.tourguide.service.RewardsService -- Calculate distance between -110.347382/31.837551 and -60.482618682060206/66.48423412765061
19:49:03.504 [main] INFO com.openclassrooms.tourguide.service.RewardsService -- Assign reward points to dd8d5ea3-a412-424c-a74c-a07ea76d0380 for attraction Kartchner Caverns State Park
19:49:04.014 [pool-4-thread-1] INFO com.openclassrooms.tourguide.service.RewardsService -- Checking the user dd8d5ea3-a412-424c-a74c-a07ea76d0380 already get close from Hot Springs National Park
19:49:04.014 [pool-4-thread-1] INFO com.openclassrooms.tourguide.service.RewardsService -- Calculate distance between -93.042267/34.52153 and -60.482618682060206/66.48423412765061
19:49:04.014 [pool-4-thread-1] INFO com.openclassrooms.tourguide.service.RewardsService -- Assign reward points to dd8d5ea3-a412-424c-a74c-a07ea76d0380 for attraction Hot Springs National Park
19:49:04.249 [main] INFO com.openclassrooms.tourguide.service.RewardsService -- Checking the user dd8d5ea3-a412-424c-a74c-a07ea76d0380 already get close from Legend Valley
19:49:04.249 [main] INFO com.openclassrooms.tourguide.service.RewardsService -- Calculate distance between -82.40667/39.937778 and -60.482618682060206/66.48423412765061
19:49:04.249 [main] INFO com.openclassrooms.tourguide.service.RewardsService -- Assign reward points to dd8d5ea3-a412-424c-a74c-a07ea76d0380 for attraction Legend Valley
19:49:04.831 [main] INFO com.openclassrooms.tourguide.service.RewardsService -- Checking the user dd8d5ea3-a412-424c-a74c-a07ea76d0380 already get close from Flowers Bakery of London
19:49:04.831 [main] INFO com.openclassrooms.tourguide.service.RewardsService -- Calculate distance between -84.07486/37.131527 and -60.482618682060206/66.48423412765061
19:49:04.831 [main] INFO com.openclassrooms.tourguide.service.RewardsService -- Assign reward points to dd8d5ea3-a412-424c-a74c-a07ea76d0380 for attraction Flowers Bakery of London
19:49:04.926 [pool-4-thread-1] INFO com.openclassrooms.tourguide.service.RewardsService -- Checking the user dd8d5ea3-a412-424c-a74c-a07ea76d0380 already get close from Kartchner Caverns State Park
19:49:04.926 [pool-4-thread-1] INFO com.openclassrooms.tourguide.service.RewardsService -- Calculate distance between -110.347382/31.837551 and -60.482618682060206/66.48423412765061
19:49:04.926 [pool-4-thread-1] INFO com.openclassrooms.tourguide.service.RewardsService -- Assign reward points to dd8d5ea3-a412-424c-a74c-a07ea76d0380 for attraction Kartchner Caverns State Park
19:49:05.775 [pool-4-thread-1] INFO com.openclassrooms.tourguide.service.RewardsService -- Checking the user dd8d5ea3-a412-424c-a74c-a07ea76d0380 already get close from Legend Valley
19:49:05.775 [pool-4-thread-1] INFO com.openclassrooms.tourguide.service.RewardsService -- Calculate distance between -82.40667/39.937778 and -60.482618682060206/66.48423412765061
19:49:05.775 [pool-4-thread-1] INFO com.openclassrooms.tourguide.service.RewardsService -- Assign reward points to dd8d5ea3-a412-424c-a74c-a07ea76d0380 for attraction Legend Valley
19:49:05.815 [main] INFO com.openclassrooms.tourguide.service.RewardsService -- Checking the user dd8d5ea3-a412-424c-a74c-a07ea76d0380 already get close from McKinley Tower
19:49:05.815 [main] INFO com.openclassrooms.tourguide.service.RewardsService -- Calculate distance between -149.877502/61.218887 and -60.482618682060206/66.48423412765061
19:49:05.815 [main] INFO com.openclassrooms.tourguide.service.RewardsService -- Assign reward points to dd8d5ea3-a412-424c-a74c-a07ea76d0380 for attraction McKinley Tower
19:49:06.171 [pool-4-thread-1] INFO com.openclassrooms.tourguide.service.RewardsService -- Checking the user dd8d5ea3-a412-424c-a74c-a07ea76d0380 already get close from Flowers Bakery of London
19:49:06.171 [pool-4-thread-1] INFO com.openclassrooms.tourguide.service.RewardsService -- Calculate distance between -84.07486/37.131527 and -60.482618682060206/66.48423412765061
19:49:06.171 [pool-4-thread-1] INFO com.openclassrooms.tourguide.service.RewardsService -- Assign reward points to dd8d5ea3-a412-424c-a74c-a07ea76d0380 for attraction Flowers Bakery of London
19:49:06.339 [pool-4-thread-1] INFO com.openclassrooms.tourguide.service.RewardsService -- Checking the user dd8d5ea3-a412-424c-a74c-a07ea76d0380 already get close from McKinley Tower
19:49:06.339 [pool-4-thread-1] INFO com.openclassrooms.tourguide.service.RewardsService -- Calculate distance between -149.877502/61.218887 and -60.482618682060206/66.48423412765061
19:49:06.339 [pool-4-thread-1] INFO com.openclassrooms.tourguide.service.RewardsService -- Assign reward points to dd8d5ea3-a412-424c-a74c-a07ea76d0380 for attraction McKinley Tower
19:49:06.410 [main] INFO com.openclassrooms.tourguide.service.RewardsService -- Checking the user dd8d5ea3-a412-424c-a74c-a07ea76d0380 already get close from Flatiron Building
19:49:06.410 [main] INFO com.openclassrooms.tourguide.service.RewardsService -- Calculate distance between -73.989723/40.741112 and -60.482618682060206/66.48423412765061
19:49:06.410 [main] INFO com.openclassrooms.tourguide.service.RewardsService -- Assign reward points to dd8d5ea3-a412-424c-a74c-a07ea76d0380 for attraction Flatiron Building
19:49:06.594 [pool-4-thread-1] INFO com.openclassrooms.tourguide.service.RewardsService -- Checking the user dd8d5ea3-a412-424c-a74c-a07ea76d0380 already get close from Flatiron Building
19:49:06.594 [pool-4-thread-1] INFO com.openclassrooms.tourguide.service.RewardsService -- Calculate distance between -73.989723/40.741112 and -60.482618682060206/66.48423412765061
19:49:06.594 [pool-4-thread-1] INFO com.openclassrooms.tourguide.service.RewardsService -- Assign reward points to dd8d5ea3-a412-424c-a74c-a07ea76d0380 for attraction Flatiron Building
19:49:06.708 [main] INFO com.openclassrooms.tourguide.service.RewardsService -- Checking the user dd8d5ea3-a412-424c-a74c-a07ea76d0380 already get close from Fallingwater
19:49:06.708 [main] INFO com.openclassrooms.tourguide.service.RewardsService -- Calculate distance between -79.468056/39.906113 and -60.482618682060206/66.48423412765061
19:49:06.708 [main] INFO com.openclassrooms.tourguide.service.RewardsService -- Assign reward points to dd8d5ea3-a412-424c-a74c-a07ea76d0380 for attraction Fallingwater
19:49:06.904 [main] INFO com.openclassrooms.tourguide.service.RewardsService -- Checking the user dd8d5ea3-a412-424c-a74c-a07ea76d0380 already get close from Union Station
19:49:06.904 [main] INFO com.openclassrooms.tourguide.service.RewardsService -- Calculate distance between -77.006332/38.897095 and -60.482618682060206/66.48423412765061
19:49:06.904 [main] INFO com.openclassrooms.tourguide.service.RewardsService -- Assign reward points to dd8d5ea3-a412-424c-a74c-a07ea76d0380 for attraction Union Station
19:49:07.056 [pool-4-thread-1] INFO com.openclassrooms.tourguide.service.RewardsService -- Checking the user dd8d5ea3-a412-424c-a74c-a07ea76d0380 already get close from Fallingwater
19:49:07.056 [pool-4-thread-1] INFO com.openclassrooms.tourguide.service.RewardsService -- Calculate distance between -79.468056/39.906113 and -60.482618682060206/66.48423412765061
19:49:07.056 [pool-4-thread-1] INFO com.openclassrooms.tourguide.service.RewardsService -- Assign reward points to dd8d5ea3-a412-424c-a74c-a07ea76d0380 for attraction Fallingwater
19:49:07.736 [main] INFO com.openclassrooms.tourguide.service.RewardsService -- Checking the user dd8d5ea3-a412-424c-a74c-a07ea76d0380 already get close from Roger Dean Stadium
19:49:07.736 [main] INFO com.openclassrooms.tourguide.service.RewardsService -- Calculate distance between -80.116577/26.890959 and -60.482618682060206/66.48423412765061
19:49:07.736 [main] INFO com.openclassrooms.tourguide.service.RewardsService -- Assign reward points to dd8d5ea3-a412-424c-a74c-a07ea76d0380 for attraction Roger Dean Stadium
19:49:07.988 [pool-4-thread-1] INFO com.openclassrooms.tourguide.service.RewardsService -- Checking the user dd8d5ea3-a412-424c-a74c-a07ea76d0380 already get close from Union Station
19:49:07.988 [pool-4-thread-1] INFO com.openclassrooms.tourguide.service.RewardsService -- Calculate distance between -77.006332/38.897095 and -60.482618682060206/66.48423412765061
19:49:07.988 [pool-4-thread-1] INFO com.openclassrooms.tourguide.service.RewardsService -- Assign reward points to dd8d5ea3-a412-424c-a74c-a07ea76d0380 for attraction Union Station
19:49:08.473 [pool-4-thread-1] INFO com.openclassrooms.tourguide.service.RewardsService -- Checking the user dd8d5ea3-a412-424c-a74c-a07ea76d0380 already get close from Roger Dean Stadium
19:49:08.473 [pool-4-thread-1] INFO com.openclassrooms.tourguide.service.RewardsService -- Calculate distance between -80.116577/26.890959 and -60.482618682060206/66.48423412765061
19:49:08.473 [pool-4-thread-1] INFO com.openclassrooms.tourguide.service.RewardsService -- Assign reward points to dd8d5ea3-a412-424c-a74c-a07ea76d0380 for attraction Roger Dean Stadium
19:49:08.645 [main] INFO com.openclassrooms.tourguide.service.RewardsService -- Checking the user dd8d5ea3-a412-424c-a74c-a07ea76d0380 already get close from Texas Memorial Stadium
19:49:08.645 [main] INFO com.openclassrooms.tourguide.service.RewardsService -- Calculate distance between -97.732536/30.283682 and -60.482618682060206/66.48423412765061
19:49:08.645 [main] INFO com.openclassrooms.tourguide.service.RewardsService -- Assign reward points to dd8d5ea3-a412-424c-a74c-a07ea76d0380 for attraction Texas Memorial Stadium
19:49:09.303 [pool-4-thread-1] INFO com.openclassrooms.tourguide.service.RewardsService -- Checking the user dd8d5ea3-a412-424c-a74c-a07ea76d0380 already get close from Texas Memorial Stadium
19:49:09.303 [pool-4-thread-1] INFO com.openclassrooms.tourguide.service.RewardsService -- Calculate distance between -97.732536/30.283682 and -60.482618682060206/66.48423412765061
19:49:09.303 [pool-4-thread-1] INFO com.openclassrooms.tourguide.service.RewardsService -- Assign reward points to dd8d5ea3-a412-424c-a74c-a07ea76d0380 for attraction Texas Memorial Stadium
19:49:09.448 [main] INFO com.openclassrooms.tourguide.service.RewardsService -- Checking the user dd8d5ea3-a412-424c-a74c-a07ea76d0380 already get close from Bryant-Denny Stadium
19:49:09.448 [main] INFO com.openclassrooms.tourguide.service.RewardsService -- Calculate distance between -87.550438/33.208973 and -60.482618682060206/66.48423412765061
19:49:09.448 [main] INFO com.openclassrooms.tourguide.service.RewardsService -- Assign reward points to dd8d5ea3-a412-424c-a74c-a07ea76d0380 for attraction Bryant-Denny Stadium
19:49:09.465 [pool-4-thread-1] INFO com.openclassrooms.tourguide.service.RewardsService -- Checking the user dd8d5ea3-a412-424c-a74c-a07ea76d0380 already get close from Bryant-Denny Stadium
19:49:09.465 [pool-4-thread-1] INFO com.openclassrooms.tourguide.service.RewardsService -- Calculate distance between -87.550438/33.208973 and -60.482618682060206/66.48423412765061
19:49:09.465 [pool-4-thread-1] INFO com.openclassrooms.tourguide.service.RewardsService -- Assign reward points to dd8d5ea3-a412-424c-a74c-a07ea76d0380 for attraction Bryant-Denny Stadium
19:49:09.704 [pool-4-thread-1] INFO com.openclassrooms.tourguide.service.RewardsService -- Checking the user dd8d5ea3-a412-424c-a74c-a07ea76d0380 already get close from Tiger Stadium
19:49:09.704 [pool-4-thread-1] INFO com.openclassrooms.tourguide.service.RewardsService -- Calculate distance between -91.183815/30.412035 and -60.482618682060206/66.48423412765061
19:49:09.704 [pool-4-thread-1] INFO com.openclassrooms.tourguide.service.RewardsService -- Assign reward points to dd8d5ea3-a412-424c-a74c-a07ea76d0380 for attraction Tiger Stadium
19:49:10.066 [main] INFO com.openclassrooms.tourguide.service.RewardsService -- Checking the user dd8d5ea3-a412-424c-a74c-a07ea76d0380 already get close from Tiger Stadium
19:49:10.066 [main] INFO com.openclassrooms.tourguide.service.RewardsService -- Calculate distance between -91.183815/30.412035 and -60.482618682060206/66.48423412765061
19:49:10.066 [main] INFO com.openclassrooms.tourguide.service.RewardsService -- Assign reward points to dd8d5ea3-a412-424c-a74c-a07ea76d0380 for attraction Tiger Stadium
19:49:10.213 [main] INFO com.openclassrooms.tourguide.service.RewardsService -- Checking the user dd8d5ea3-a412-424c-a74c-a07ea76d0380 already get close from Neyland Stadium
19:49:10.213 [main] INFO com.openclassrooms.tourguide.service.RewardsService -- Calculate distance between -83.925011/35.955013 and -60.482618682060206/66.48423412765061
19:49:10.213 [main] INFO com.openclassrooms.tourguide.service.RewardsService -- Assign reward points to dd8d5ea3-a412-424c-a74c-a07ea76d0380 for attraction Neyland Stadium
19:49:10.576 [pool-4-thread-1] INFO com.openclassrooms.tourguide.service.RewardsService -- Checking the user dd8d5ea3-a412-424c-a74c-a07ea76d0380 already get close from Neyland Stadium
19:49:10.576 [pool-4-thread-1] INFO com.openclassrooms.tourguide.service.RewardsService -- Calculate distance between -83.925011/35.955013 and -60.482618682060206/66.48423412765061
19:49:10.576 [pool-4-thread-1] INFO com.openclassrooms.tourguide.service.RewardsService -- Assign reward points to dd8d5ea3-a412-424c-a74c-a07ea76d0380 for attraction Neyland Stadium
19:49:10.802 [pool-4-thread-1] INFO com.openclassrooms.tourguide.service.RewardsService -- Checking the user dd8d5ea3-a412-424c-a74c-a07ea76d0380 already get close from Kyle Field
19:49:10.802 [pool-4-thread-1] INFO com.openclassrooms.tourguide.service.RewardsService -- Calculate distance between -96.339844/30.61025 and -60.482618682060206/66.48423412765061
19:49:10.802 [pool-4-thread-1] INFO com.openclassrooms.tourguide.service.RewardsService -- Assign reward points to dd8d5ea3-a412-424c-a74c-a07ea76d0380 for attraction Kyle Field
19:49:10.992 [pool-4-thread-1] INFO com.openclassrooms.tourguide.service.RewardsService -- Checking the user dd8d5ea3-a412-424c-a74c-a07ea76d0380 already get close from San Diego Zoo
19:49:10.992 [pool-4-thread-1] INFO com.openclassrooms.tourguide.service.RewardsService -- Calculate distance between -117.149048/32.735317 and -60.482618682060206/66.48423412765061
19:49:10.992 [pool-4-thread-1] INFO com.openclassrooms.tourguide.service.RewardsService -- Assign reward points to dd8d5ea3-a412-424c-a74c-a07ea76d0380 for attraction San Diego Zoo
19:49:11.061 [main] INFO com.openclassrooms.tourguide.service.RewardsService -- Checking the user dd8d5ea3-a412-424c-a74c-a07ea76d0380 already get close from Kyle Field
19:49:11.061 [main] INFO com.openclassrooms.tourguide.service.RewardsService -- Calculate distance between -96.339844/30.61025 and -60.482618682060206/66.48423412765061
19:49:11.061 [main] INFO com.openclassrooms.tourguide.service.RewardsService -- Assign reward points to dd8d5ea3-a412-424c-a74c-a07ea76d0380 for attraction Kyle Field
19:49:11.564 [pool-4-thread-1] INFO com.openclassrooms.tourguide.service.RewardsService -- Checking the user dd8d5ea3-a412-424c-a74c-a07ea76d0380 already get close from Zoo Tampa at Lowry Park
19:49:11.564 [pool-4-thread-1] INFO com.openclassrooms.tourguide.service.RewardsService -- Calculate distance between -82.469269/28.012804 and -60.482618682060206/66.48423412765061
19:49:11.564 [pool-4-thread-1] INFO com.openclassrooms.tourguide.service.RewardsService -- Assign reward points to dd8d5ea3-a412-424c-a74c-a07ea76d0380 for attraction Zoo Tampa at Lowry Park
19:49:11.671 [main] INFO com.openclassrooms.tourguide.service.RewardsService -- Checking the user dd8d5ea3-a412-424c-a74c-a07ea76d0380 already get close from San Diego Zoo
19:49:11.671 [main] INFO com.openclassrooms.tourguide.service.RewardsService -- Calculate distance between -117.149048/32.735317 and -60.482618682060206/66.48423412765061
19:49:11.671 [main] INFO com.openclassrooms.tourguide.service.RewardsService -- Assign reward points to dd8d5ea3-a412-424c-a74c-a07ea76d0380 for attraction San Diego Zoo
19:49:11.954 [main] INFO com.openclassrooms.tourguide.service.RewardsService -- Checking the user dd8d5ea3-a412-424c-a74c-a07ea76d0380 already get close from Zoo Tampa at Lowry Park
19:49:11.954 [main] INFO com.openclassrooms.tourguide.service.RewardsService -- Calculate distance between -82.469269/28.012804 and -60.482618682060206/66.48423412765061
19:49:11.954 [main] INFO com.openclassrooms.tourguide.service.RewardsService -- Assign reward points to dd8d5ea3-a412-424c-a74c-a07ea76d0380 for attraction Zoo Tampa at Lowry Park
19:49:12.061 [main] INFO com.openclassrooms.tourguide.service.RewardsService -- Checking the user dd8d5ea3-a412-424c-a74c-a07ea76d0380 already get close from Franklin Park Zoo
19:49:12.061 [main] INFO com.openclassrooms.tourguide.service.RewardsService -- Calculate distance between -71.086731/42.302601 and -60.482618682060206/66.48423412765061
[...]
19:49:13.270 [pool-5-thread-1] INFO com.openclassrooms.tourguide.tracker.Tracker -- Tracker sleeping
19:49:13.364 [main] INFO com.openclassrooms.tourguide.service.TourGuideService -- Adding the current location to the user jon
19:49:13.364 [main] INFO com.openclassrooms.tourguide.service.RewardsService -- calculate reward for jon on his 2 known locations
19:49:13.376 [main] INFO com.openclassrooms.tourguide.service.RewardsService -- Checking the user c9b902a7-1a19-430e-974b-07f250e903b9 already get close from Disneyland
19:49:13.376 [main] INFO com.openclassrooms.tourguide.service.RewardsService -- Calculate distance between -117.922008/33.817595 and -117.922008/33.817595
19:49:13.376 [main] INFO com.openclassrooms.tourguide.service.RewardsService -- Assign reward points to c9b902a7-1a19-430e-974b-07f250e903b9 for attraction Disneyland
19:49:14.042 [pool-4-thread-1] INFO com.openclassrooms.tourguide.service.RewardsService -- Checking the user dd8d5ea3-a412-424c-a74c-a07ea76d0380 already get close from Bronx Zoo
19:49:14.042 [pool-4-thread-1] INFO com.openclassrooms.tourguide.service.RewardsService -- Calculate distance between -73.872971/40.852905 and -60.482618682060206/66.48423412765061
19:49:14.042 [pool-4-thread-1] INFO com.openclassrooms.tourguide.service.RewardsService -- Assign reward points to dd8d5ea3-a412-424c-a74c-a07ea76d0380 for attraction Bronx Zoo
19:49:14.102 [pool-4-thread-1] INFO com.openclassrooms.tourguide.service.RewardsService -- Checking the user dd8d5ea3-a412-424c-a74c-a07ea76d0380 already get close from Cinderella Castle
19:49:14.102 [pool-4-thread-1] INFO com.openclassrooms.tourguide.service.RewardsService -- Calculate distance between -81.5812/28.419411 and -60.482618682060206/66.48423412765061
19:49:14.102 [pool-4-thread-1] INFO com.openclassrooms.tourguide.service.RewardsService -- Assign reward points to dd8d5ea3-a412-424c-a74c-a07ea76d0380 for attraction Cinderella Castle
19:49:14.242 [pool-4-thread-1] INFO com.openclassrooms.tourguide.service.RewardsService -- Checking the user dd8d5ea3-a412-424c-a74c-a07ea76d0380 already get close from Disneyland
19:49:14.242 [pool-4-thread-1] INFO com.openclassrooms.tourguide.service.RewardsService -- Calculate distance between -117.922008/33.817595 and 35.359712/-26.78019
19:49:14.242 [pool-4-thread-1] INFO com.openclassrooms.tourguide.service.RewardsService -- Assign reward points to dd8d5ea3-a412-424c-a74c-a07ea76d0380 for attraction Disneyland
19:49:14.251 [main] INFO com.openclassrooms.tourguide.service.RewardsService -- Checking the user c9b902a7-1a19-430e-974b-07f250e903b9 already get close from Jackson Hole
19:49:14.251 [main] INFO com.openclassrooms.tourguide.service.RewardsService -- Calculate distance between -110.821999/43.582767 and -117.922008/33.817595
19:49:14.251 [main] INFO com.openclassrooms.tourguide.service.RewardsService -- Checking the user c9b902a7-1a19-430e-974b-07f250e903b9 already get close from Mojave National Preserve
19:49:14.251 [main] INFO com.openclassrooms.tourguide.service.RewardsService -- Calculate distance between -115.510399/35.141689 and -117.922008/33.817595
19:49:14.251 [main] INFO com.openclassrooms.tourguide.service.RewardsService -- Checking the user c9b902a7-1a19-430e-974b-07f250e903b9 already get close from Joshua Tree National Park
19:49:14.251 [main] INFO com.openclassrooms.tourguide.service.RewardsService -- Calculate distance between -115.90065/33.881866 and -117.922008/33.817595
19:49:14.251 [main] INFO com.openclassrooms.tourguide.service.RewardsService -- Checking the user c9b902a7-1a19-430e-974b-07f250e903b9 already get close from Buffalo National River
19:49:14.251 [main] INFO com.openclassrooms.tourguide.service.RewardsService -- Calculate distance between -92.757652/35.985512 and -117.922008/33.817595
19:49:14.251 [main] INFO com.openclassrooms.tourguide.service.RewardsService -- Checking the user c9b902a7-1a19-430e-974b-07f250e903b9 already get close from Hot Springs National Park
19:49:14.251 [main] INFO com.openclassrooms.tourguide.service.RewardsService -- Calculate distance between -93.042267/34.52153 and -117.922008/33.817595
19:49:14.251 [main] INFO com.openclassrooms.tourguide.service.RewardsService -- Checking the user c9b902a7-1a19-430e-974b-07f250e903b9 already get close from Kartchner Caverns State Park
19:49:14.251 [main] INFO com.openclassrooms.tourguide.service.RewardsService -- Calculate distance between -110.347382/31.837551 and -117.922008/33.817595
19:49:14.251 [main] INFO com.openclassrooms.tourguide.service.RewardsService -- Checking the user c9b902a7-1a19-430e-974b-07f250e903b9 already get close from Legend Valley
19:49:14.251 [main] INFO com.openclassrooms.tourguide.service.RewardsService -- Calculate distance between -82.40667/39.937778 and -117.922008/33.817595
19:49:14.251 [main] INFO com.openclassrooms.tourguide.service.RewardsService -- Checking the user c9b902a7-1a19-430e-974b-07f250e903b9 already get close from Flowers Bakery of London
19:49:14.251 [main] INFO com.openclassrooms.tourguide.service.RewardsService -- Calculate distance between -84.07486/37.131527 and -117.922008/33.817595
19:49:14.251 [main] INFO com.openclassrooms.tourguide.service.RewardsService -- Checking the user c9b902a7-1a19-430e-974b-07f250e903b9 already get close from McKinley Tower
19:49:14.251 [main] INFO com.openclassrooms.tourguide.service.RewardsService -- Calculate distance between -149.877502/61.218887 and -117.922008/33.817595
19:49:14.251 [main] INFO com.openclassrooms.tourguide.service.RewardsService -- Checking the user c9b902a7-1a19-430e-974b-07f250e903b9 already get close from Flatiron Building
19:49:14.251 [main] INFO com.openclassrooms.tourguide.service.RewardsService -- Calculate distance between -73.989723/40.741112 and -117.922008/33.817595
19:49:14.251 [main] INFO com.openclassrooms.tourguide.service.RewardsService -- Checking the user c9b902a7-1a19-430e-974b-07f250e903b9 already get close from Fallingwater
19:49:14.251 [main] INFO com.openclassrooms.tourguide.service.RewardsService -- Calculate distance between -79.468056/39.906113 and -117.922008/33.817595
19:49:14.251 [main] INFO com.openclassrooms.tourguide.service.RewardsService -- Checking the user c9b902a7-1a19-430e-974b-07f250e903b9 already get close from Union Station
19:49:14.251 [main] INFO com.openclassrooms.tourguide.service.RewardsService -- Calculate distance between -77.006332/38.897095 and -117.922008/33.817595
19:49:14.251 [main] INFO com.openclassrooms.tourguide.service.RewardsService -- Checking the user c9b902a7-1a19-430e-974b-07f250e903b9 already get close from Roger Dean Stadium
19:49:14.251 [main] INFO com.openclassrooms.tourguide.service.RewardsService -- Calculate distance between -80.116577/26.890959 and -117.922008/33.817595
19:49:14.251 [main] INFO com.openclassrooms.tourguide.service.RewardsService -- Checking the user c9b902a7-1a19-430e-974b-07f250e903b9 already get close from Texas Memorial Stadium
19:49:14.251 [main] INFO com.openclassrooms.tourguide.service.RewardsService -- Calculate distance between -97.732536/30.283682 and -117.922008/33.817595
19:49:14.251 [main] INFO com.openclassrooms.tourguide.service.RewardsService -- Checking the user c9b902a7-1a19-430e-974b-07f250e903b9 already get close from Bryant-Denny Stadium
19:49:14.251 [main] INFO com.openclassrooms.tourguide.service.RewardsService -- Calculate distance between -87.550438/33.208973 and -117.922008/33.817595
19:49:14.251 [main] INFO com.openclassrooms.tourguide.service.RewardsService -- Checking the user c9b902a7-1a19-430e-974b-07f250e903b9 already get close from Tiger Stadium
19:49:14.251 [main] INFO com.openclassrooms.tourguide.service.RewardsService -- Calculate distance between -91.183815/30.412035 and -117.922008/33.817595
19:49:14.251 [main] INFO com.openclassrooms.tourguide.service.RewardsService -- Checking the user c9b902a7-1a19-430e-974b-07f250e903b9 already get close from Neyland Stadium
19:49:14.251 [main] INFO com.openclassrooms.tourguide.service.RewardsService -- Calculate distance between -83.925011/35.955013 and -117.922008/33.817595
19:49:14.251 [main] INFO com.openclassrooms.tourguide.service.RewardsService -- Checking the user c9b902a7-1a19-430e-974b-07f250e903b9 already get close from Kyle Field
19:49:14.251 [main] INFO com.openclassrooms.tourguide.service.RewardsService -- Calculate distance between -96.339844/30.61025 and -117.922008/33.817595
19:49:14.251 [main] INFO com.openclassrooms.tourguide.service.RewardsService -- Checking the user c9b902a7-1a19-430e-974b-07f250e903b9 already get close from San Diego Zoo
19:49:14.251 [main] INFO com.openclassrooms.tourguide.service.RewardsService -- Calculate distance between -117.149048/32.735317 and -117.922008/33.817595
19:49:14.251 [main] INFO com.openclassrooms.tourguide.service.RewardsService -- Checking the user c9b902a7-1a19-430e-974b-07f250e903b9 already get close from Zoo Tampa at Lowry Park
19:49:14.251 [main] INFO com.openclassrooms.tourguide.service.RewardsService -- Calculate distance between -82.469269/28.012804 and -117.922008/33.817595
19:49:14.251 [main] INFO com.openclassrooms.tourguide.service.RewardsService -- Checking the user c9b902a7-1a19-430e-974b-07f250e903b9 already get close from Franklin Park Zoo
19:49:14.251 [main] INFO com.openclassrooms.tourguide.service.RewardsService -- Calculate distance between -71.086731/42.302601 and -117.922008/33.817595
19:49:14.251 [main] INFO com.openclassrooms.tourguide.service.RewardsService -- Checking the user c9b902a7-1a19-430e-974b-07f250e903b9 already get close from El Paso Zoo
19:49:14.251 [main] INFO com.openclassrooms.tourguide.service.RewardsService -- Calculate distance between -106.44487/31.769125 and -117.922008/33.817595
19:49:14.251 [main] INFO com.openclassrooms.tourguide.service.RewardsService -- Checking the user c9b902a7-1a19-430e-974b-07f250e903b9 already get close from Kansas City Zoo
19:49:14.251 [main] INFO com.openclassrooms.tourguide.service.RewardsService -- Calculate distance between -94.529625/39.007504 and -117.922008/33.817595
19:49:14.251 [main] INFO com.openclassrooms.tourguide.service.RewardsService -- Checking the user c9b902a7-1a19-430e-974b-07f250e903b9 already get close from Bronx Zoo
19:49:14.251 [main] INFO com.openclassrooms.tourguide.service.RewardsService -- Calculate distance between -73.872971/40.852905 and -117.922008/33.817595
19:49:14.251 [main] INFO com.openclassrooms.tourguide.service.RewardsService -- Checking the user c9b902a7-1a19-430e-974b-07f250e903b9 already get close from Cinderella Castle
19:49:14.251 [main] INFO com.openclassrooms.tourguide.service.RewardsService -- Calculate distance between -81.5812/28.419411 and -117.922008/33.817595
19:49:14.251 [main] INFO com.openclassrooms.tourguide.service.RewardsService -- Checking the user c9b902a7-1a19-430e-974b-07f250e903b9 already get close from Disneyland
19:49:14.251 [main] INFO com.openclassrooms.tourguide.service.RewardsService -- Calculate distance between -117.922008/33.817595 and 166.233693/0.969324
19:49:14.251 [main] INFO com.openclassrooms.tourguide.service.RewardsService -- Checking the user c9b902a7-1a19-430e-974b-07f250e903b9 already get close from Jackson Hole
19:49:14.251 [main] INFO com.openclassrooms.tourguide.service.RewardsService -- Calculate distance between -110.821999/43.582767 and 166.233693/0.969324
19:49:14.251 [main] INFO com.openclassrooms.tourguide.service.RewardsService -- Checking the user c9b902a7-1a19-430e-974b-07f250e903b9 already get close from Mojave National Preserve
19:49:14.251 [main] INFO com.openclassrooms.tourguide.service.RewardsService -- Calculate distance between -115.510399/35.141689 and 166.233693/0.969324
19:49:14.251 [main] INFO com.openclassrooms.tourguide.service.RewardsService -- Checking the user c9b902a7-1a19-430e-974b-07f250e903b9 already get close from Joshua Tree National Park
19:49:14.251 [main] INFO com.openclassrooms.tourguide.service.RewardsService -- Calculate distance between -115.90065/33.881866 and 166.233693/0.969324
19:49:14.251 [main] INFO com.openclassrooms.tourguide.service.RewardsService -- Checking the user c9b902a7-1a19-430e-974b-07f250e903b9 already get close from Buffalo National River
19:49:14.251 [main] INFO com.openclassrooms.tourguide.service.RewardsService -- Calculate distance between -92.757652/35.985512 and 166.233693/0.969324
19:49:14.251 [main] INFO com.openclassrooms.tourguide.service.RewardsService -- Checking the user c9b902a7-1a19-430e-974b-07f250e903b9 already get close from Hot Springs National Park
19:49:14.251 [main] INFO com.openclassrooms.tourguide.service.RewardsService -- Calculate distance between -93.042267/34.52153 and 166.233693/0.969324
19:49:14.251 [main] INFO com.openclassrooms.tourguide.service.RewardsService -- Checking the user c9b902a7-1a19-430e-974b-07f250e903b9 already get close from Kartchner Caverns State Park
19:49:14.251 [main] INFO com.openclassrooms.tourguide.service.RewardsService -- Calculate distance between -110.347382/31.837551 and 166.233693/0.969324
19:49:14.251 [main] INFO com.openclassrooms.tourguide.service.RewardsService -- Checking the user c9b902a7-1a19-430e-974b-07f250e903b9 already get close from Legend Valley
19:49:14.251 [main] INFO com.openclassrooms.tourguide.service.RewardsService -- Calculate distance between -82.40667/39.937778 and 166.233693/0.969324
19:49:14.251 [main] INFO com.openclassrooms.tourguide.service.RewardsService -- Checking the user c9b902a7-1a19-430e-974b-07f250e903b9 already get close from Flowers Bakery of London
19:49:14.251 [main] INFO com.openclassrooms.tourguide.service.RewardsService -- Calculate distance between -84.07486/37.131527 and 166.233693/0.969324
19:49:14.251 [main] INFO com.openclassrooms.tourguide.service.RewardsService -- Checking the user c9b902a7-1a19-430e-974b-07f250e903b9 already get close from McKinley Tower
19:49:14.251 [main] INFO com.openclassrooms.tourguide.service.RewardsService -- Calculate distance between -149.877502/61.218887 and 166.233693/0.969324
19:49:14.251 [main] INFO com.openclassrooms.tourguide.service.RewardsService -- Checking the user c9b902a7-1a19-430e-974b-07f250e903b9 already get close from Flatiron Building
19:49:14.251 [main] INFO com.openclassrooms.tourguide.service.RewardsService -- Calculate distance between -73.989723/40.741112 and 166.233693/0.969324
19:49:14.251 [main] INFO com.openclassrooms.tourguide.service.RewardsService -- Checking the user c9b902a7-1a19-430e-974b-07f250e903b9 already get close from Fallingwater
19:49:14.251 [main] INFO com.openclassrooms.tourguide.service.RewardsService -- Calculate distance between -79.468056/39.906113 and 166.233693/0.969324
19:49:14.251 [main] INFO com.openclassrooms.tourguide.service.RewardsService -- Checking the user c9b902a7-1a19-430e-974b-07f250e903b9 already get close from Union Station
19:49:14.251 [main] INFO com.openclassrooms.tourguide.service.RewardsService -- Calculate distance between -77.006332/38.897095 and 166.233693/0.969324
19:49:14.251 [main] INFO com.openclassrooms.tourguide.service.RewardsService -- Checking the user c9b902a7-1a19-430e-974b-07f250e903b9 already get close from Roger Dean Stadium
19:49:14.251 [main] INFO com.openclassrooms.tourguide.service.RewardsService -- Calculate distance between -80.116577/26.890959 and 166.233693/0.969324
19:49:14.251 [main] INFO com.openclassrooms.tourguide.service.RewardsService -- Checking the user c9b902a7-1a19-430e-974b-07f250e903b9 already get close from Texas Memorial Stadium
19:49:14.251 [main] INFO com.openclassrooms.tourguide.service.RewardsService -- Calculate distance between -97.732536/30.283682 and 166.233693/0.969324
19:49:14.251 [main] INFO com.openclassrooms.tourguide.service.RewardsService -- Checking the user c9b902a7-1a19-430e-974b-07f250e903b9 already get close from Bryant-Denny Stadium
19:49:14.251 [main] INFO com.openclassrooms.tourguide.service.RewardsService -- Calculate distance between -87.550438/33.208973 and 166.233693/0.969324
19:49:14.251 [main] INFO com.openclassrooms.tourguide.service.RewardsService -- Checking the user c9b902a7-1a19-430e-974b-07f250e903b9 already get close from Tiger Stadium
19:49:14.251 [main] INFO com.openclassrooms.tourguide.service.RewardsService -- Calculate distance between -91.183815/30.412035 and 166.233693/0.969324
19:49:14.251 [main] INFO com.openclassrooms.tourguide.service.RewardsService -- Checking the user c9b902a7-1a19-430e-974b-07f250e903b9 already get close from Neyland Stadium
19:49:14.251 [main] INFO com.openclassrooms.tourguide.service.RewardsService -- Calculate distance between -83.925011/35.955013 and 166.233693/0.969324
19:49:14.251 [main] INFO com.openclassrooms.tourguide.service.RewardsService -- Checking the user c9b902a7-1a19-430e-974b-07f250e903b9 already get close from Kyle Field
19:49:14.251 [main] INFO com.openclassrooms.tourguide.service.RewardsService -- Calculate distance between -96.339844/30.61025 and 166.233693/0.969324
19:49:14.251 [main] INFO com.openclassrooms.tourguide.service.RewardsService -- Checking the user c9b902a7-1a19-430e-974b-07f250e903b9 already get close from San Diego Zoo
19:49:14.251 [main] INFO com.openclassrooms.tourguide.service.RewardsService -- Calculate distance between -117.149048/32.735317 and 166.233693/0.969324
19:49:14.251 [main] INFO com.openclassrooms.tourguide.service.RewardsService -- Checking the user c9b902a7-1a19-430e-974b-07f250e903b9 already get close from Zoo Tampa at Lowry Park
19:49:14.251 [main] INFO com.openclassrooms.tourguide.service.RewardsService -- Calculate distance between -82.469269/28.012804 and 166.233693/0.969324
19:49:14.251 [main] INFO com.openclassrooms.tourguide.service.RewardsService -- Checking the user c9b902a7-1a19-430e-974b-07f250e903b9 already get close from Franklin Park Zoo
19:49:14.251 [main] INFO com.openclassrooms.tourguide.service.RewardsService -- Calculate distance between -71.086731/42.302601 and 166.233693/0.969324
19:49:14.251 [main] INFO com.openclassrooms.tourguide.service.RewardsService -- Checking the user c9b902a7-1a19-430e-974b-07f250e903b9 already get close from El Paso Zoo
19:49:14.251 [main] INFO com.openclassrooms.tourguide.service.RewardsService -- Calculate distance between -106.44487/31.769125 and 166.233693/0.969324
19:49:14.251 [main] INFO com.openclassrooms.tourguide.service.RewardsService -- Checking the user c9b902a7-1a19-430e-974b-07f250e903b9 already get close from Kansas City Zoo
19:49:14.251 [main] INFO com.openclassrooms.tourguide.service.RewardsService -- Calculate distance between -94.529625/39.007504 and 166.233693/0.969324
19:49:14.251 [main] INFO com.openclassrooms.tourguide.service.RewardsService -- Checking the user c9b902a7-1a19-430e-974b-07f250e903b9 already get close from Bronx Zoo
19:49:14.251 [main] INFO com.openclassrooms.tourguide.service.RewardsService -- Calculate distance between -73.872971/40.852905 and 166.233693/0.969324
19:49:14.251 [main] INFO com.openclassrooms.tourguide.service.RewardsService -- Checking the user c9b902a7-1a19-430e-974b-07f250e903b9 already get close from Cinderella Castle
19:49:14.251 [main] INFO com.openclassrooms.tourguide.service.RewardsService -- Calculate distance between -81.5812/28.419411 and 166.233693/0.969324
19:49:14.251 [main] INFO com.openclassrooms.tourguide.service.RewardsService -- Trying to add 1 rewards
19:49:14.251 [main] INFO com.openclassrooms.tourguide.service.RewardsService -- Adding reward Disneyland to jon
]]></system-out>
  </testcase>
  <testcase name="isWithinAttractionProximity" classname="com.openclassrooms.tourguide.TestRewardsService" time="0.013">
    <system-out><![CDATA[19:49:14.265 [main] INFO com.openclassrooms.tourguide.service.RewardsService -- Checking attraction proximity of Disneyland and location -117.922008/33.817595
19:49:14.265 [main] INFO com.openclassrooms.tourguide.service.RewardsService -- Calculate distance between -117.922008/33.817595 and -117.922008/33.817595
]]></system-out>
  </testcase>
</testsuite>