<?xml version="1.0" encoding="UTF-8"?>
<testsuite xmlns:xsi="http://www.w3.org/2001/XMLSchema-instance" xsi:noNamespaceSchemaLocation="https://maven.apache.org/surefire/maven-surefire-plugin/xsd/surefire-test-report-3.0.xsd" version="3.0" name="com.openclassrooms.tourguide.TestPerformance" time="169.037" tests="1" errors="0" skipped="0" failures="0">
  <properties>
[...]
</properties>
  <testcase name="highVolumeGetRewards" classname="com.openclassrooms.tourguide.TestPerformance" time="168.909">
    <system-out><![CDATA[18:37:58.526 [main] INFO com.openclassrooms.tourguide.service.TourGuideService -- TestMode enabled
18:37:58.611 [pool-2-thread-1] INFO com.openclassrooms.tourguide.tracker.Tracker -- Begin Tracker. Tracking 5000 users.
18:37:58.634 [main] INFO com.openclassrooms.tourguide.TestPerformance -- step 1 done
18:37:58.634 [main] INFO com.openclassrooms.tourguide.service.RewardsService -- calculating rewards for 5000 users
18:37:58.671 [pool-2-thread-1] INFO com.openclassrooms.tourguide.service.TourGuideService -- Adding the current location to the user internalUser1866
18:37:59.336 [pool-2-thread-1] INFO com.openclassrooms.tourguide.service.TourGuideService -- Adding the current location to the user internalUser1865
18:37:59.412 [pool-2-thread-1] INFO com.openclassrooms.tourguide.service.TourGuideService -- Adding the current location to the user internalUser1864
18:38:00.026 [pool-2-thread-1] INFO com.openclassrooms.tourguide.service.TourGuideService -- Adding the current location to the user internalUser1863
18:38:00.070 [pool-2-thread-1] INFO com.openclassrooms.tourguide.service.TourGuideService -- Adding the current location to the user internalUser1862
18:38:00.112 [pool-2-thread-1] INFO com.openclassrooms.tourguide.service.TourGuideService -- Adding the current location to the user internalUser1861
18:38:00.177 [pool-2-thread-1] INFO com.openclassrooms.tourguide.service.TourGuideService -- Adding the current location to the user internalUser1860
18:38:00.215 [pool-2-thread-1] INFO com.openclassrooms.tourguide.service.TourGuideService -- Adding the current location to the user internalUser1869
18:38:00.291 [pool-2-thread-1] INFO com.openclassrooms.tourguide.service.TourGuideService -- Adding the current location to the user internalUser1868
18:38:00.347 [pool-2-thread-1] INFO com.openclassrooms.tourguide.service.TourGuideService -- Adding the current location to the user internalUser1867
18:38:00.446 [pool-2-thread-1] INFO com.openclassrooms.tourguide.service.TourGuideService -- Adding the current location to the user internalUser4900
18:38:00.521 [pool-2-thread-1] INFO com.openclassrooms.tourguide.service.TourGuideService -- Adding the current location to the user internalUser4901
18:38:00.578 [pool-2-thread-1] INFO com.openclassrooms.tourguide.service.TourGuideService -- Adding the current location to the user internalUser4902
18:38:00.674 [pool-2-thread-1] INFO com.openclassrooms.tourguide.service.TourGuideService -- Adding the current location to the user internalUser1877
18:38:00.719 [pool-2-thread-1] INFO com.openclassrooms.tourguide.service.TourGuideService -- Adding the current location to the user internalUser1876
18:38:00.813 [pool-2-thread-1] INFO com.openclassrooms.tourguide.service.TourGuideService -- Adding the current location to the user internalUser1875
18:38:00.866 [pool-2-thread-1] INFO com.openclassrooms.tourguide.service.TourGuideService -- Adding the current location to the user internalUser1874
18:38:00.917 [pool-2-thread-1] INFO com.openclassrooms.tourguide.service.TourGuideService -- Adding the current location to the user internalUser1873
18:38:00.987 [pool-2-thread-1] INFO com.openclassrooms.tourguide.service.TourGuideService -- Adding the current location to the user internalUser1872
18:38:01.075 [pool-2-thread-1] INFO com.openclassrooms.tourguide.service.TourGuideService -- Adding the current location to the user internalUser1871
18:38:01.174 [pool-2-thread-1] INFO com.openclassrooms.tourguide.service.TourGuideService -- Adding the current location to the user internalUser1870
18:38:01.212 [pool-2-thread-1] INFO com.openclassrooms.tourguide.service.TourGuideService -- Adding the current location to the user internalUser1879
18:38:01.293 [pool-2-thread-1] INFO com.openclassrooms.tourguide.service.TourGuideService -- Adding the current location to the user internalUser1878
18:38:01.344 [pool-2-thread-1] INFO com.openclassrooms.tourguide.service.TourGuideService -- Adding the current location to the user internalUser4903
18:38:01.396 [pool-2-thread-1] INFO com.openclassrooms.tourguide.service.TourGuideService -- Adding the current location to the user internalUser4904
18:38:01.467 [pool-2-thread-1] INFO com.openclassrooms.tourguide.service.TourGuideService -- Adding the current location to the user internalUser4905
18:38:01.503 [pool-2-thread-1] INFO com.openclassrooms.tourguide.service.TourGuideService -- Adding the current location to the user internalUser4906
18:38:01.586 [pool-2-thread-1] INFO com.openclassrooms.tourguide.service.TourGuideService -- Adding the current location to the user internalUser4907
18:38:01.618 [pool-2-thread-1] INFO com.openclassrooms.tourguide.service.TourGuideService -- Adding the current location to the user internalUser4908
18:38:01.683 [pool-2-thread-1] INFO com.openclassrooms.tourguide.service.TourGuideService -- Adding the current location to the user internalUser4909
18:38:01.719 [pool-2-thread-1] INFO com.openclassrooms.tourguide.service.TourGuideService -- Adding the current location to the user internalUser1844
18:38:01.768 [pool-2-thread-1] INFO com.openclassrooms.tourguide.service.TourGuideService -- Adding the current location to the user internalUser1843
18:38:01.865 [pool-2-thread-1] INFO com.openclassrooms.tourguide.service.TourGuideService -- Adding the current location to the user internalUser1842
18:38:01.959 [pool-2-thread-1] INFO com.openclassrooms.tourguide.service.TourGuideService -- Adding the current location to the user internalUser1841
18:38:02.057 [pool-2-thread-1] INFO com.openclassrooms.tourguide.service.TourGuideService -- Adding the current location to the user internalUser1840
18:38:02.145 [pool-2-thread-1] INFO com.openclassrooms.tourguide.service.TourGuideService -- Adding the current location to the user internalUser1849
18:38:02.236 [pool-2-thread-1] INFO com.openclassrooms.tourguide.service.TourGuideService -- Adding the current location to the user internalUser1848
18:38:02.324 [pool-2-thread-1] INFO com.openclassrooms.tourguide.service.TourGuideService -- Adding the current location to the user internalUser1847
18:38:02.384 [pool-2-thread-1] INFO com.openclassrooms.tourguide.service.TourGuideService -- Adding the current location to the user internalUser1846
18:38:02.424 [pool-2-thread-1] INFO com.openclassrooms.tourguide.service.TourGuideService -- Adding the current location to the user internalUser1845
18:38:02.484 [pool-2-thread-1] INFO com.openclassrooms.tourguide.service.TourGuideService -- Adding the current location to the user internalUser1855
18:38:02.561 [pool-2-thread-1] INFO com.openclassrooms.tourguide.service.TourGuideService -- Adding the current location to the user internalUser1854
18:38:02.656 [pool-2-thread-1] INFO com.openclassrooms.tourguide.service.TourGuideService -- Adding the current location to the user internalUser1853
18:38:02.741 [pool-2-thread-1] INFO com.openclassrooms.tourguide.service.TourGuideService -- Adding the current location to the user internalUser1852
18:38:02.825 [pool-2-thread-1] INFO com.openclassrooms.tourguide.service.TourGuideService -- Adding the current location to the user internalUser1851
18:38:02.905 [pool-2-thread-1] INFO com.openclassrooms.tourguide.service.TourGuideService -- Adding the current location to the user internalUser1850
18:38:02.960 [pool-2-thread-1] INFO com.openclassrooms.tourguide.service.TourGuideService -- Adding the current location to the user internalUser1859
18:38:03.049 [pool-2-thread-1] INFO com.openclassrooms.tourguide.service.TourGuideService -- Adding the current location to the user internalUser1858
18:38:03.114 [pool-2-thread-1] INFO com.openclassrooms.tourguide.service.TourGuideService -- Adding the current location to the user internalUser1857
18:38:03.157 [pool-2-thread-1] INFO com.openclassrooms.tourguide.service.TourGuideService -- Adding the current location to the user internalUser1856
18:38:03.213 [pool-2-thread-1] INFO com.openclassrooms.tourguide.service.TourGuideService -- Adding the current location to the user internalUser4930
18:38:03.313 [pool-2-thread-1] INFO com.openclassrooms.tourguide.service.TourGuideService -- Adding the current location to the user internalUser3600
18:38:03.399 [pool-2-thread-1] INFO com.openclassrooms.tourguide.service.TourGuideService -- Adding the current location to the user internalUser4931
18:38:03.492 [pool-2-thread-1] INFO com.openclassrooms.tourguide.service.TourGuideService -- Adding the current location to the user internalUser3601
18:38:03.563 [pool-2-thread-1] INFO com.openclassrooms.tourguide.service.TourGuideService -- Adding the current location to the user internalUser4932
18:38:03.652 [pool-2-thread-1] INFO com.openclassrooms.tourguide.service.TourGuideService -- Adding the current location to the user internalUser3602
18:38:03.691 [pool-2-thread-1] INFO com.openclassrooms.tourguide.service.TourGuideService -- Adding the current location to the user internalUser4933
18:38:03.725 [pool-2-thread-1] INFO com.openclassrooms.tourguide.service.TourGuideService -- Adding the current location to the user internalUser3603
18:38:03.774 [pool-2-thread-1] INFO com.openclassrooms.tourguide.service.TourGuideService -- Adding the current location to the user internalUser4934
18:38:03.853 [pool-2-thread-1] INFO com.openclassrooms.tourguide.service.TourGuideService -- Adding the current location to the user internalUser3604
18:38:03.891 [pool-2-thread-1] INFO com.openclassrooms.tourguide.service.TourGuideService -- Adding the current location to the user internalUser4935
18:38:03.968 [pool-2-thread-1] INFO com.openclassrooms.tourguide.service.TourGuideService -- Adding the current location to the user internalUser3605
18:38:04.046 [pool-2-thread-1] INFO com.openclassrooms.tourguide.service.TourGuideService -- Adding the current location to the user internalUser4936
18:38:04.099 [pool-2-thread-1] INFO com.openclassrooms.tourguide.service.TourGuideService -- Adding the current location to the user internalUser3606
18:38:04.154 [pool-2-thread-1] INFO com.openclassrooms.tourguide.service.TourGuideService -- Adding the current location to the user internalUser4937
18:38:04.246 [pool-2-thread-1] INFO com.openclassrooms.tourguide.service.TourGuideService -- Adding the current location to the user internalUser3607
18:38:04.298 [pool-2-thread-1] INFO com.openclassrooms.tourguide.service.TourGuideService -- Adding the current location to the user internalUser4938
18:38:04.362 [pool-2-thread-1] INFO com.openclassrooms.tourguide.service.TourGuideService -- Adding the current location to the user internalUser3608
18:38:04.416 [pool-2-thread-1] INFO com.openclassrooms.tourguide.service.TourGuideService -- Adding the current location to the user internalUser4939
18:38:04.484 [pool-2-thread-1] INFO com.openclassrooms.tourguide.service.TourGuideService -- Adding the current location to the user internalUser3609
18:38:04.546 [pool-2-thread-1] INFO com.openclassrooms.tourguide.service.TourGuideService -- Adding the current location to the user internalUser4940
18:38:04.633 [pool-2-thread-1] INFO com.openclassrooms.tourguide.service.TourGuideService -- Adding the current location to the user internalUser3610
18:38:04.690 [pool-2-thread-1] INFO com.openclassrooms.tourguide.service.TourGuideService -- Adding the current location to the user internalUser4941
18:38:04.738 [pool-2-thread-1] INFO com.openclassrooms.tourguide.service.TourGuideService -- Adding the current location to the user internalUser3611
18:38:04.787 [pool-2-thread-1] INFO com.openclassrooms.tourguide.service.TourGuideService -- Adding the current location to the user internalUser4942
18:38:04.846 [pool-2-thread-1] INFO com.openclassrooms.tourguide.service.TourGuideService -- Adding the current location to the user internalUser3612
18:38:04.881 [pool-2-thread-1] INFO com.openclassrooms.tourguide.service.TourGuideService -- Adding the current location to the user internalUser4943
18:38:04.955 [pool-2-thread-1] INFO com.openclassrooms.tourguide.service.TourGuideService -- Adding the current location to the user internalUser3613
18:38:05.010 [pool-2-thread-1] INFO com.openclassrooms.tourguide.service.TourGuideService -- Adding the current location to the user internalUser4944
18:38:05.048 [pool-2-thread-1] INFO com.openclassrooms.tourguide.service.TourGuideService -- Adding the current location to the user internalUser3614
18:38:05.108 [pool-2-thread-1] INFO com.openclassrooms.tourguide.service.TourGuideService -- Adding the current location to the user internalUser4945
18:38:05.153 [pool-2-thread-1] INFO com.openclassrooms.tourguide.service.TourGuideService -- Adding the current location to the user internalUser3615
18:38:05.189 [pool-2-thread-1] INFO com.openclassrooms.tourguide.service.TourGuideService -- Adding the current location to the user internalUser4946
18:38:05.230 [pool-2-thread-1] INFO com.openclassrooms.tourguide.service.TourGuideService -- Adding the current location to the user internalUser3616
18:38:05.296 [pool-2-thread-1] INFO com.openclassrooms.tourguide.service.TourGuideService -- Adding the current location to the user internalUser4947
18:38:05.349 [pool-2-thread-1] INFO com.openclassrooms.tourguide.service.TourGuideService -- Adding the current location to the user internalUser3617
18:38:05.418 [pool-2-thread-1] INFO com.openclassrooms.tourguide.service.TourGuideService -- Adding the current location to the user internalUser4948
18:38:05.458 [pool-2-thread-1] INFO com.openclassrooms.tourguide.service.TourGuideService -- Adding the current location to the user internalUser3618
18:38:05.525 [pool-2-thread-1] INFO com.openclassrooms.tourguide.service.TourGuideService -- Adding the current location to the user internalUser4949
18:38:05.590 [pool-2-thread-1] INFO com.openclassrooms.tourguide.service.TourGuideService -- Adding the current location to the user internalUser3619
18:38:05.629 [pool-2-thread-1] INFO com.openclassrooms.tourguide.service.TourGuideService -- Adding the current location to the user internalUser1880
18:38:05.703 [pool-2-thread-1] INFO com.openclassrooms.tourguide.service.TourGuideService -- Adding the current location to the user internalUser4910
18:38:05.777 [pool-2-thread-1] INFO com.openclassrooms.tourguide.service.TourGuideService -- Adding the current location to the user internalUser4911
18:38:05.848 [pool-2-thread-1] INFO com.openclassrooms.tourguide.service.TourGuideService -- Adding the current location to the user internalUser4912
18:38:05.934 [pool-2-thread-1] INFO com.openclassrooms.tourguide.service.TourGuideService -- Adding the current location to the user internalUser4913
18:38:06.007 [pool-2-thread-1] INFO com.openclassrooms.tourguide.service.TourGuideService -- Adding the current location to the user internalUser1888
18:38:06.043 [pool-2-thread-1] INFO com.openclassrooms.tourguide.service.TourGuideService -- Adding the current location to the user internalUser1887
18:38:06.105 [pool-2-thread-1] INFO com.openclassrooms.tourguide.service.TourGuideService -- Adding the current location to the user internalUser1886
18:38:06.182 [pool-2-thread-1] INFO com.openclassrooms.tourguide.service.TourGuideService -- Adding the current location to the user internalUser1885
18:38:06.226 [pool-2-thread-1] INFO com.openclassrooms.tourguide.service.TourGuideService -- Adding the current location to the user internalUser1884
18:38:06.300 [pool-2-thread-1] INFO com.openclassrooms.tourguide.service.TourGuideService -- Adding the current location to the user internalUser1883
18:38:06.372 [pool-2-thread-1] INFO com.openclassrooms.tourguide.service.TourGuideService -- Adding the current location to the user internalUser1882
18:38:06.438 [pool-2-thread-1] INFO com.openclassrooms.tourguide.service.TourGuideService -- Adding the current location to the user internalUser1881
18:38:06.536 [pool-2-thread-1] INFO com.openclassrooms.tourguide.service.TourGuideService -- Adding the current location to the user internalUser1889
18:38:06.610 [pool-2-thread-1] INFO com.openclassrooms.tourguide.service.TourGuideService -- Adding the current location to the user internalUser4914
18:38:06.701 [pool-2-thread-1] INFO com.openclassrooms.tourguide.service.TourGuideService -- Adding the current location to the user internalUser4915
18:38:06.747 [pool-2-thread-1] INFO com.openclassrooms.tourguide.service.TourGuideService -- Adding the current location to the user internalUser4916
18:38:06.778 [pool-2-thread-1] INFO com.openclassrooms.tourguide.service.TourGuideService -- Adding the current location to the user internalUser4917
18:38:06.822 [pool-2-thread-1] INFO com.openclassrooms.tourguide.service.TourGuideService -- Adding the current location to the user internalUser4918
18:38:06.862 [pool-2-thread-1] INFO com.openclassrooms.tourguide.service.TourGuideService -- Adding the current location to the user internalUser4919
18:38:06.906 [pool-2-thread-1] INFO com.openclassrooms.tourguide.service.TourGuideService -- Adding the current location to the user internalUser1891
18:38:06.991 [pool-2-thread-1] INFO com.openclassrooms.tourguide.service.TourGuideService -- Adding the current location to the user internalUser1890
18:38:07.055 [pool-2-thread-1] INFO com.openclassrooms.tourguide.service.TourGuideService -- Adding the current location to the user internalUser4920
18:38:07.131 [pool-2-thread-1] INFO com.openclassrooms.tourguide.service.TourGuideService -- Adding the current location to the user internalUser4921
18:38:07.165 [pool-2-thread-1] INFO com.openclassrooms.tourguide.service.TourGuideService -- Adding the current location to the user internalUser4922
18:38:07.196 [pool-2-thread-1] INFO com.openclassrooms.tourguide.service.TourGuideService -- Adding the current location to the user internalUser4923
18:38:07.295 [pool-2-thread-1] INFO com.openclassrooms.tourguide.service.TourGuideService -- Adding the current location to the user internalUser4924
18:38:07.352 [pool-2-thread-1] INFO com.openclassrooms.tourguide.service.TourGuideService -- Adding the current location to the user internalUser1899
18:38:07.386 [pool-2-thread-1] INFO com.openclassrooms.tourguide.service.TourGuideService -- Adding the current location to the user internalUser1898
18:38:07.421 [pool-2-thread-1] INFO com.openclassrooms.tourguide.service.TourGuideService -- Adding the current location to the user internalUser1897
18:38:07.496 [pool-2-thread-1] INFO com.openclassrooms.tourguide.service.TourGuideService -- Adding the current location to the user internalUser1896
18:38:07.576 [pool-2-thread-1] INFO com.openclassrooms.tourguide.service.TourGuideService -- Adding the current location to the user internalUser1895
18:38:07.655 [pool-2-thread-1] INFO com.openclassrooms.tourguide.service.TourGuideService -- Adding the current location to the user internalUser1894
18:38:07.753 [pool-2-thread-1] INFO com.openclassrooms.tourguide.service.TourGuideService -- Adding the current location to the user internalUser1893
18:38:07.802 [pool-2-thread-1] INFO com.openclassrooms.tourguide.service.TourGuideService -- Adding the current location to the user internalUser1892
18:38:07.867 [pool-2-thread-1] INFO com.openclassrooms.tourguide.service.TourGuideService -- Adding the current location to the user internalUser4925
18:38:07.923 [pool-2-thread-1] INFO com.openclassrooms.tourguide.service.TourGuideService -- Adding the current location to the user internalUser4926
18:38:07.983 [pool-2-thread-1] INFO com.openclassrooms.tourguide.service.TourGuideService -- Adding the current location to the user internalUser4927
18:38:08.017 [pool-2-thread-1] INFO com.openclassrooms.tourguide.service.TourGuideService -- Adding the current location to the user internalUser4928
18:38:08.103 [pool-2-thread-1] INFO com.openclassrooms.tourguide.service.TourGuideService -- Adding the current location to the user internalUser4929
18:38:08.176 [pool-2-thread-1] INFO com.openclassrooms.tourguide.service.TourGuideService -- Adding the current location to the user internalUser4059
18:38:08.255 [pool-2-thread-1] INFO com.openclassrooms.tourguide.service.TourGuideService -- Adding the current location to the user internalUser4051
18:38:08.340 [pool-2-thread-1] INFO com.openclassrooms.tourguide.service.TourGuideService -- Adding the current location to the user internalUser4052
18:38:08.389 [pool-2-thread-1] INFO com.openclassrooms.tourguide.service.TourGuideService -- Adding the current location to the user internalUser4053
18:38:08.453 [pool-2-thread-1] INFO com.openclassrooms.tourguide.service.TourGuideService -- Adding the current location to the user internalUser4054
18:38:08.540 [pool-2-thread-1] INFO com.openclassrooms.tourguide.service.TourGuideService -- Adding the current location to the user internalUser4055
18:38:08.603 [pool-2-thread-1] INFO com.openclassrooms.tourguide.service.TourGuideService -- Adding the current location to the user internalUser4056
18:38:08.691 [pool-2-thread-1] INFO com.openclassrooms.tourguide.service.TourGuideService -- Adding the current location to the user internalUser4057
18:38:08.753 [pool-2-thread-1] INFO com.openclassrooms.tourguide.service.TourGuideService -- Adding the current location to the user internalUser4058
18:38:08.799 [pool-2-thread-1] INFO com.openclassrooms.tourguide.service.TourGuideService -- Adding the current location to the user internalUser4060
18:38:08.855 [pool-2-thread-1] INFO com.openclassrooms.tourguide.service.TourGuideService -- Adding the current location to the user internalUser4061
18:38:08.923 [pool-2-thread-1] INFO com.openclassrooms.tourguide.service.TourGuideService -- Adding the current location to the user internalUser4062
18:38:08.992 [pool-2-thread-1] INFO com.openclassrooms.tourguide.service.TourGuideService -- Adding the current location to the user internalUser4063
18:38:09.071 [pool-2-thread-1] INFO com.openclassrooms.tourguide.service.TourGuideService -- Adding the current location to the user internalUser4064
18:38:09.148 [pool-2-thread-1] INFO com.openclassrooms.tourguide.service.TourGuideService -- Adding the current location to the user internalUser4065
18:38:09.204 [pool-2-thread-1] INFO com.openclassrooms.tourguide.service.TourGuideService -- Adding the current location to the user internalUser4066
18:38:09.295 [pool-2-thread-1] INFO com.openclassrooms.tourguide.service.TourGuideService -- Adding the current location to the user internalUser4067
18:38:09.335 [pool-2-thread-1] INFO com.openclassrooms.tourguide.service.TourGuideService -- Adding the current location to the user internalUser4068
18:38:09.396 [pool-2-thread-1] INFO com.openclassrooms.tourguide.service.TourGuideService -- Adding the current location to the user internalUser4069
18:38:09.460 [pool-2-thread-1] INFO com.openclassrooms.tourguide.service.TourGuideService -- Adding the current location to the user internalUser4070
18:38:09.498 [pool-2-thread-1] INFO com.openclassrooms.tourguide.service.TourGuideService -- Adding the current location to the user internalUser4071
18:38:09.556 [pool-2-thread-1] INFO com.openclassrooms.tourguide.service.TourGuideService -- Adding the current location to the user internalUser4072
18:38:09.594 [pool-2-thread-1] INFO com.openclassrooms.tourguide.service.TourGuideService -- Adding the current location to the user internalUser4037
18:38:09.656 [pool-2-thread-1] INFO com.openclassrooms.tourguide.service.TourGuideService -- Adding the current location to the user internalUser4038
18:38:09.757 [pool-2-thread-1] INFO com.openclassrooms.tourguide.service.TourGuideService -- Adding the current location to the user internalUser4039
18:38:09.800 [pool-2-thread-1] INFO com.openclassrooms.tourguide.service.TourGuideService -- Adding the current location to the user internalUser4030
18:38:09.888 [pool-2-thread-1] INFO com.openclassrooms.tourguide.service.TourGuideService -- Adding the current location to the user internalUser4031
18:38:09.986 [pool-2-thread-1] INFO com.openclassrooms.tourguide.service.TourGuideService -- Adding the current location to the user internalUser4032
18:38:10.018 [pool-2-thread-1] INFO com.openclassrooms.tourguide.service.TourGuideService -- Adding the current location to the user internalUser4033
18:38:10.106 [pool-2-thread-1] INFO com.openclassrooms.tourguide.service.TourGuideService -- Adding the current location to the user internalUser4034
18:38:10.153 [pool-2-thread-1] INFO com.openclassrooms.tourguide.service.TourGuideService -- Adding the current location to the user internalUser4035
18:38:10.244 [pool-2-thread-1] INFO com.openclassrooms.tourguide.service.TourGuideService -- Adding the current location to the user internalUser4036
18:38:10.282 [pool-2-thread-1] INFO com.openclassrooms.tourguide.service.TourGuideService -- Adding the current location to the user internalUser4048
18:38:10.320 [pool-2-thread-1] INFO com.openclassrooms.tourguide.service.TourGuideService -- Adding the current location to the user internalUser4049
18:38:10.411 [pool-2-thread-1] INFO com.openclassrooms.tourguide.service.TourGuideService -- Adding the current location to the user internalUser4040
18:38:10.486 [pool-2-thread-1] INFO com.openclassrooms.tourguide.service.TourGuideService -- Adding the current location to the user internalUser4041
18:38:10.546 [pool-2-thread-1] INFO com.openclassrooms.tourguide.service.TourGuideService -- Adding the current location to the user internalUser4042
18:38:10.627 [pool-2-thread-1] INFO com.openclassrooms.tourguide.service.TourGuideService -- Adding the current location to the user internalUser4043
18:38:10.697 [pool-2-thread-1] INFO com.openclassrooms.tourguide.service.TourGuideService -- Adding the current location to the user internalUser4044
18:38:10.778 [pool-2-thread-1] INFO com.openclassrooms.tourguide.service.TourGuideService -- Adding the current location to the user internalUser4045
18:38:10.868 [pool-2-thread-1] INFO com.openclassrooms.tourguide.service.TourGuideService -- Adding the current location to the user internalUser4046
18:38:10.902 [pool-2-thread-1] INFO com.openclassrooms.tourguide.service.TourGuideService -- Adding the current location to the user internalUser4047
18:38:10.972 [pool-2-thread-1] INFO com.openclassrooms.tourguide.service.TourGuideService -- Adding the current location to the user internalUser4050
18:38:11.058 [pool-2-thread-1] INFO com.openclassrooms.tourguide.service.TourGuideService -- Adding the current location to the user internalUser765
18:38:11.106 [pool-2-thread-1] INFO com.openclassrooms.tourguide.service.TourGuideService -- Adding the current location to the user internalUser1822
18:38:11.186 [pool-2-thread-1] INFO com.openclassrooms.tourguide.service.TourGuideService -- Adding the current location to the user internalUser4095
18:38:11.253 [pool-2-thread-1] INFO com.openclassrooms.tourguide.service.TourGuideService -- Adding the current location to the user internalUser766
18:38:11.302 [pool-2-thread-1] INFO com.openclassrooms.tourguide.service.TourGuideService -- Adding the current location to the user internalUser1821
18:38:11.400 [pool-2-thread-1] INFO com.openclassrooms.tourguide.service.TourGuideService -- Adding the current location to the user internalUser4096
18:38:11.457 [pool-2-thread-1] INFO com.openclassrooms.tourguide.service.TourGuideService -- Adding the current location to the user internalUser763
18:38:11.541 [pool-2-thread-1] INFO com.openclassrooms.tourguide.service.TourGuideService -- Adding the current location to the user internalUser1820
18:38:11.603 [pool-2-thread-1] INFO com.openclassrooms.tourguide.service.TourGuideService -- Adding the current location to the user internalUser4097
18:38:11.641 [pool-2-thread-1] INFO com.openclassrooms.tourguide.service.TourGuideService -- Adding the current location to the user internalUser764
18:38:11.737 [pool-2-thread-1] INFO com.openclassrooms.tourguide.service.TourGuideService -- Adding the current location to the user internalUser4098
18:38:11.784 [pool-2-thread-1] INFO com.openclassrooms.tourguide.service.TourGuideService -- Adding the current location to the user internalUser761
18:38:11.848 [pool-2-thread-1] INFO com.openclassrooms.tourguide.service.TourGuideService -- Adding the current location to the user internalUser4099
18:38:11.902 [pool-2-thread-1] INFO com.openclassrooms.tourguide.service.TourGuideService -- Adding the current location to the user internalUser762
18:38:11.961 [pool-2-thread-1] INFO com.openclassrooms.tourguide.service.TourGuideService -- Adding the current location to the user internalUser760
18:38:12.044 [pool-2-thread-1] INFO com.openclassrooms.tourguide.service.TourGuideService -- Adding the current location to the user internalUser1829
18:38:12.108 [pool-2-thread-1] INFO com.openclassrooms.tourguide.service.TourGuideService -- Adding the current location to the user internalUser1828
18:38:12.200 [pool-2-thread-1] INFO com.openclassrooms.tourguide.service.TourGuideService -- Adding the current location to the user internalUser1827
18:38:12.299 [pool-2-thread-1] INFO com.openclassrooms.tourguide.service.TourGuideService -- Adding the current location to the user internalUser769
18:38:12.398 [pool-2-thread-1] INFO com.openclassrooms.tourguide.service.TourGuideService -- Adding the current location to the user internalUser1826
18:38:12.432 [pool-2-thread-1] INFO com.openclassrooms.tourguide.service.TourGuideService -- Adding the current location to the user internalUser1825
18:38:12.508 [pool-2-thread-1] INFO com.openclassrooms.tourguide.service.TourGuideService -- Adding the current location to the user internalUser767
18:38:12.591 [pool-2-thread-1] INFO com.openclassrooms.tourguide.service.TourGuideService -- Adding the current location to the user internalUser1824
18:38:12.689 [pool-2-thread-1] INFO com.openclassrooms.tourguide.service.TourGuideService -- Adding the current location to the user internalUser768
18:38:12.776 [pool-2-thread-1] INFO com.openclassrooms.tourguide.service.TourGuideService -- Adding the current location to the user internalUser1823
18:38:12.842 [pool-2-thread-1] INFO com.openclassrooms.tourguide.service.TourGuideService -- Adding the current location to the user internalUser776
18:38:12.914 [pool-2-thread-1] INFO com.openclassrooms.tourguide.service.TourGuideService -- Adding the current location to the user internalUser1833
18:38:12.961 [pool-2-thread-1] INFO com.openclassrooms.tourguide.service.TourGuideService -- Adding the current location to the user internalUser777
18:38:13.000 [pool-2-thread-1] INFO com.openclassrooms.tourguide.service.TourGuideService -- Adding the current location to the user internalUser1832
18:38:13.056 [pool-2-thread-1] INFO com.openclassrooms.tourguide.service.TourGuideService -- Adding the current location to the user internalUser774
18:38:13.123 [pool-2-thread-1] INFO com.openclassrooms.tourguide.service.TourGuideService -- Adding the current location to the user internalUser1831
18:38:13.166 [pool-2-thread-1] INFO com.openclassrooms.tourguide.service.TourGuideService -- Adding the current location to the user internalUser775
18:38:13.221 [pool-2-thread-1] INFO com.openclassrooms.tourguide.service.TourGuideService -- Adding the current location to the user internalUser1830
18:38:13.270 [pool-2-thread-1] INFO com.openclassrooms.tourguide.service.TourGuideService -- Adding the current location to the user internalUser772
18:38:13.342 [pool-2-thread-1] INFO com.openclassrooms.tourguide.service.TourGuideService -- Adding the current location to the user internalUser773
18:38:13.411 [pool-2-thread-1] INFO com.openclassrooms.tourguide.service.TourGuideService -- Adding the current location to the user internalUser770
18:38:13.477 [pool-2-thread-1] INFO com.openclassrooms.tourguide.service.TourGuideService -- Adding the current location to the user internalUser771
18:38:13.550 [pool-2-thread-1] INFO com.openclassrooms.tourguide.service.TourGuideService -- Adding the current location to the user internalUser1839
18:38:13.621 [pool-2-thread-1] INFO com.openclassrooms.tourguide.service.TourGuideService -- Adding the current location to the user internalUser1838
18:38:13.652 [pool-2-thread-1] INFO com.openclassrooms.tourguide.service.TourGuideService -- Adding the current location to the user internalUser1837
18:38:13.739 [pool-2-thread-1] INFO com.openclassrooms.tourguide.service.TourGuideService -- Adding the current location to the user internalUser1836
18:38:13.776 [pool-2-thread-1] INFO com.openclassrooms.tourguide.service.TourGuideService -- Adding the current location to the user internalUser778
18:38:13.815 [pool-2-thread-1] INFO com.openclassrooms.tourguide.service.TourGuideService -- Adding the current location to the user internalUser1835
18:38:13.856 [pool-2-thread-1] INFO com.openclassrooms.tourguide.service.TourGuideService -- Adding the current location to the user internalUser779
18:38:13.943 [pool-2-thread-1] INFO com.openclassrooms.tourguide.service.TourGuideService -- Adding the current location to the user internalUser1834
18:38:14.032 [pool-2-thread-1] INFO com.openclassrooms.tourguide.service.TourGuideService -- Adding the current location to the user internalUser780
18:38:14.094 [pool-2-thread-1] INFO com.openclassrooms.tourguide.service.TourGuideService -- Adding the current location to the user internalUser787
18:38:14.159 [pool-2-thread-1] INFO com.openclassrooms.tourguide.service.TourGuideService -- Adding the current location to the user internalUser1800
18:38:14.223 [pool-2-thread-1] INFO com.openclassrooms.tourguide.service.TourGuideService -- Adding the current location to the user internalUser4073
18:38:14.282 [pool-2-thread-1] INFO com.openclassrooms.tourguide.service.TourGuideService -- Adding the current location to the user internalUser788
18:38:14.318 [pool-2-thread-1] INFO com.openclassrooms.tourguide.service.TourGuideService -- Adding the current location to the user internalUser4074
18:38:14.356 [pool-2-thread-1] INFO com.openclassrooms.tourguide.service.TourGuideService -- Adding the current location to the user internalUser785
18:38:14.406 [pool-2-thread-1] INFO com.openclassrooms.tourguide.service.TourGuideService -- Adding the current location to the user internalUser4075
18:38:14.500 [pool-2-thread-1] INFO com.openclassrooms.tourguide.service.TourGuideService -- Adding the current location to the user internalUser786
18:38:14.567 [pool-2-thread-1] INFO com.openclassrooms.tourguide.service.TourGuideService -- Adding the current location to the user internalUser4076
18:38:14.604 [pool-2-thread-1] INFO com.openclassrooms.tourguide.service.TourGuideService -- Adding the current location to the user internalUser783
18:38:14.661 [pool-2-thread-1] INFO com.openclassrooms.tourguide.service.TourGuideService -- Adding the current location to the user internalUser4077
18:38:14.741 [pool-2-thread-1] INFO com.openclassrooms.tourguide.service.TourGuideService -- Adding the current location to the user internalUser784
18:38:14.776 [pool-2-thread-1] INFO com.openclassrooms.tourguide.service.TourGuideService -- Adding the current location to the user internalUser4078
18:38:14.840 [pool-2-thread-1] INFO com.openclassrooms.tourguide.service.TourGuideService -- Adding the current location to the user internalUser781
18:38:14.900 [pool-2-thread-1] INFO com.openclassrooms.tourguide.service.TourGuideService -- Adding the current location to the user internalUser4079
18:38:14.935 [pool-2-thread-1] INFO com.openclassrooms.tourguide.service.TourGuideService -- Adding the current location to the user internalUser782
18:38:14.972 [pool-2-thread-1] INFO com.openclassrooms.tourguide.service.TourGuideService -- Adding the current location to the user internalUser1808
18:38:15.005 [pool-2-thread-1] INFO com.openclassrooms.tourguide.service.TourGuideService -- Adding the current location to the user internalUser1807
18:38:15.047 [pool-2-thread-1] INFO com.openclassrooms.tourguide.service.TourGuideService -- Adding the current location to the user internalUser1806
18:38:15.096 [pool-2-thread-1] INFO com.openclassrooms.tourguide.service.TourGuideService -- Adding the current location to the user internalUser1805
18:38:15.177 [pool-2-thread-1] INFO com.openclassrooms.tourguide.service.TourGuideService -- Adding the current location to the user internalUser1804
18:38:15.246 [pool-2-thread-1] INFO com.openclassrooms.tourguide.service.TourGuideService -- Adding the current location to the user internalUser4080
18:38:15.319 [pool-2-thread-1] INFO com.openclassrooms.tourguide.service.TourGuideService -- Adding the current location to the user internalUser1803
18:38:15.390 [pool-2-thread-1] INFO com.openclassrooms.tourguide.service.TourGuideService -- Adding the current location to the user internalUser4081
18:38:15.465 [pool-2-thread-1] INFO com.openclassrooms.tourguide.service.TourGuideService -- Adding the current location to the user internalUser789
18:38:15.563 [pool-2-thread-1] INFO com.openclassrooms.tourguide.service.TourGuideService -- Adding the current location to the user internalUser1802
18:38:15.648 [pool-2-thread-1] INFO com.openclassrooms.tourguide.service.TourGuideService -- Adding the current location to the user internalUser4082
18:38:15.691 [pool-2-thread-1] INFO com.openclassrooms.tourguide.service.TourGuideService -- Adding the current location to the user internalUser1801
18:38:15.786 [pool-2-thread-1] INFO com.openclassrooms.tourguide.service.TourGuideService -- Adding the current location to the user internalUser4083
18:38:15.880 [pool-2-thread-1] INFO com.openclassrooms.tourguide.service.TourGuideService -- Adding the current location to the user internalUser1809
18:38:15.924 [pool-2-thread-1] INFO com.openclassrooms.tourguide.service.TourGuideService -- Adding the current location to the user internalUser790
18:38:16.014 [pool-2-thread-1] INFO com.openclassrooms.tourguide.service.TourGuideService -- Adding the current location to the user internalUser791
18:38:16.080 [pool-2-thread-1] INFO com.openclassrooms.tourguide.service.TourGuideService -- Adding the current location to the user internalUser798
18:38:16.173 [pool-2-thread-1] INFO com.openclassrooms.tourguide.service.TourGuideService -- Adding the current location to the user internalUser1811
18:38:16.208 [pool-2-thread-1] INFO com.openclassrooms.tourguide.service.TourGuideService -- Adding the current location to the user internalUser4084
18:38:16.259 [pool-2-thread-1] INFO com.openclassrooms.tourguide.service.TourGuideService -- Adding the current location to the user internalUser799
18:38:16.331 [pool-2-thread-1] INFO com.openclassrooms.tourguide.service.TourGuideService -- Adding the current location to the user internalUser1810
18:38:16.397 [pool-2-thread-1] INFO com.openclassrooms.tourguide.service.TourGuideService -- Adding the current location to the user internalUser4085
18:38:16.440 [pool-2-thread-1] INFO com.openclassrooms.tourguide.service.TourGuideService -- Adding the current location to the user internalUser796
18:38:16.492 [pool-2-thread-1] INFO com.openclassrooms.tourguide.service.TourGuideService -- Adding the current location to the user internalUser4086
18:38:16.566 [pool-2-thread-1] INFO com.openclassrooms.tourguide.service.TourGuideService -- Adding the current location to the user internalUser797
18:38:16.646 [pool-2-thread-1] INFO com.openclassrooms.tourguide.service.TourGuideService -- Adding the current location to the user internalUser4087
18:38:16.735 [pool-2-thread-1] INFO com.openclassrooms.tourguide.service.TourGuideService -- Adding the current location to the user internalUser794
18:38:16.823 [pool-2-thread-1] INFO com.openclassrooms.tourguide.service.TourGuideService -- Adding the current location to the user internalUser4088
18:38:16.902 [pool-2-thread-1] INFO com.openclassrooms.tourguide.service.TourGuideService -- Adding the current location to the user internalUser795
18:38:16.948 [pool-2-thread-1] INFO com.openclassrooms.tourguide.service.TourGuideService -- Adding the current location to the user internalUser4089
18:38:17.025 [pool-2-thread-1] INFO com.openclassrooms.tourguide.service.TourGuideService -- Adding the current location to the user internalUser792
18:38:17.075 [pool-2-thread-1] INFO com.openclassrooms.tourguide.service.TourGuideService -- Adding the current location to the user internalUser793
18:38:17.175 [pool-2-thread-1] INFO com.openclassrooms.tourguide.service.TourGuideService -- Adding the current location to the user internalUser1819
18:38:17.256 [pool-2-thread-1] INFO com.openclassrooms.tourguide.service.TourGuideService -- Adding the current location to the user internalUser1818
18:38:17.317 [pool-2-thread-1] INFO com.openclassrooms.tourguide.service.TourGuideService -- Adding the current location to the user internalUser1817
18:38:17.379 [pool-2-thread-1] INFO com.openclassrooms.tourguide.service.TourGuideService -- Adding the current location to the user internalUser1816
18:38:17.448 [pool-2-thread-1] INFO com.openclassrooms.tourguide.service.TourGuideService -- Adding the current location to the user internalUser4090
18:38:17.539 [pool-2-thread-1] INFO com.openclassrooms.tourguide.service.TourGuideService -- Adding the current location to the user internalUser1815
18:38:17.579 [pool-2-thread-1] INFO com.openclassrooms.tourguide.service.TourGuideService -- Adding the current location to the user internalUser4091
18:38:17.658 [pool-2-thread-1] INFO com.openclassrooms.tourguide.service.TourGuideService -- Adding the current location to the user internalUser1814
18:38:17.722 [pool-2-thread-1] INFO com.openclassrooms.tourguide.service.TourGuideService -- Adding the current location to the user internalUser4092
18:38:17.805 [pool-2-thread-1] INFO com.openclassrooms.tourguide.service.TourGuideService -- Adding the current location to the user internalUser1813
18:38:17.882 [pool-2-thread-1] INFO com.openclassrooms.tourguide.service.TourGuideService -- Adding the current location to the user internalUser4093
18:38:17.968 [pool-2-thread-1] INFO com.openclassrooms.tourguide.service.TourGuideService -- Adding the current location to the user internalUser1812
18:38:18.027 [pool-2-thread-1] INFO com.openclassrooms.tourguide.service.TourGuideService -- Adding the current location to the user internalUser4094
18:38:18.126 [pool-2-thread-1] INFO com.openclassrooms.tourguide.service.TourGuideService -- Adding the current location to the user internalUser2276
18:38:18.204 [pool-2-thread-1] INFO com.openclassrooms.tourguide.service.TourGuideService -- Adding the current location to the user internalUser2275
18:38:18.276 [pool-2-thread-1] INFO com.openclassrooms.tourguide.service.TourGuideService -- Adding the current location to the user internalUser2274
18:38:18.359 [pool-2-thread-1] INFO com.openclassrooms.tourguide.service.TourGuideService -- Adding the current location to the user internalUser2273
18:38:18.455 [pool-2-thread-1] INFO com.openclassrooms.tourguide.service.TourGuideService -- Adding the current location to the user internalUser2272
18:38:18.543 [pool-2-thread-1] INFO com.openclassrooms.tourguide.service.TourGuideService -- Adding the current location to the user internalUser2271
18:38:18.578 [pool-2-thread-1] INFO com.openclassrooms.tourguide.service.TourGuideService -- Adding the current location to the user internalUser2270
18:38:18.644 [pool-2-thread-1] INFO com.openclassrooms.tourguide.service.TourGuideService -- Adding the current location to the user internalUser842
18:38:18.715 [pool-2-thread-1] INFO com.openclassrooms.tourguide.service.TourGuideService -- Adding the current location to the user internalUser843
18:38:18.779 [pool-2-thread-1] INFO com.openclassrooms.tourguide.service.TourGuideService -- Adding the current location to the user internalUser840
18:38:18.823 [pool-2-thread-1] INFO com.openclassrooms.tourguide.service.TourGuideService -- Adding the current location to the user internalUser841
18:38:18.921 [pool-2-thread-1] INFO com.openclassrooms.tourguide.service.TourGuideService -- Adding the current location to the user internalUser2279
18:38:18.988 [pool-2-thread-1] INFO com.openclassrooms.tourguide.service.TourGuideService -- Adding the current location to the user internalUser2278
18:38:19.056 [pool-2-thread-1] INFO com.openclassrooms.tourguide.service.TourGuideService -- Adding the current location to the user internalUser2277
18:38:19.152 [pool-2-thread-1] INFO com.openclassrooms.tourguide.service.TourGuideService -- Adding the current location to the user internalUser848
18:38:19.221 [pool-2-thread-1] INFO com.openclassrooms.tourguide.service.TourGuideService -- Adding the current location to the user internalUser849
18:38:19.321 [pool-2-thread-1] INFO com.openclassrooms.tourguide.service.TourGuideService -- Adding the current location to the user internalUser846
18:38:19.416 [pool-2-thread-1] INFO com.openclassrooms.tourguide.service.TourGuideService -- Adding the current location to the user internalUser847
18:38:19.502 [pool-2-thread-1] INFO com.openclassrooms.tourguide.service.TourGuideService -- Adding the current location to the user internalUser844
18:38:19.600 [pool-2-thread-1] INFO com.openclassrooms.tourguide.service.TourGuideService -- Adding the current location to the user internalUser845
18:38:19.687 [pool-2-thread-1] INFO com.openclassrooms.tourguide.service.TourGuideService -- Adding the current location to the user internalUser2287
18:38:19.730 [pool-2-thread-1] INFO com.openclassrooms.tourguide.service.TourGuideService -- Adding the current location to the user internalUser2286
18:38:19.792 [pool-2-thread-1] INFO com.openclassrooms.tourguide.service.TourGuideService -- Adding the current location to the user internalUser2285
18:38:19.880 [pool-2-thread-1] INFO com.openclassrooms.tourguide.service.TourGuideService -- Adding the current location to the user internalUser2284
18:38:19.979 [pool-2-thread-1] INFO com.openclassrooms.tourguide.service.TourGuideService -- Adding the current location to the user internalUser2283
18:38:20.019 [pool-2-thread-1] INFO com.openclassrooms.tourguide.service.TourGuideService -- Adding the current location to the user internalUser2282
18:38:20.108 [pool-2-thread-1] INFO com.openclassrooms.tourguide.service.TourGuideService -- Adding the current location to the user internalUser2281
18:38:20.179 [pool-2-thread-1] INFO com.openclassrooms.tourguide.service.TourGuideService -- Adding the current location to the user internalUser2280
18:38:20.224 [pool-2-thread-1] INFO com.openclassrooms.tourguide.service.TourGuideService -- Adding the current location to the user internalUser853
18:38:20.319 [pool-2-thread-1] INFO com.openclassrooms.tourguide.service.TourGuideService -- Adding the current location to the user internalUser854
18:38:20.399 [pool-2-thread-1] INFO com.openclassrooms.tourguide.service.TourGuideService -- Adding the current location to the user internalUser851
18:38:20.445 [pool-2-thread-1] INFO com.openclassrooms.tourguide.service.TourGuideService -- Adding the current location to the user internalUser852
18:38:20.527 [pool-2-thread-1] INFO com.openclassrooms.tourguide.service.TourGuideService -- Adding the current location to the user internalUser850
18:38:20.616 [pool-2-thread-1] INFO com.openclassrooms.tourguide.service.TourGuideService -- Adding the current location to the user internalUser2289
18:38:20.677 [pool-2-thread-1] INFO com.openclassrooms.tourguide.service.TourGuideService -- Adding the current location to the user internalUser2288
18:38:20.773 [pool-2-thread-1] INFO com.openclassrooms.tourguide.service.TourGuideService -- Adding the current location to the user internalUser859
18:38:20.858 [pool-2-thread-1] INFO com.openclassrooms.tourguide.service.TourGuideService -- Adding the current location to the user internalUser857
18:38:20.945 [pool-2-thread-1] INFO com.openclassrooms.tourguide.service.TourGuideService -- Adding the current location to the user internalUser858
18:38:21.015 [pool-2-thread-1] INFO com.openclassrooms.tourguide.service.TourGuideService -- Adding the current location to the user internalUser855
18:38:21.110 [pool-2-thread-1] INFO com.openclassrooms.tourguide.service.TourGuideService -- Adding the current location to the user internalUser856
18:38:21.174 [pool-2-thread-1] INFO com.openclassrooms.tourguide.service.TourGuideService -- Adding the current location to the user internalUser2290
18:38:21.235 [pool-2-thread-1] INFO com.openclassrooms.tourguide.service.TourGuideService -- Adding the current location to the user internalUser2254
18:38:21.321 [pool-2-thread-1] INFO com.openclassrooms.tourguide.service.TourGuideService -- Adding the current location to the user internalUser3586
18:38:21.378 [pool-2-thread-1] INFO com.openclassrooms.tourguide.service.TourGuideService -- Adding the current location to the user internalUser2253
18:38:21.442 [pool-2-thread-1] INFO com.openclassrooms.tourguide.service.TourGuideService -- Adding the current location to the user internalUser3587
18:38:21.532 [pool-2-thread-1] INFO com.openclassrooms.tourguide.service.TourGuideService -- Adding the current location to the user internalUser2252
18:38:21.611 [pool-2-thread-1] INFO com.openclassrooms.tourguide.service.TourGuideService -- Adding the current location to the user internalUser3588
18:38:21.646 [pool-2-thread-1] INFO com.openclassrooms.tourguide.service.TourGuideService -- Adding the current location to the user internalUser2251
18:38:21.696 [pool-2-thread-1] INFO com.openclassrooms.tourguide.service.TourGuideService -- Adding the current location to the user internalUser3589
18:38:21.772 [pool-2-thread-1] INFO com.openclassrooms.tourguide.service.TourGuideService -- Adding the current location to the user internalUser2250
18:38:21.860 [pool-2-thread-1] INFO com.openclassrooms.tourguide.service.TourGuideService -- Adding the current location to the user internalUser864
18:38:21.957 [pool-2-thread-1] INFO com.openclassrooms.tourguide.service.TourGuideService -- Adding the current location to the user internalUser865
18:38:21.997 [pool-2-thread-1] INFO com.openclassrooms.tourguide.service.TourGuideService -- Adding the current location to the user internalUser862
18:38:22.082 [pool-2-thread-1] INFO com.openclassrooms.tourguide.service.TourGuideService -- Adding the current location to the user internalUser3580
18:38:22.156 [pool-2-thread-1] INFO com.openclassrooms.tourguide.service.TourGuideService -- Adding the current location to the user internalUser863
18:38:22.209 [pool-2-thread-1] INFO com.openclassrooms.tourguide.service.TourGuideService -- Adding the current location to the user internalUser2259
18:38:22.260 [pool-2-thread-1] INFO com.openclassrooms.tourguide.service.TourGuideService -- Adding the current location to the user internalUser3581
18:38:22.307 [pool-2-thread-1] INFO com.openclassrooms.tourguide.service.TourGuideService -- Adding the current location to the user internalUser860
18:38:22.343 [pool-2-thread-1] INFO com.openclassrooms.tourguide.service.TourGuideService -- Adding the current location to the user internalUser2258
18:38:22.388 [pool-2-thread-1] INFO com.openclassrooms.tourguide.service.TourGuideService -- Adding the current location to the user internalUser3582
18:38:22.426 [pool-2-thread-1] INFO com.openclassrooms.tourguide.service.TourGuideService -- Adding the current location to the user internalUser19
18:38:22.478 [pool-2-thread-1] INFO com.openclassrooms.tourguide.service.TourGuideService -- Adding the current location to the user internalUser861
18:38:22.563 [pool-2-thread-1] INFO com.openclassrooms.tourguide.service.TourGuideService -- Adding the current location to the user internalUser2257
18:38:22.619 [pool-2-thread-1] INFO com.openclassrooms.tourguide.service.TourGuideService -- Adding the current location to the user internalUser3583
18:38:22.686 [pool-2-thread-1] INFO com.openclassrooms.tourguide.service.TourGuideService -- Adding the current location to the user internalUser2256
18:38:22.732 [pool-2-thread-1] INFO com.openclassrooms.tourguide.service.TourGuideService -- Adding the current location to the user internalUser3584
18:38:22.772 [pool-2-thread-1] INFO com.openclassrooms.tourguide.service.TourGuideService -- Adding the current location to the user internalUser2255
18:38:22.802 [pool-2-thread-1] INFO com.openclassrooms.tourguide.service.TourGuideService -- Adding the current location to the user internalUser3585
18:38:22.895 [pool-2-thread-1] INFO com.openclassrooms.tourguide.service.TourGuideService -- Adding the current location to the user internalUser16
18:38:22.988 [pool-2-thread-1] INFO com.openclassrooms.tourguide.service.TourGuideService -- Adding the current location to the user internalUser15
18:38:23.087 [pool-2-thread-1] INFO com.openclassrooms.tourguide.service.TourGuideService -- Adding the current location to the user internalUser18
18:38:23.170 [pool-2-thread-1] INFO com.openclassrooms.tourguide.service.TourGuideService -- Adding the current location to the user internalUser17
18:38:23.264 [pool-2-thread-1] INFO com.openclassrooms.tourguide.service.TourGuideService -- Adding the current location to the user internalUser12
18:38:23.330 [pool-2-thread-1] INFO com.openclassrooms.tourguide.service.TourGuideService -- Adding the current location to the user internalUser868
18:38:23.377 [pool-2-thread-1] INFO com.openclassrooms.tourguide.service.TourGuideService -- Adding the current location to the user internalUser11
18:38:23.422 [pool-2-thread-1] INFO com.openclassrooms.tourguide.service.TourGuideService -- Adding the current location to the user internalUser869
18:38:23.509 [pool-2-thread-1] INFO com.openclassrooms.tourguide.service.TourGuideService -- Adding the current location to the user internalUser14
18:38:23.607 [pool-2-thread-1] INFO com.openclassrooms.tourguide.service.TourGuideService -- Adding the current location to the user internalUser866
18:38:23.701 [pool-2-thread-1] INFO com.openclassrooms.tourguide.service.TourGuideService -- Adding the current location to the user internalUser13
18:38:23.765 [pool-2-thread-1] INFO com.openclassrooms.tourguide.service.TourGuideService -- Adding the current location to the user internalUser867
18:38:23.807 [pool-2-thread-1] INFO com.openclassrooms.tourguide.service.TourGuideService -- Adding the current location to the user internalUser10
18:38:23.851 [pool-2-thread-1] INFO com.openclassrooms.tourguide.service.TourGuideService -- Adding the current location to the user internalUser2265
18:38:23.884 [pool-2-thread-1] INFO com.openclassrooms.tourguide.service.TourGuideService -- Adding the current location to the user internalUser3597
18:38:23.923 [pool-2-thread-1] INFO com.openclassrooms.tourguide.service.TourGuideService -- Adding the current location to the user internalUser2264
18:38:23.992 [pool-2-thread-1] INFO com.openclassrooms.tourguide.service.TourGuideService -- Adding the current location to the user internalUser3598
18:38:24.062 [pool-2-thread-1] INFO com.openclassrooms.tourguide.service.TourGuideService -- Adding the current location to the user internalUser2263
18:38:24.157 [pool-2-thread-1] INFO com.openclassrooms.tourguide.service.TourGuideService -- Adding the current location to the user internalUser3599
18:38:24.256 [pool-2-thread-1] INFO com.openclassrooms.tourguide.service.TourGuideService -- Adding the current location to the user internalUser2262
18:38:24.332 [pool-2-thread-1] INFO com.openclassrooms.tourguide.service.TourGuideService -- Adding the current location to the user internalUser2261
18:38:24.378 [pool-2-thread-1] INFO com.openclassrooms.tourguide.service.TourGuideService -- Adding the current location to the user internalUser2260
18:38:24.468 [pool-2-thread-1] INFO com.openclassrooms.tourguide.service.TourGuideService -- Adding the current location to the user internalUser875
18:38:24.510 [pool-2-thread-1] INFO com.openclassrooms.tourguide.service.TourGuideService -- Adding the current location to the user internalUser876
18:38:24.610 [pool-2-thread-1] INFO com.openclassrooms.tourguide.service.TourGuideService -- Adding the current location to the user internalUser3590
18:38:24.694 [pool-2-thread-1] INFO com.openclassrooms.tourguide.service.TourGuideService -- Adding the current location to the user internalUser873
18:38:24.792 [pool-2-thread-1] INFO com.openclassrooms.tourguide.service.TourGuideService -- Adding the current location to the user internalUser3591
18:38:24.842 [pool-2-thread-1] INFO com.openclassrooms.tourguide.service.TourGuideService -- Adding the current location to the user internalUser874
18:38:24.891 [pool-2-thread-1] INFO com.openclassrooms.tourguide.service.TourGuideService -- Adding the current location to the user internalUser3592
18:38:24.925 [pool-2-thread-1] INFO com.openclassrooms.tourguide.service.TourGuideService -- Adding the current location to the user internalUser871
18:38:24.980 [pool-2-thread-1] INFO com.openclassrooms.tourguide.service.TourGuideService -- Adding the current location to the user internalUser2269
18:38:25.036 [pool-2-thread-1] INFO com.openclassrooms.tourguide.service.TourGuideService -- Adding the current location to the user internalUser3593
18:38:25.094 [pool-2-thread-1] INFO com.openclassrooms.tourguide.service.TourGuideService -- Adding the current location to the user internalUser872
18:38:25.149 [pool-2-thread-1] INFO com.openclassrooms.tourguide.service.TourGuideService -- Adding the current location to the user internalUser2268
18:38:25.203 [pool-2-thread-1] INFO com.openclassrooms.tourguide.service.TourGuideService -- Adding the current location to the user internalUser3594
18:38:25.297 [pool-2-thread-1] INFO com.openclassrooms.tourguide.service.TourGuideService -- Adding the current location to the user internalUser2267
18:38:25.344 [pool-2-thread-1] INFO com.openclassrooms.tourguide.service.TourGuideService -- Adding the current location to the user internalUser3595
18:38:25.407 [pool-2-thread-1] INFO com.openclassrooms.tourguide.service.TourGuideService -- Adding the current location to the user internalUser870
18:38:25.473 [pool-2-thread-1] INFO com.openclassrooms.tourguide.service.TourGuideService -- Adding the current location to the user internalUser2266
18:38:25.538 [pool-2-thread-1] INFO com.openclassrooms.tourguide.service.TourGuideService -- Adding the current location to the user internalUser3596
18:38:25.591 [pool-2-thread-1] INFO com.openclassrooms.tourguide.service.TourGuideService -- Adding the current location to the user internalUser27
18:38:25.646 [pool-2-thread-1] INFO com.openclassrooms.tourguide.service.TourGuideService -- Adding the current location to the user internalUser26
18:38:25.704 [pool-2-thread-1] INFO com.openclassrooms.tourguide.service.TourGuideService -- Adding the current location to the user internalUser29
18:38:25.735 [pool-2-thread-1] INFO com.openclassrooms.tourguide.service.TourGuideService -- Adding the current location to the user internalUser28
18:38:25.795 [pool-2-thread-1] INFO com.openclassrooms.tourguide.service.TourGuideService -- Adding the current location to the user internalUser23
18:38:25.867 [pool-2-thread-1] INFO com.openclassrooms.tourguide.service.TourGuideService -- Adding the current location to the user internalUser879
18:38:25.965 [pool-2-thread-1] INFO com.openclassrooms.tourguide.service.TourGuideService -- Adding the current location to the user internalUser22
18:38:26.037 [pool-2-thread-1] INFO com.openclassrooms.tourguide.service.TourGuideService -- Adding the current location to the user internalUser25
18:38:26.131 [pool-2-thread-1] INFO com.openclassrooms.tourguide.service.TourGuideService -- Adding the current location to the user internalUser877
18:38:26.182 [pool-2-thread-1] INFO com.openclassrooms.tourguide.service.TourGuideService -- Adding the current location to the user internalUser24
18:38:26.267 [pool-2-thread-1] INFO com.openclassrooms.tourguide.service.TourGuideService -- Adding the current location to the user internalUser878
18:38:26.365 [pool-2-thread-1] INFO com.openclassrooms.tourguide.service.TourGuideService -- Adding the current location to the user internalUser21
18:38:26.457 [pool-2-thread-1] INFO com.openclassrooms.tourguide.service.TourGuideService -- Adding the current location to the user internalUser20
18:38:26.548 [pool-2-thread-1] INFO com.openclassrooms.tourguide.service.TourGuideService -- Adding the current location to the user internalUser4015
18:38:26.621 [pool-2-thread-1] INFO com.openclassrooms.tourguide.service.TourGuideService -- Adding the current location to the user internalUser4016
18:38:26.663 [pool-2-thread-1] INFO com.openclassrooms.tourguide.service.TourGuideService -- Adding the current location to the user internalUser4017
18:38:26.753 [pool-2-thread-1] INFO com.openclassrooms.tourguide.service.TourGuideService -- Adding the current location to the user internalUser4018
18:38:26.785 [pool-2-thread-1] INFO com.openclassrooms.tourguide.service.TourGuideService -- Adding the current location to the user internalUser4019
18:38:26.831 [pool-2-thread-1] INFO com.openclassrooms.tourguide.service.TourGuideService -- Adding the current location to the user internalUser4010
18:38:26.865 [pool-2-thread-1] INFO com.openclassrooms.tourguide.service.TourGuideService -- Adding the current location to the user internalUser4011
18:38:26.933 [pool-2-thread-1] INFO com.openclassrooms.tourguide.service.TourGuideService -- Adding the current location to the user internalUser4012
18:38:26.982 [pool-2-thread-1] INFO com.openclassrooms.tourguide.service.TourGuideService -- Adding the current location to the user internalUser4013
18:38:27.078 [pool-2-thread-1] INFO com.openclassrooms.tourguide.service.TourGuideService -- Adding the current location to the user internalUser4014
18:38:27.150 [pool-2-thread-1] INFO com.openclassrooms.tourguide.service.TourGuideService -- Adding the current location to the user internalUser38
18:38:27.202 [pool-2-thread-1] INFO com.openclassrooms.tourguide.service.TourGuideService -- Adding the current location to the user internalUser806
18:38:27.271 [pool-2-thread-1] INFO com.openclassrooms.tourguide.service.TourGuideService -- Adding the current location to the user internalUser37
18:38:27.317 [pool-2-thread-1] INFO com.openclassrooms.tourguide.service.TourGuideService -- Adding the current location to the user internalUser807
18:38:27.357 [pool-2-thread-1] INFO com.openclassrooms.tourguide.service.TourGuideService -- Adding the current location to the user internalUser804
18:38:27.426 [pool-2-thread-1] INFO com.openclassrooms.tourguide.service.TourGuideService -- Adding the current location to the user internalUser39
18:38:27.525 [pool-2-thread-1] INFO com.openclassrooms.tourguide.service.TourGuideService -- Adding the current location to the user internalUser805
18:38:27.570 [pool-2-thread-1] INFO com.openclassrooms.tourguide.service.TourGuideService -- Adding the current location to the user internalUser34
18:38:27.628 [pool-2-thread-1] INFO com.openclassrooms.tourguide.service.TourGuideService -- Adding the current location to the user internalUser802
18:38:27.702 [pool-2-thread-1] INFO com.openclassrooms.tourguide.service.TourGuideService -- Adding the current location to the user internalUser33
18:38:27.757 [pool-2-thread-1] INFO com.openclassrooms.tourguide.service.TourGuideService -- Adding the current location to the user internalUser803
18:38:27.809 [pool-2-thread-1] INFO com.openclassrooms.tourguide.service.TourGuideService -- Adding the current location to the user internalUser36
18:38:27.855 [pool-2-thread-1] INFO com.openclassrooms.tourguide.service.TourGuideService -- Adding the current location to the user internalUser800
18:38:27.895 [pool-2-thread-1] INFO com.openclassrooms.tourguide.service.TourGuideService -- Adding the current location to the user internalUser35
18:38:27.982 [pool-2-thread-1] INFO com.openclassrooms.tourguide.service.TourGuideService -- Adding the current location to the user internalUser801
18:38:28.055 [pool-2-thread-1] INFO com.openclassrooms.tourguide.service.TourGuideService -- Adding the current location to the user internalUser30
18:38:28.144 [pool-2-thread-1] INFO com.openclassrooms.tourguide.service.TourGuideService -- Adding the current location to the user internalUser32
18:38:28.187 [pool-2-thread-1] INFO com.openclassrooms.tourguide.service.TourGuideService -- Adding the current location to the user internalUser31
18:38:28.256 [pool-2-thread-1] INFO com.openclassrooms.tourguide.service.TourGuideService -- Adding the current location to the user internalUser808
18:38:28.336 [pool-2-thread-1] INFO com.openclassrooms.tourguide.service.TourGuideService -- Adding the current location to the user internalUser809
18:38:28.368 [pool-2-thread-1] INFO com.openclassrooms.tourguide.service.TourGuideService -- Adding the current location to the user internalUser4026
18:38:28.467 [pool-2-thread-1] INFO com.openclassrooms.tourguide.service.TourGuideService -- Adding the current location to the user internalUser4027
18:38:28.565 [pool-2-thread-1] INFO com.openclassrooms.tourguide.service.TourGuideService -- Adding the current location to the user internalUser4028
18:38:28.650 [pool-2-thread-1] INFO com.openclassrooms.tourguide.service.TourGuideService -- Adding the current location to the user internalUser4029
18:38:28.746 [pool-2-thread-1] INFO com.openclassrooms.tourguide.service.TourGuideService -- Adding the current location to the user internalUser810
18:38:28.828 [pool-2-thread-1] INFO com.openclassrooms.tourguide.service.TourGuideService -- Adding the current location to the user internalUser4020
18:38:28.910 [pool-2-thread-1] INFO com.openclassrooms.tourguide.service.TourGuideService -- Adding the current location to the user internalUser4021
18:38:28.964 [pool-2-thread-1] INFO com.openclassrooms.tourguide.service.TourGuideService -- Adding the current location to the user internalUser4022
18:38:29.008 [pool-2-thread-1] INFO com.openclassrooms.tourguide.service.TourGuideService -- Adding the current location to the user internalUser4023
18:38:29.072 [pool-2-thread-1] INFO com.openclassrooms.tourguide.service.TourGuideService -- Adding the current location to the user internalUser4024
18:38:29.145 [pool-2-thread-1] INFO com.openclassrooms.tourguide.service.TourGuideService -- Adding the current location to the user internalUser4025
18:38:29.206 [pool-2-thread-1] INFO com.openclassrooms.tourguide.service.TourGuideService -- Adding the current location to the user internalUser49
18:38:29.283 [pool-2-thread-1] INFO com.openclassrooms.tourguide.service.TourGuideService -- Adding the current location to the user internalUser817
18:38:29.349 [pool-2-thread-1] INFO com.openclassrooms.tourguide.service.TourGuideService -- Adding the current location to the user internalUser48
18:38:29.393 [pool-2-thread-1] INFO com.openclassrooms.tourguide.service.TourGuideService -- Adding the current location to the user internalUser818
18:38:29.427 [pool-2-thread-1] INFO com.openclassrooms.tourguide.service.TourGuideService -- Adding the current location to the user internalUser815
18:38:29.521 [pool-2-thread-1] INFO com.openclassrooms.tourguide.service.TourGuideService -- Adding the current location to the user internalUser816
18:38:29.589 [pool-2-thread-1] INFO com.openclassrooms.tourguide.service.TourGuideService -- Adding the current location to the user internalUser45
18:38:29.666 [pool-2-thread-1] INFO com.openclassrooms.tourguide.service.TourGuideService -- Adding the current location to the user internalUser813
18:38:29.759 [pool-2-thread-1] INFO com.openclassrooms.tourguide.service.TourGuideService -- Adding the current location to the user internalUser44
18:38:29.794 [pool-2-thread-1] INFO com.openclassrooms.tourguide.service.TourGuideService -- Adding the current location to the user internalUser814
18:38:29.826 [pool-2-thread-1] INFO com.openclassrooms.tourguide.service.TourGuideService -- Adding the current location to the user internalUser47
18:38:29.898 [pool-2-thread-1] INFO com.openclassrooms.tourguide.service.TourGuideService -- Adding the current location to the user internalUser811
18:38:29.937 [pool-2-thread-1] INFO com.openclassrooms.tourguide.service.TourGuideService -- Adding the current location to the user internalUser46
18:38:29.997 [pool-2-thread-1] INFO com.openclassrooms.tourguide.service.TourGuideService -- Adding the current location to the user internalUser812
18:38:30.076 [pool-2-thread-1] INFO com.openclassrooms.tourguide.service.TourGuideService -- Adding the current location to the user internalUser41
18:38:30.174 [pool-2-thread-1] INFO com.openclassrooms.tourguide.service.TourGuideService -- Adding the current location to the user internalUser40
18:38:30.234 [pool-2-thread-1] INFO com.openclassrooms.tourguide.service.TourGuideService -- Adding the current location to the user internalUser43
18:38:30.332 [pool-2-thread-1] INFO com.openclassrooms.tourguide.service.TourGuideService -- Adding the current location to the user internalUser42
18:38:30.399 [pool-2-thread-1] INFO com.openclassrooms.tourguide.service.TourGuideService -- Adding the current location to the user internalUser819
18:38:30.473 [pool-2-thread-1] INFO com.openclassrooms.tourguide.service.TourGuideService -- Adding the current location to the user internalUser2298
18:38:30.525 [pool-2-thread-1] INFO com.openclassrooms.tourguide.service.TourGuideService -- Adding the current location to the user internalUser2297
18:38:30.618 [pool-2-thread-1] INFO com.openclassrooms.tourguide.service.TourGuideService -- Adding the current location to the user internalUser2296
18:38:30.699 [pool-2-thread-1] INFO com.openclassrooms.tourguide.service.TourGuideService -- Adding the current location to the user internalUser2295
18:38:30.771 [pool-2-thread-1] INFO com.openclassrooms.tourguide.service.TourGuideService -- Adding the current location to the user internalUser2294
18:38:30.861 [pool-2-thread-1] INFO com.openclassrooms.tourguide.service.TourGuideService -- Adding the current location to the user internalUser2293
18:38:30.924 [pool-2-thread-1] INFO com.openclassrooms.tourguide.service.TourGuideService -- Adding the current location to the user internalUser2292
18:38:30.984 [pool-2-thread-1] INFO com.openclassrooms.tourguide.service.TourGuideService -- Adding the current location to the user internalUser2291
18:38:31.057 [pool-2-thread-1] INFO com.openclassrooms.tourguide.service.TourGuideService -- Adding the current location to the user internalUser820
18:38:31.102 [pool-2-thread-1] INFO com.openclassrooms.tourguide.service.TourGuideService -- Adding the current location to the user internalUser821
18:38:31.136 [pool-2-thread-1] INFO com.openclassrooms.tourguide.service.TourGuideService -- Adding the current location to the user internalUser2299
18:38:31.191 [pool-2-thread-1] INFO com.openclassrooms.tourguide.service.TourGuideService -- Adding the current location to the user internalUser828
18:38:31.252 [pool-2-thread-1] INFO com.openclassrooms.tourguide.service.TourGuideService -- Adding the current location to the user internalUser59
18:38:31.288 [pool-2-thread-1] INFO com.openclassrooms.tourguide.service.TourGuideService -- Adding the current location to the user internalUser829
18:38:31.368 [pool-2-thread-1] INFO com.openclassrooms.tourguide.service.TourGuideService -- Adding the current location to the user internalUser826
18:38:31.406 [pool-2-thread-1] INFO com.openclassrooms.tourguide.service.TourGuideService -- Adding the current location to the user internalUser827
18:38:31.488 [pool-2-thread-1] INFO com.openclassrooms.tourguide.service.TourGuideService -- Adding the current location to the user internalUser56
18:38:31.541 [pool-2-thread-1] INFO com.openclassrooms.tourguide.service.TourGuideService -- Adding the current location to the user internalUser824
18:38:31.587 [pool-2-thread-1] INFO com.openclassrooms.tourguide.service.TourGuideService -- Adding the current location to the user internalUser55
18:38:31.640 [pool-2-thread-1] INFO com.openclassrooms.tourguide.service.TourGuideService -- Adding the current location to the user internalUser825
18:38:31.723 [pool-2-thread-1] INFO com.openclassrooms.tourguide.service.TourGuideService -- Adding the current location to the user internalUser58
18:38:31.777 [pool-2-thread-1] INFO com.openclassrooms.tourguide.service.TourGuideService -- Adding the current location to the user internalUser822
18:38:31.860 [pool-2-thread-1] INFO com.openclassrooms.tourguide.service.TourGuideService -- Adding the current location to the user internalUser57
18:38:31.949 [pool-2-thread-1] INFO com.openclassrooms.tourguide.service.TourGuideService -- Adding the current location to the user internalUser823
18:38:31.998 [pool-2-thread-1] INFO com.openclassrooms.tourguide.service.TourGuideService -- Adding the current location to the user internalUser52
18:38:32.056 [pool-2-thread-1] INFO com.openclassrooms.tourguide.service.TourGuideService -- Adding the current location to the user internalUser51
18:38:32.155 [pool-2-thread-1] INFO com.openclassrooms.tourguide.service.TourGuideService -- Adding the current location to the user internalUser54
18:38:32.194 [pool-2-thread-1] INFO com.openclassrooms.tourguide.service.TourGuideService -- Adding the current location to the user internalUser53
18:38:32.227 [pool-2-thread-1] INFO com.openclassrooms.tourguide.service.TourGuideService -- Adding the current location to the user internalUser50
18:38:32.273 [pool-2-thread-1] INFO com.openclassrooms.tourguide.service.TourGuideService -- Adding the current location to the user internalUser4004
18:38:32.328 [pool-2-thread-1] INFO com.openclassrooms.tourguide.service.TourGuideService -- Adding the current location to the user internalUser4005
18:38:32.423 [pool-2-thread-1] INFO com.openclassrooms.tourguide.service.TourGuideService -- Adding the current location to the user internalUser4006
18:38:32.469 [pool-2-thread-1] INFO com.openclassrooms.tourguide.service.TourGuideService -- Adding the current location to the user internalUser4007
18:38:32.526 [pool-2-thread-1] INFO com.openclassrooms.tourguide.service.TourGuideService -- Adding the current location to the user internalUser4008
18:38:32.592 [pool-2-thread-1] INFO com.openclassrooms.tourguide.service.TourGuideService -- Adding the current location to the user internalUser4009
18:38:32.675 [pool-2-thread-1] INFO com.openclassrooms.tourguide.service.TourGuideService -- Adding the current location to the user internalUser831
18:38:32.747 [pool-2-thread-1] INFO com.openclassrooms.tourguide.service.TourGuideService -- Adding the current location to the user internalUser832
18:38:32.784 [pool-2-thread-1] INFO com.openclassrooms.tourguide.service.TourGuideService -- Adding the current location to the user internalUser830
18:38:32.850 [pool-2-thread-1] INFO com.openclassrooms.tourguide.service.TourGuideService -- Adding the current location to the user internalUser4000
18:38:32.885 [pool-2-thread-1] INFO com.openclassrooms.tourguide.service.TourGuideService -- Adding the current location to the user internalUser4001
18:38:32.970 [pool-2-thread-1] INFO com.openclassrooms.tourguide.service.TourGuideService -- Adding the current location to the user internalUser4002
18:38:33.021 [pool-2-thread-1] INFO com.openclassrooms.tourguide.service.TourGuideService -- Adding the current location to the user internalUser4003
18:38:33.087 [pool-2-thread-1] INFO com.openclassrooms.tourguide.service.TourGuideService -- Adding the current location to the user internalUser839
18:38:33.121 [pool-2-thread-1] INFO com.openclassrooms.tourguide.service.TourGuideService -- Adding the current location to the user internalUser837
18:38:33.198 [pool-2-thread-1] INFO com.openclassrooms.tourguide.service.TourGuideService -- Adding the current location to the user internalUser838
18:38:33.281 [pool-2-thread-1] INFO com.openclassrooms.tourguide.service.TourGuideService -- Adding the current location to the user internalUser67
18:38:33.362 [pool-2-thread-1] INFO com.openclassrooms.tourguide.service.TourGuideService -- Adding the current location to the user internalUser835
18:38:33.413 [pool-2-thread-1] INFO com.openclassrooms.tourguide.service.TourGuideService -- Adding the current location to the user internalUser66
18:38:33.498 [pool-2-thread-1] INFO com.openclassrooms.tourguide.service.TourGuideService -- Adding the current location to the user internalUser836
18:38:33.578 [pool-2-thread-1] INFO com.openclassrooms.tourguide.service.TourGuideService -- Adding the current location to the user internalUser69
18:38:33.643 [pool-2-thread-1] INFO com.openclassrooms.tourguide.service.TourGuideService -- Adding the current location to the user internalUser833
18:38:33.689 [pool-2-thread-1] INFO com.openclassrooms.tourguide.service.TourGuideService -- Adding the current location to the user internalUser68
18:38:33.784 [pool-2-thread-1] INFO com.openclassrooms.tourguide.service.TourGuideService -- Adding the current location to the user internalUser834
18:38:33.850 [pool-2-thread-1] INFO com.openclassrooms.tourguide.service.TourGuideService -- Adding the current location to the user internalUser63
18:38:33.901 [pool-2-thread-1] INFO com.openclassrooms.tourguide.service.TourGuideService -- Adding the current location to the user internalUser62
18:38:33.974 [pool-2-thread-1] INFO com.openclassrooms.tourguide.service.TourGuideService -- Adding the current location to the user internalUser65
18:38:34.067 [pool-2-thread-1] INFO com.openclassrooms.tourguide.service.TourGuideService -- Adding the current location to the user internalUser64
18:38:34.117 [pool-2-thread-1] INFO com.openclassrooms.tourguide.service.TourGuideService -- Adding the current location to the user internalUser61
18:38:34.164 [pool-2-thread-1] INFO com.openclassrooms.tourguide.service.TourGuideService -- Adding the current location to the user internalUser60
18:38:34.201 [pool-2-thread-1] INFO com.openclassrooms.tourguide.service.TourGuideService -- Adding the current location to the user internalUser3520
18:38:34.293 [pool-2-thread-1] INFO com.openclassrooms.tourguide.service.TourGuideService -- Adding the current location to the user internalUser4851
18:38:34.366 [pool-2-thread-1] INFO com.openclassrooms.tourguide.service.TourGuideService -- Adding the current location to the user internalUser3521
18:38:34.403 [pool-2-thread-1] INFO com.openclassrooms.tourguide.service.TourGuideService -- Adding the current location to the user internalUser4852
18:38:34.465 [pool-2-thread-1] INFO com.openclassrooms.tourguide.service.TourGuideService -- Adding the current location to the user internalUser3522
18:38:34.503 [pool-2-thread-1] INFO com.openclassrooms.tourguide.service.TourGuideService -- Adding the current location to the user internalUser4853
18:38:34.562 [pool-2-thread-1] INFO com.openclassrooms.tourguide.service.TourGuideService -- Adding the current location to the user internalUser3523
18:38:34.612 [pool-2-thread-1] INFO com.openclassrooms.tourguide.service.TourGuideService -- Adding the current location to the user internalUser4854
[...]
18:40:38.995 [pool-2-thread-1] INFO com.openclassrooms.tourguide.service.TourGuideService -- Adding the current location to the user internalUser2183
18:40:39.095 [pool-2-thread-1] INFO com.openclassrooms.tourguide.service.TourGuideService -- Adding the current location to the user internalUser2182
18:40:39.186 [pool-2-thread-1] INFO com.openclassrooms.tourguide.service.TourGuideService -- Adding the current location to the user internalUser2181
18:40:39.244 [pool-2-thread-1] INFO com.openclassrooms.tourguide.service.TourGuideService -- Adding the current location to the user internalUser952
18:40:39.343 [pool-2-thread-1] INFO com.openclassrooms.tourguide.service.TourGuideService -- Adding the current location to the user internalUser953
18:40:39.405 [pool-2-thread-1] INFO com.openclassrooms.tourguide.service.TourGuideService -- Adding the current location to the user internalUser950
18:40:39.477 [pool-2-thread-1] INFO com.openclassrooms.tourguide.service.TourGuideService -- Adding the current location to the user internalUser951
18:40:39.513 [pool-2-thread-1] INFO com.openclassrooms.tourguide.service.TourGuideService -- Adding the current location to the user internalUser2189
18:40:39.574 [pool-2-thread-1] INFO com.openclassrooms.tourguide.service.TourGuideService -- Adding the current location to the user internalUser958
18:40:39.635 [pool-2-thread-1] INFO com.openclassrooms.tourguide.service.TourGuideService -- Adding the current location to the user internalUser959
18:40:39.727 [pool-2-thread-1] INFO com.openclassrooms.tourguide.service.TourGuideService -- Adding the current location to the user internalUser956
18:40:39.785 [pool-2-thread-1] INFO com.openclassrooms.tourguide.service.TourGuideService -- Adding the current location to the user internalUser957
18:40:39.849 [pool-2-thread-1] INFO com.openclassrooms.tourguide.service.TourGuideService -- Adding the current location to the user internalUser954
18:40:39.922 [pool-2-thread-1] INFO com.openclassrooms.tourguide.service.TourGuideService -- Adding the current location to the user internalUser955
18:40:40.017 [pool-2-thread-1] INFO com.openclassrooms.tourguide.service.TourGuideService -- Adding the current location to the user internalUser2191
18:40:40.058 [pool-2-thread-1] INFO com.openclassrooms.tourguide.service.TourGuideService -- Adding the current location to the user internalUser2190
18:40:40.121 [pool-2-thread-1] INFO com.openclassrooms.tourguide.service.TourGuideService -- Adding the current location to the user internalUser4730
18:40:40.156 [pool-2-thread-1] INFO com.openclassrooms.tourguide.service.TourGuideService -- Adding the current location to the user internalUser3400
18:40:40.245 [pool-2-thread-1] INFO com.openclassrooms.tourguide.service.TourGuideService -- Adding the current location to the user internalUser4731
18:40:40.306 [pool-2-thread-1] INFO com.openclassrooms.tourguide.service.TourGuideService -- Adding the current location to the user internalUser3401
18:40:40.374 [pool-2-thread-1] INFO com.openclassrooms.tourguide.service.TourGuideService -- Adding the current location to the user internalUser4732
18:40:40.437 [pool-2-thread-1] INFO com.openclassrooms.tourguide.service.TourGuideService -- Adding the current location to the user internalUser3402
18:40:40.530 [pool-2-thread-1] INFO com.openclassrooms.tourguide.service.TourGuideService -- Adding the current location to the user internalUser4733
18:40:40.586 [pool-2-thread-1] INFO com.openclassrooms.tourguide.service.TourGuideService -- Adding the current location to the user internalUser3403
18:40:40.657 [pool-2-thread-1] INFO com.openclassrooms.tourguide.service.TourGuideService -- Adding the current location to the user internalUser4734
18:40:40.736 [pool-2-thread-1] INFO com.openclassrooms.tourguide.service.TourGuideService -- Adding the current location to the user internalUser3404
18:40:40.833 [pool-2-thread-1] INFO com.openclassrooms.tourguide.service.TourGuideService -- Adding the current location to the user internalUser4735
18:40:40.875 [pool-2-thread-1] INFO com.openclassrooms.tourguide.service.TourGuideService -- Adding the current location to the user internalUser3405
18:40:40.911 [pool-2-thread-1] INFO com.openclassrooms.tourguide.service.TourGuideService -- Adding the current location to the user internalUser4736
18:40:40.971 [pool-2-thread-1] INFO com.openclassrooms.tourguide.service.TourGuideService -- Adding the current location to the user internalUser3406
18:40:41.002 [pool-2-thread-1] INFO com.openclassrooms.tourguide.service.TourGuideService -- Adding the current location to the user internalUser4737
18:40:41.065 [pool-2-thread-1] INFO com.openclassrooms.tourguide.service.TourGuideService -- Adding the current location to the user internalUser3407
18:40:41.147 [pool-2-thread-1] INFO com.openclassrooms.tourguide.service.TourGuideService -- Adding the current location to the user internalUser4738
18:40:41.208 [pool-2-thread-1] INFO com.openclassrooms.tourguide.service.TourGuideService -- Adding the current location to the user internalUser3408
18:40:41.282 [pool-2-thread-1] INFO com.openclassrooms.tourguide.service.TourGuideService -- Adding the current location to the user internalUser4739
18:40:41.363 [pool-2-thread-1] INFO com.openclassrooms.tourguide.service.TourGuideService -- Adding the current location to the user internalUser3409
18:40:41.438 [pool-2-thread-1] INFO com.openclassrooms.tourguide.service.TourGuideService -- Adding the current location to the user internalUser3410
18:40:41.475 [pool-2-thread-1] INFO com.openclassrooms.tourguide.service.TourGuideService -- Adding the current location to the user internalUser4741
18:40:41.543 [pool-2-thread-1] INFO com.openclassrooms.tourguide.service.TourGuideService -- Adding the current location to the user internalUser3411
18:40:41.594 [pool-2-thread-1] INFO com.openclassrooms.tourguide.service.TourGuideService -- Adding the current location to the user internalUser4742
18:40:41.674 [pool-2-thread-1] INFO com.openclassrooms.tourguide.service.TourGuideService -- Adding the current location to the user internalUser3412
18:40:41.745 [pool-2-thread-1] INFO com.openclassrooms.tourguide.service.TourGuideService -- Adding the current location to the user internalUser4743
18:40:41.783 [pool-2-thread-1] INFO com.openclassrooms.tourguide.service.TourGuideService -- Adding the current location to the user internalUser3413
18:40:41.872 [pool-2-thread-1] INFO com.openclassrooms.tourguide.service.TourGuideService -- Adding the current location to the user internalUser4744
18:40:41.965 [pool-2-thread-1] INFO com.openclassrooms.tourguide.service.TourGuideService -- Adding the current location to the user internalUser3414
18:40:42.008 [pool-2-thread-1] INFO com.openclassrooms.tourguide.service.TourGuideService -- Adding the current location to the user internalUser4745
18:40:42.097 [pool-2-thread-1] INFO com.openclassrooms.tourguide.service.TourGuideService -- Adding the current location to the user internalUser3415
18:40:42.185 [pool-2-thread-1] INFO com.openclassrooms.tourguide.service.TourGuideService -- Adding the current location to the user internalUser4746
18:40:42.262 [pool-2-thread-1] INFO com.openclassrooms.tourguide.service.TourGuideService -- Adding the current location to the user internalUser3416
18:40:42.319 [pool-2-thread-1] INFO com.openclassrooms.tourguide.service.TourGuideService -- Adding the current location to the user internalUser4747
18:40:42.363 [pool-2-thread-1] INFO com.openclassrooms.tourguide.service.TourGuideService -- Adding the current location to the user internalUser3417
18:40:42.454 [pool-2-thread-1] INFO com.openclassrooms.tourguide.service.TourGuideService -- Adding the current location to the user internalUser4748
18:40:42.554 [pool-2-thread-1] INFO com.openclassrooms.tourguide.service.TourGuideService -- Adding the current location to the user internalUser4740
18:40:42.625 [pool-2-thread-1] INFO com.openclassrooms.tourguide.service.TourGuideService -- Adding the current location to the user internalUser3418
18:40:42.707 [pool-2-thread-1] INFO com.openclassrooms.tourguide.service.TourGuideService -- Adding the current location to the user internalUser4749
18:40:42.770 [pool-2-thread-1] INFO com.openclassrooms.tourguide.service.TourGuideService -- Adding the current location to the user internalUser3419
18:40:42.823 [pool-2-thread-1] INFO com.openclassrooms.tourguide.service.TourGuideService -- Adding the current location to the user internalUser1682
18:40:42.865 [pool-2-thread-1] INFO com.openclassrooms.tourguide.service.TourGuideService -- Adding the current location to the user internalUser1681
18:40:42.939 [pool-2-thread-1] INFO com.openclassrooms.tourguide.service.TourGuideService -- Adding the current location to the user internalUser1680
18:40:42.988 [pool-2-thread-1] INFO com.openclassrooms.tourguide.service.TourGuideService -- Adding the current location to the user internalUser4710
18:40:43.037 [pool-2-thread-1] INFO com.openclassrooms.tourguide.service.TourGuideService -- Adding the current location to the user internalUser4711
18:40:43.109 [pool-2-thread-1] INFO com.openclassrooms.tourguide.service.TourGuideService -- Adding the current location to the user internalUser4712
18:40:43.196 [pool-2-thread-1] INFO com.openclassrooms.tourguide.service.TourGuideService -- Adding the current location to the user internalUser4713
18:40:43.235 [pool-2-thread-1] INFO com.openclassrooms.tourguide.service.TourGuideService -- Adding the current location to the user internalUser4714
18:40:43.332 [pool-2-thread-1] INFO com.openclassrooms.tourguide.service.TourGuideService -- Adding the current location to the user internalUser4715
18:40:43.389 [pool-2-thread-1] INFO com.openclassrooms.tourguide.service.TourGuideService -- Adding the current location to the user internalUser1689
18:40:43.427 [pool-2-thread-1] INFO com.openclassrooms.tourguide.service.TourGuideService -- Adding the current location to the user internalUser1688
18:40:43.509 [pool-2-thread-1] INFO com.openclassrooms.tourguide.service.TourGuideService -- Adding the current location to the user internalUser1687
18:40:43.548 [pool-2-thread-1] INFO com.openclassrooms.tourguide.service.TourGuideService -- Adding the current location to the user internalUser1686
18:40:43.644 [pool-2-thread-1] INFO com.openclassrooms.tourguide.service.TourGuideService -- Adding the current location to the user internalUser1685
18:40:43.696 [pool-2-thread-1] INFO com.openclassrooms.tourguide.service.TourGuideService -- Adding the current location to the user internalUser1684
18:40:43.737 [pool-2-thread-1] INFO com.openclassrooms.tourguide.service.TourGuideService -- Adding the current location to the user internalUser1683
18:40:43.791 [pool-2-thread-1] INFO com.openclassrooms.tourguide.service.TourGuideService -- Adding the current location to the user internalUser905
18:40:43.824 [pool-2-thread-1] INFO com.openclassrooms.tourguide.service.TourGuideService -- Adding the current location to the user internalUser906
18:40:43.921 [pool-2-thread-1] INFO com.openclassrooms.tourguide.service.TourGuideService -- Adding the current location to the user internalUser903
18:40:43.970 [pool-2-thread-1] INFO com.openclassrooms.tourguide.service.TourGuideService -- Adding the current location to the user internalUser904
18:40:44.007 [pool-2-thread-1] INFO com.openclassrooms.tourguide.service.TourGuideService -- Adding the current location to the user internalUser901
18:40:44.043 [pool-2-thread-1] INFO com.openclassrooms.tourguide.service.TourGuideService -- Adding the current location to the user internalUser902
18:40:44.081 [pool-2-thread-1] INFO com.openclassrooms.tourguide.service.TourGuideService -- Adding the current location to the user internalUser900
18:40:44.157 [pool-2-thread-1] INFO com.openclassrooms.tourguide.service.TourGuideService -- Adding the current location to the user internalUser4716
18:40:44.200 [pool-2-thread-1] INFO com.openclassrooms.tourguide.service.TourGuideService -- Adding the current location to the user internalUser4717
18:40:44.281 [pool-2-thread-1] INFO com.openclassrooms.tourguide.service.TourGuideService -- Adding the current location to the user internalUser4718
18:40:44.336 [pool-2-thread-1] INFO com.openclassrooms.tourguide.service.TourGuideService -- Adding the current location to the user internalUser4719
18:40:44.370 [pool-2-thread-1] INFO com.openclassrooms.tourguide.service.TourGuideService -- Adding the current location to the user internalUser909
18:40:44.462 [pool-2-thread-1] INFO com.openclassrooms.tourguide.service.TourGuideService -- Adding the current location to the user internalUser907
18:40:44.552 [pool-2-thread-1] INFO com.openclassrooms.tourguide.service.TourGuideService -- Adding the current location to the user internalUser908
18:40:44.646 [pool-2-thread-1] INFO com.openclassrooms.tourguide.service.TourGuideService -- Adding the current location to the user internalUser1693
18:40:44.686 [pool-2-thread-1] INFO com.openclassrooms.tourguide.service.TourGuideService -- Adding the current location to the user internalUser1692
18:40:44.756 [pool-2-thread-1] INFO com.openclassrooms.tourguide.service.TourGuideService -- Adding the current location to the user internalUser4720
18:40:44.847 [pool-2-thread-1] INFO com.openclassrooms.tourguide.service.TourGuideService -- Adding the current location to the user internalUser1691
18:40:44.925 [pool-2-thread-1] INFO com.openclassrooms.tourguide.service.TourGuideService -- Adding the current location to the user internalUser4721
18:40:44.959 [pool-2-thread-1] INFO com.openclassrooms.tourguide.service.TourGuideService -- Adding the current location to the user internalUser1690
18:40:45.028 [pool-2-thread-1] INFO com.openclassrooms.tourguide.service.TourGuideService -- Adding the current location to the user internalUser4722
18:40:45.075 [pool-2-thread-1] INFO com.openclassrooms.tourguide.service.TourGuideService -- Adding the current location to the user internalUser4723
18:40:45.110 [pool-2-thread-1] INFO com.openclassrooms.tourguide.service.TourGuideService -- Adding the current location to the user internalUser4724
18:40:45.156 [pool-2-thread-1] INFO com.openclassrooms.tourguide.service.TourGuideService -- Adding the current location to the user internalUser4725
18:40:45.232 [pool-2-thread-1] INFO com.openclassrooms.tourguide.service.TourGuideService -- Adding the current location to the user internalUser4726
18:40:45.302 [pool-2-thread-1] INFO com.openclassrooms.tourguide.service.TourGuideService -- Adding the current location to the user internalUser1699
18:40:45.351 [pool-2-thread-1] INFO com.openclassrooms.tourguide.service.TourGuideService -- Adding the current location to the user internalUser1698
18:40:45.406 [pool-2-thread-1] INFO com.openclassrooms.tourguide.service.TourGuideService -- Adding the current location to the user internalUser1697
18:40:45.476 [pool-2-thread-1] INFO com.openclassrooms.tourguide.service.TourGuideService -- Adding the current location to the user internalUser1696
18:40:45.515 [pool-2-thread-1] INFO com.openclassrooms.tourguide.service.TourGuideService -- Adding the current location to the user internalUser1695
18:40:45.600 [pool-2-thread-1] INFO com.openclassrooms.tourguide.service.TourGuideService -- Adding the current location to the user internalUser1694
18:40:45.686 [pool-2-thread-1] INFO com.openclassrooms.tourguide.service.TourGuideService -- Adding the current location to the user internalUser916
18:40:45.725 [pool-2-thread-1] INFO com.openclassrooms.tourguide.service.TourGuideService -- Adding the current location to the user internalUser917
18:40:45.796 [pool-2-thread-1] INFO com.openclassrooms.tourguide.service.TourGuideService -- Adding the current location to the user internalUser914
18:40:45.857 [pool-2-thread-1] INFO com.openclassrooms.tourguide.service.TourGuideService -- Adding the current location to the user internalUser915
18:40:45.919 [pool-2-thread-1] INFO com.openclassrooms.tourguide.service.TourGuideService -- Adding the current location to the user internalUser912
18:40:45.975 [pool-2-thread-1] INFO com.openclassrooms.tourguide.service.TourGuideService -- Adding the current location to the user internalUser913
18:40:46.034 [pool-2-thread-1] INFO com.openclassrooms.tourguide.service.TourGuideService -- Adding the current location to the user internalUser910
18:40:46.111 [pool-2-thread-1] INFO com.openclassrooms.tourguide.service.TourGuideService -- Adding the current location to the user internalUser911
18:40:46.143 [pool-2-thread-1] INFO com.openclassrooms.tourguide.service.TourGuideService -- Adding the current location to the user internalUser4727
18:40:46.207 [pool-2-thread-1] INFO com.openclassrooms.tourguide.service.TourGuideService -- Adding the current location to the user internalUser4728
18:40:46.246 [pool-2-thread-1] INFO com.openclassrooms.tourguide.service.TourGuideService -- Adding the current location to the user internalUser4729
18:40:46.308 [pool-2-thread-1] INFO com.openclassrooms.tourguide.service.TourGuideService -- Adding the current location to the user internalUser918
18:40:46.356 [pool-2-thread-1] INFO com.openclassrooms.tourguide.service.TourGuideService -- Adding the current location to the user internalUser919
18:40:46.405 [pool-2-thread-1] INFO com.openclassrooms.tourguide.service.TourGuideService -- Adding the current location to the user internalUser2111
18:40:46.499 [pool-2-thread-1] INFO com.openclassrooms.tourguide.service.TourGuideService -- Adding the current location to the user internalUser3443
18:40:46.583 [pool-2-thread-1] INFO com.openclassrooms.tourguide.service.TourGuideService -- Adding the current location to the user internalUser4774
18:40:46.615 [pool-2-thread-1] INFO com.openclassrooms.tourguide.service.TourGuideService -- Adding the current location to the user internalUser2110
18:40:46.671 [pool-2-thread-1] INFO com.openclassrooms.tourguide.service.TourGuideService -- Adding the current location to the user internalUser3444
18:40:46.756 [pool-2-thread-1] INFO com.openclassrooms.tourguide.service.TourGuideService -- Adding the current location to the user internalUser4775
18:40:46.791 [pool-2-thread-1] INFO com.openclassrooms.tourguide.service.TourGuideService -- Adding the current location to the user internalUser3445
18:40:46.847 [pool-2-thread-1] INFO com.openclassrooms.tourguide.service.TourGuideService -- Adding the current location to the user internalUser4776
18:40:46.895 [pool-2-thread-1] INFO com.openclassrooms.tourguide.service.TourGuideService -- Adding the current location to the user internalUser3446
18:40:46.928 [pool-2-thread-1] INFO com.openclassrooms.tourguide.service.TourGuideService -- Adding the current location to the user internalUser4777
18:40:47.027 [pool-2-thread-1] INFO com.openclassrooms.tourguide.service.TourGuideService -- Adding the current location to the user internalUser3447
18:40:47.081 [pool-2-thread-1] INFO com.openclassrooms.tourguide.service.TourGuideService -- Adding the current location to the user internalUser4778
18:40:47.150 [pool-2-thread-1] INFO com.openclassrooms.tourguide.service.TourGuideService -- Adding the current location to the user internalUser3448
18:40:47.199 [pool-2-thread-1] INFO com.openclassrooms.tourguide.service.TourGuideService -- Adding the current location to the user internalUser4779
18:40:47.253 [pool-2-thread-1] INFO com.openclassrooms.tourguide.service.TourGuideService -- Adding the current location to the user internalUser3449
18:40:47.281 [main] INFO com.openclassrooms.tourguide.TestPerformance -- step 2 is done too
18:40:47.285 [pool-2-thread-1] INFO com.openclassrooms.tourguide.service.TourGuideService -- Adding the current location to the user internalUser2119
highVolumeGetRewards: Time Elapsed: 168 seconds.
]]></system-out>
  </testcase>
</testsuite>