<?xml version="1.0" encoding="UTF-8"?>
<testsuite xmlns:xsi="http://www.w3.org/2001/XMLSchema-instance" xsi:noNamespaceSchemaLocation="https://maven.apache.org/surefire/maven-surefire-plugin/xsd/surefire-test-report-3.0.xsd" version="3.0" name="com.openclassrooms.tourguide.TestPerformance" time="0.9" tests="2" errors="0" skipped="1" failures="0">
  <properties>
[...]
</properties>
  <testcase name="highVolumeTrackLocation" classname="com.openclassrooms.tourguide.TestPerformance" time="0.874">
    <system-out><![CDATA[10:24:47.715 [main] INFO com.openclassrooms.tourguide.service.TourGuideService -- TestMode enabled
10:24:47.816 [main] INFO com.openclassrooms.tourguide.service.TourGuideService -- Tracking all 100 users
10:24:47.816 [pool-2-thread-1] INFO com.openclassrooms.tourguide.tracker.Tracker -- Begin Tracker. Tracking 100 users.
10:24:47.869 [ForkJoinPool.commonPool-worker-1] INFO com.openclassrooms.tourguide.service.TourGuideService -- Adding the current location to the user internalUser78
10:24:47.872 [ForkJoinPool.commonPool-worker-3] INFO com.openclassrooms.tourguide.service.TourGuideService -- Adding the current location to the user internalUser79
10:24:47.877 [ForkJoinPool.commonPool-worker-14] INFO com.openclassrooms.tourguide.service.TourGuideService -- Adding the current location to the user internalUser85
10:24:47.880 [ForkJoinPool.commonPool-worker-11] INFO com.openclassrooms.tourguide.service.TourGuideService -- Adding the current location to the user internalUser90
10:24:47.884 [pool-2-thread-1] INFO com.openclassrooms.tourguide.service.TourGuideService -- Adding the current location to the user internalUser78
10:24:47.892 [ForkJoinPool.commonPool-worker-13] INFO com.openclassrooms.tourguide.service.TourGuideService -- Adding the current location to the user internalUser88
10:24:47.896 [ForkJoinPool.commonPool-worker-5] INFO com.openclassrooms.tourguide.service.TourGuideService -- Adding the current location to the user internalUser73
10:24:47.902 [ForkJoinPool.commonPool-worker-10] INFO com.openclassrooms.tourguide.service.TourGuideService -- Adding the current location to the user internalUser71
10:24:47.902 [ForkJoinPool.commonPool-worker-8] INFO com.openclassrooms.tourguide.service.TourGuideService -- Adding the current location to the user internalUser70
10:24:47.902 [ForkJoinPool.commonPool-worker-9] INFO com.openclassrooms.tourguide.service.TourGuideService -- Adding the current location to the user internalUser72
10:24:47.905 [ForkJoinPool.commonPool-worker-6] INFO com.openclassrooms.tourguide.service.TourGuideService -- Adding the current location to the user internalUser76
10:24:47.905 [ForkJoinPool.commonPool-worker-1] INFO com.openclassrooms.tourguide.service.TourGuideService -- Tracking internalUser78
10:24:47.905 [ForkJoinPool.commonPool-worker-3] INFO com.openclassrooms.tourguide.service.TourGuideService -- Tracking internalUser79
10:24:47.905 [ForkJoinPool.commonPool-worker-13] INFO com.openclassrooms.tourguide.service.TourGuideService -- Tracking internalUser88
10:24:47.905 [ForkJoinPool.commonPool-worker-14] INFO com.openclassrooms.tourguide.service.TourGuideService -- Tracking internalUser85
10:24:47.905 [ForkJoinPool.commonPool-worker-11] INFO com.openclassrooms.tourguide.service.TourGuideService -- Tracking internalUser90
10:24:47.908 [ForkJoinPool.commonPool-worker-5] INFO com.openclassrooms.tourguide.service.TourGuideService -- Tracking internalUser73
10:24:47.909 [ForkJoinPool.commonPool-worker-12] INFO com.openclassrooms.tourguide.service.TourGuideService -- Adding the current location to the user internalUser89
10:24:47.914 [ForkJoinPool.commonPool-worker-15] INFO com.openclassrooms.tourguide.service.TourGuideService -- Adding the current location to the user internalUser84
10:24:47.914 [ForkJoinPool.commonPool-worker-10] INFO com.openclassrooms.tourguide.service.TourGuideService -- Tracking internalUser71
10:24:47.914 [ForkJoinPool.commonPool-worker-8] INFO com.openclassrooms.tourguide.service.TourGuideService -- Tracking internalUser70
10:24:47.914 [ForkJoinPool.commonPool-worker-9] INFO com.openclassrooms.tourguide.service.TourGuideService -- Tracking internalUser72
10:24:47.917 [ForkJoinPool.commonPool-worker-6] INFO com.openclassrooms.tourguide.service.TourGuideService -- Tracking internalUser76
10:24:47.917 [ForkJoinPool.commonPool-worker-7] INFO com.openclassrooms.tourguide.service.TourGuideService -- Adding the current location to the user internalUser75
10:24:47.917 [ForkJoinPool.commonPool-worker-2] INFO com.openclassrooms.tourguide.service.TourGuideService -- Adding the current location to the user internalUser77
10:24:47.920 [ForkJoinPool.commonPool-worker-12] INFO com.openclassrooms.tourguide.service.TourGuideService -- Tracking internalUser89
10:24:47.923 [ForkJoinPool.commonPool-worker-4] INFO com.openclassrooms.tourguide.service.TourGuideService -- Adding the current location to the user internalUser74
10:24:47.925 [ForkJoinPool.commonPool-worker-15] INFO com.openclassrooms.tourguide.service.TourGuideService -- Tracking internalUser84
10:24:47.930 [ForkJoinPool.commonPool-worker-7] INFO com.openclassrooms.tourguide.service.TourGuideService -- Tracking internalUser75
10:24:47.930 [ForkJoinPool.commonPool-worker-2] INFO com.openclassrooms.tourguide.service.TourGuideService -- Tracking internalUser77
10:24:47.934 [ForkJoinPool.commonPool-worker-4] INFO com.openclassrooms.tourguide.service.TourGuideService -- Tracking internalUser74
10:24:47.942 [pool-2-thread-1] INFO com.openclassrooms.tourguide.service.TourGuideService -- Adding the current location to the user internalUser77
10:24:47.943 [ForkJoinPool.commonPool-worker-5] INFO com.openclassrooms.tourguide.service.TourGuideService -- Adding the current location to the user internalUser82
10:24:47.954 [ForkJoinPool.commonPool-worker-5] INFO com.openclassrooms.tourguide.service.TourGuideService -- Tracking internalUser82
10:24:47.958 [ForkJoinPool.commonPool-worker-10] INFO com.openclassrooms.tourguide.service.TourGuideService -- Adding the current location to the user internalUser9
10:24:47.960 [ForkJoinPool.commonPool-worker-8] INFO com.openclassrooms.tourguide.service.TourGuideService -- Adding the current location to the user internalUser8
10:24:47.968 [ForkJoinPool.commonPool-worker-7] INFO com.openclassrooms.tourguide.service.TourGuideService -- Adding the current location to the user internalUser17
10:24:47.968 [ForkJoinPool.commonPool-worker-11] INFO com.openclassrooms.tourguide.service.TourGuideService -- Adding the current location to the user internalUser83
10:24:47.969 [ForkJoinPool.commonPool-worker-14] INFO com.openclassrooms.tourguide.service.TourGuideService -- Adding the current location to the user internalUser80
10:24:47.970 [ForkJoinPool.commonPool-worker-10] INFO com.openclassrooms.tourguide.service.TourGuideService -- Tracking internalUser9
10:24:47.970 [ForkJoinPool.commonPool-worker-8] INFO com.openclassrooms.tourguide.service.TourGuideService -- Tracking internalUser8
10:24:47.979 [ForkJoinPool.commonPool-worker-11] INFO com.openclassrooms.tourguide.service.TourGuideService -- Tracking internalUser83
10:24:47.979 [ForkJoinPool.commonPool-worker-7] INFO com.openclassrooms.tourguide.service.TourGuideService -- Tracking internalUser17
10:24:47.980 [ForkJoinPool.commonPool-worker-14] INFO com.openclassrooms.tourguide.service.TourGuideService -- Tracking internalUser80
10:24:47.981 [ForkJoinPool.commonPool-worker-15] INFO com.openclassrooms.tourguide.service.TourGuideService -- Adding the current location to the user internalUser18
10:24:47.985 [ForkJoinPool.commonPool-worker-13] INFO com.openclassrooms.tourguide.service.TourGuideService -- Adding the current location to the user internalUser81
10:24:47.985 [pool-2-thread-1] INFO com.openclassrooms.tourguide.service.TourGuideService -- Adding the current location to the user internalUser79
10:24:47.988 [ForkJoinPool.commonPool-worker-3] INFO com.openclassrooms.tourguide.service.TourGuideService -- Adding the current location to the user internalUser86
10:24:47.990 [ForkJoinPool.commonPool-worker-4] INFO com.openclassrooms.tourguide.service.TourGuideService -- Adding the current location to the user internalUser11
10:24:47.992 [ForkJoinPool.commonPool-worker-9] INFO com.openclassrooms.tourguide.service.TourGuideService -- Adding the current location to the user internalUser19
10:24:47.992 [ForkJoinPool.commonPool-worker-6] INFO com.openclassrooms.tourguide.service.TourGuideService -- Adding the current location to the user internalUser16
10:24:47.993 [ForkJoinPool.commonPool-worker-15] INFO com.openclassrooms.tourguide.service.TourGuideService -- Tracking internalUser18
10:24:47.996 [ForkJoinPool.commonPool-worker-13] INFO com.openclassrooms.tourguide.service.TourGuideService -- Tracking internalUser81
10:24:47.996 [ForkJoinPool.commonPool-worker-5] INFO com.openclassrooms.tourguide.service.TourGuideService -- Adding the current location to the user internalUser99
10:24:47.998 [ForkJoinPool.commonPool-worker-3] INFO com.openclassrooms.tourguide.service.TourGuideService -- Tracking internalUser86
10:24:48.000 [ForkJoinPool.commonPool-worker-4] INFO com.openclassrooms.tourguide.service.TourGuideService -- Tracking internalUser11
10:24:48.002 [ForkJoinPool.commonPool-worker-1] INFO com.openclassrooms.tourguide.service.TourGuideService -- Adding the current location to the user internalUser87
10:24:48.003 [ForkJoinPool.commonPool-worker-6] INFO com.openclassrooms.tourguide.service.TourGuideService -- Tracking internalUser16
10:24:48.003 [ForkJoinPool.commonPool-worker-9] INFO com.openclassrooms.tourguide.service.TourGuideService -- Tracking internalUser19
10:24:48.009 [ForkJoinPool.commonPool-worker-5] INFO com.openclassrooms.tourguide.service.TourGuideService -- Tracking internalUser99
10:24:48.010 [ForkJoinPool.commonPool-worker-2] INFO com.openclassrooms.tourguide.service.TourGuideService -- Adding the current location to the user internalUser12
10:24:48.013 [ForkJoinPool.commonPool-worker-1] INFO com.openclassrooms.tourguide.service.TourGuideService -- Tracking internalUser87
10:24:48.021 [ForkJoinPool.commonPool-worker-12] INFO com.openclassrooms.tourguide.service.TourGuideService -- Adding the current location to the user internalUser15
10:24:48.021 [ForkJoinPool.commonPool-worker-2] INFO com.openclassrooms.tourguide.service.TourGuideService -- Tracking internalUser12
10:24:48.023 [ForkJoinPool.commonPool-worker-10] INFO com.openclassrooms.tourguide.service.TourGuideService -- Adding the current location to the user internalUser14
10:24:48.023 [ForkJoinPool.commonPool-worker-8] INFO com.openclassrooms.tourguide.service.TourGuideService -- Adding the current location to the user internalUser13
10:24:48.030 [ForkJoinPool.commonPool-worker-15] INFO com.openclassrooms.tourguide.service.TourGuideService -- Adding the current location to the user internalUser95
10:24:48.032 [ForkJoinPool.commonPool-worker-12] INFO com.openclassrooms.tourguide.service.TourGuideService -- Tracking internalUser15
10:24:48.034 [ForkJoinPool.commonPool-worker-9] INFO com.openclassrooms.tourguide.service.TourGuideService -- Adding the current location to the user internalUser97
10:24:48.034 [ForkJoinPool.commonPool-worker-8] INFO com.openclassrooms.tourguide.service.TourGuideService -- Tracking internalUser13
10:24:48.034 [ForkJoinPool.commonPool-worker-10] INFO com.openclassrooms.tourguide.service.TourGuideService -- Tracking internalUser14
10:24:48.041 [ForkJoinPool.commonPool-worker-15] INFO com.openclassrooms.tourguide.service.TourGuideService -- Tracking internalUser95
10:24:48.045 [ForkJoinPool.commonPool-worker-9] INFO com.openclassrooms.tourguide.service.TourGuideService -- Tracking internalUser97
10:24:48.055 [ForkJoinPool.commonPool-worker-4] INFO com.openclassrooms.tourguide.service.TourGuideService -- Adding the current location to the user internalUser98
10:24:48.056 [ForkJoinPool.commonPool-worker-11] INFO com.openclassrooms.tourguide.service.TourGuideService -- Adding the current location to the user internalUser3
10:24:48.058 [ForkJoinPool.commonPool-worker-7] INFO com.openclassrooms.tourguide.service.TourGuideService -- Adding the current location to the user internalUser96
10:24:48.066 [ForkJoinPool.commonPool-worker-4] INFO com.openclassrooms.tourguide.service.TourGuideService -- Tracking internalUser98
10:24:48.067 [ForkJoinPool.commonPool-worker-11] INFO com.openclassrooms.tourguide.service.TourGuideService -- Tracking internalUser3
10:24:48.070 [ForkJoinPool.commonPool-worker-7] INFO com.openclassrooms.tourguide.service.TourGuideService -- Tracking internalUser96
10:24:48.075 [ForkJoinPool.commonPool-worker-14] INFO com.openclassrooms.tourguide.service.TourGuideService -- Adding the current location to the user internalUser2
10:24:48.076 [ForkJoinPool.commonPool-worker-13] INFO com.openclassrooms.tourguide.service.TourGuideService -- Adding the current location to the user internalUser1
10:24:48.085 [ForkJoinPool.commonPool-worker-14] INFO com.openclassrooms.tourguide.service.TourGuideService -- Tracking internalUser2
10:24:48.086 [ForkJoinPool.commonPool-worker-10] INFO com.openclassrooms.tourguide.service.TourGuideService -- Adding the current location to the user internalUser94
10:24:48.086 [ForkJoinPool.commonPool-worker-13] INFO com.openclassrooms.tourguide.service.TourGuideService -- Tracking internalUser1
10:24:48.090 [ForkJoinPool.commonPool-worker-15] INFO com.openclassrooms.tourguide.service.TourGuideService -- Adding the current location to the user internalUser4
10:24:48.093 [ForkJoinPool.commonPool-worker-1] INFO com.openclassrooms.tourguide.service.TourGuideService -- Adding the current location to the user internalUser92
10:24:48.097 [ForkJoinPool.commonPool-worker-8] INFO com.openclassrooms.tourguide.service.TourGuideService -- Adding the current location to the user internalUser5
10:24:48.097 [pool-2-thread-1] INFO com.openclassrooms.tourguide.service.TourGuideService -- Adding the current location to the user internalUser74
10:24:48.097 [ForkJoinPool.commonPool-worker-10] INFO com.openclassrooms.tourguide.service.TourGuideService -- Tracking internalUser94
10:24:48.100 [ForkJoinPool.commonPool-worker-6] INFO com.openclassrooms.tourguide.service.TourGuideService -- Adding the current location to the user internalUser0
10:24:48.100 [ForkJoinPool.commonPool-worker-3] INFO com.openclassrooms.tourguide.service.TourGuideService -- Adding the current location to the user internalUser10
10:24:48.100 [ForkJoinPool.commonPool-worker-12] INFO com.openclassrooms.tourguide.service.TourGuideService -- Adding the current location to the user internalUser91
10:24:48.101 [ForkJoinPool.commonPool-worker-5] INFO com.openclassrooms.tourguide.service.TourGuideService -- Adding the current location to the user internalUser7
10:24:48.101 [ForkJoinPool.commonPool-worker-9] INFO com.openclassrooms.tourguide.service.TourGuideService -- Adding the current location to the user internalUser93
10:24:48.101 [ForkJoinPool.commonPool-worker-15] INFO com.openclassrooms.tourguide.service.TourGuideService -- Tracking internalUser4
10:24:48.103 [ForkJoinPool.commonPool-worker-1] INFO com.openclassrooms.tourguide.service.TourGuideService -- Tracking internalUser92
10:24:48.107 [ForkJoinPool.commonPool-worker-2] INFO com.openclassrooms.tourguide.service.TourGuideService -- Adding the current location to the user internalUser6
10:24:48.108 [ForkJoinPool.commonPool-worker-8] INFO com.openclassrooms.tourguide.service.TourGuideService -- Tracking internalUser5
10:24:48.111 [ForkJoinPool.commonPool-worker-6] INFO com.openclassrooms.tourguide.service.TourGuideService -- Tracking internalUser0
10:24:48.111 [ForkJoinPool.commonPool-worker-12] INFO com.openclassrooms.tourguide.service.TourGuideService -- Tracking internalUser91
10:24:48.112 [ForkJoinPool.commonPool-worker-9] INFO com.openclassrooms.tourguide.service.TourGuideService -- Tracking internalUser93
10:24:48.112 [ForkJoinPool.commonPool-worker-3] INFO com.openclassrooms.tourguide.service.TourGuideService -- Tracking internalUser10
10:24:48.112 [ForkJoinPool.commonPool-worker-5] INFO com.openclassrooms.tourguide.service.TourGuideService -- Tracking internalUser7
10:24:48.115 [ForkJoinPool.commonPool-worker-7] INFO com.openclassrooms.tourguide.service.TourGuideService -- Adding the current location to the user internalUser29
10:24:48.117 [ForkJoinPool.commonPool-worker-2] INFO com.openclassrooms.tourguide.service.TourGuideService -- Tracking internalUser6
10:24:48.118 [ForkJoinPool.commonPool-worker-11] INFO com.openclassrooms.tourguide.service.TourGuideService -- Adding the current location to the user internalUser26
10:24:48.124 [ForkJoinPool.commonPool-worker-4] INFO com.openclassrooms.tourguide.service.TourGuideService -- Adding the current location to the user internalUser27
10:24:48.126 [ForkJoinPool.commonPool-worker-7] INFO com.openclassrooms.tourguide.service.TourGuideService -- Tracking internalUser29
10:24:48.129 [ForkJoinPool.commonPool-worker-10] INFO com.openclassrooms.tourguide.service.TourGuideService -- Adding the current location to the user internalUser22
10:24:48.129 [ForkJoinPool.commonPool-worker-11] INFO com.openclassrooms.tourguide.service.TourGuideService -- Tracking internalUser26
10:24:48.135 [ForkJoinPool.commonPool-worker-4] INFO com.openclassrooms.tourguide.service.TourGuideService -- Tracking internalUser27
10:24:48.141 [ForkJoinPool.commonPool-worker-10] INFO com.openclassrooms.tourguide.service.TourGuideService -- Tracking internalUser22
10:24:48.145 [ForkJoinPool.commonPool-worker-15] INFO com.openclassrooms.tourguide.service.TourGuideService -- Adding the current location to the user internalUser25
10:24:48.148 [ForkJoinPool.commonPool-worker-6] INFO com.openclassrooms.tourguide.service.TourGuideService -- Adding the current location to the user internalUser20
10:24:48.150 [ForkJoinPool.commonPool-worker-12] INFO com.openclassrooms.tourguide.service.TourGuideService -- Adding the current location to the user internalUser38
10:24:48.156 [ForkJoinPool.commonPool-worker-15] INFO com.openclassrooms.tourguide.service.TourGuideService -- Tracking internalUser25
10:24:48.159 [ForkJoinPool.commonPool-worker-6] INFO com.openclassrooms.tourguide.service.TourGuideService -- Tracking internalUser20
10:24:48.161 [ForkJoinPool.commonPool-worker-12] INFO com.openclassrooms.tourguide.service.TourGuideService -- Tracking internalUser38
10:24:48.163 [ForkJoinPool.commonPool-worker-11] INFO com.openclassrooms.tourguide.service.TourGuideService -- Adding the current location to the user internalUser35
10:24:48.167 [ForkJoinPool.commonPool-worker-13] INFO com.openclassrooms.tourguide.service.TourGuideService -- Adding the current location to the user internalUser23
10:24:48.170 [ForkJoinPool.commonPool-worker-14] INFO com.openclassrooms.tourguide.service.TourGuideService -- Adding the current location to the user internalUser28
10:24:48.170 [ForkJoinPool.commonPool-worker-4] INFO com.openclassrooms.tourguide.service.TourGuideService -- Adding the current location to the user internalUser30
10:24:48.174 [ForkJoinPool.commonPool-worker-11] INFO com.openclassrooms.tourguide.service.TourGuideService -- Tracking internalUser35
10:24:48.178 [ForkJoinPool.commonPool-worker-7] INFO com.openclassrooms.tourguide.service.TourGuideService -- Adding the current location to the user internalUser36
10:24:48.178 [ForkJoinPool.commonPool-worker-13] INFO com.openclassrooms.tourguide.service.TourGuideService -- Tracking internalUser23
10:24:48.179 [ForkJoinPool.commonPool-worker-2] INFO com.openclassrooms.tourguide.service.TourGuideService -- Adding the current location to the user internalUser33
10:24:48.181 [ForkJoinPool.commonPool-worker-4] INFO com.openclassrooms.tourguide.service.TourGuideService -- Tracking internalUser30
10:24:48.181 [ForkJoinPool.commonPool-worker-14] INFO com.openclassrooms.tourguide.service.TourGuideService -- Tracking internalUser28
10:24:48.188 [ForkJoinPool.commonPool-worker-7] INFO com.openclassrooms.tourguide.service.TourGuideService -- Tracking internalUser36
10:24:48.189 [ForkJoinPool.commonPool-worker-2] INFO com.openclassrooms.tourguide.service.TourGuideService -- Tracking internalUser33
10:24:48.196 [ForkJoinPool.commonPool-worker-1] INFO com.openclassrooms.tourguide.service.TourGuideService -- Adding the current location to the user internalUser24
10:24:48.199 [ForkJoinPool.commonPool-worker-3] INFO com.openclassrooms.tourguide.service.TourGuideService -- Adding the current location to the user internalUser39
10:24:48.200 [ForkJoinPool.commonPool-worker-15] INFO com.openclassrooms.tourguide.service.TourGuideService -- Adding the current location to the user internalUser31
10:24:48.201 [ForkJoinPool.commonPool-worker-9] INFO com.openclassrooms.tourguide.service.TourGuideService -- Adding the current location to the user internalUser37
10:24:48.202 [pool-2-thread-1] INFO com.openclassrooms.tourguide.service.TourGuideService -- Adding the current location to the user internalUser73
10:24:48.204 [ForkJoinPool.commonPool-worker-8] INFO com.openclassrooms.tourguide.service.TourGuideService -- Adding the current location to the user internalUser21
10:24:48.207 [ForkJoinPool.commonPool-worker-1] INFO com.openclassrooms.tourguide.service.TourGuideService -- Tracking internalUser24
10:24:48.211 [ForkJoinPool.commonPool-worker-3] INFO com.openclassrooms.tourguide.service.TourGuideService -- Tracking internalUser39
10:24:48.212 [ForkJoinPool.commonPool-worker-5] INFO com.openclassrooms.tourguide.service.TourGuideService -- Adding the current location to the user internalUser34
10:24:48.212 [ForkJoinPool.commonPool-worker-9] INFO com.openclassrooms.tourguide.service.TourGuideService -- Tracking internalUser37
10:24:48.212 [ForkJoinPool.commonPool-worker-15] INFO com.openclassrooms.tourguide.service.TourGuideService -- Tracking internalUser31
10:24:48.215 [ForkJoinPool.commonPool-worker-8] INFO com.openclassrooms.tourguide.service.TourGuideService -- Tracking internalUser21
10:24:48.223 [ForkJoinPool.commonPool-worker-5] INFO com.openclassrooms.tourguide.service.TourGuideService -- Tracking internalUser34
10:24:48.224 [ForkJoinPool.commonPool-worker-10] INFO com.openclassrooms.tourguide.service.TourGuideService -- Adding the current location to the user internalUser32
10:24:48.229 [ForkJoinPool.commonPool-worker-12] INFO com.openclassrooms.tourguide.service.TourGuideService -- Adding the current location to the user internalUser48
10:24:48.233 [ForkJoinPool.commonPool-worker-6] INFO com.openclassrooms.tourguide.service.TourGuideService -- Adding the current location to the user internalUser49
10:24:48.235 [ForkJoinPool.commonPool-worker-10] INFO com.openclassrooms.tourguide.service.TourGuideService -- Tracking internalUser32
10:24:48.241 [ForkJoinPool.commonPool-worker-12] INFO com.openclassrooms.tourguide.service.TourGuideService -- Tracking internalUser48
10:24:48.242 [ForkJoinPool.commonPool-worker-14] INFO com.openclassrooms.tourguide.service.TourGuideService -- Adding the current location to the user internalUser46
10:24:48.244 [ForkJoinPool.commonPool-worker-4] INFO com.openclassrooms.tourguide.service.TourGuideService -- Adding the current location to the user internalUser47
10:24:48.244 [ForkJoinPool.commonPool-worker-6] INFO com.openclassrooms.tourguide.service.TourGuideService -- Tracking internalUser49
10:24:48.248 [ForkJoinPool.commonPool-worker-11] INFO com.openclassrooms.tourguide.service.TourGuideService -- Adding the current location to the user internalUser45
10:24:48.252 [ForkJoinPool.commonPool-worker-13] INFO com.openclassrooms.tourguide.service.TourGuideService -- Adding the current location to the user internalUser44
10:24:48.252 [ForkJoinPool.commonPool-worker-1] INFO com.openclassrooms.tourguide.service.TourGuideService -- Adding the current location to the user internalUser43
10:24:48.253 [ForkJoinPool.commonPool-worker-3] INFO com.openclassrooms.tourguide.service.TourGuideService -- Adding the current location to the user internalUser42
10:24:48.253 [ForkJoinPool.commonPool-worker-14] INFO com.openclassrooms.tourguide.service.TourGuideService -- Tracking internalUser46
10:24:48.256 [ForkJoinPool.commonPool-worker-4] INFO com.openclassrooms.tourguide.service.TourGuideService -- Tracking internalUser47
10:24:48.258 [ForkJoinPool.commonPool-worker-7] INFO com.openclassrooms.tourguide.service.TourGuideService -- Adding the current location to the user internalUser41
10:24:48.258 [ForkJoinPool.commonPool-worker-11] INFO com.openclassrooms.tourguide.service.TourGuideService -- Tracking internalUser45
10:24:48.263 [ForkJoinPool.commonPool-worker-1] INFO com.openclassrooms.tourguide.service.TourGuideService -- Tracking internalUser43
10:24:48.263 [ForkJoinPool.commonPool-worker-13] INFO com.openclassrooms.tourguide.service.TourGuideService -- Tracking internalUser44
10:24:48.264 [ForkJoinPool.commonPool-worker-3] INFO com.openclassrooms.tourguide.service.TourGuideService -- Tracking internalUser42
10:24:48.269 [ForkJoinPool.commonPool-worker-2] INFO com.openclassrooms.tourguide.service.TourGuideService -- Adding the current location to the user internalUser40
10:24:48.269 [ForkJoinPool.commonPool-worker-7] INFO com.openclassrooms.tourguide.service.TourGuideService -- Tracking internalUser41
10:24:48.280 [ForkJoinPool.commonPool-worker-2] INFO com.openclassrooms.tourguide.service.TourGuideService -- Tracking internalUser40
10:24:48.282 [ForkJoinPool.commonPool-worker-5] INFO com.openclassrooms.tourguide.service.TourGuideService -- Adding the current location to the user internalUser58
10:24:48.282 [ForkJoinPool.commonPool-worker-8] INFO com.openclassrooms.tourguide.service.TourGuideService -- Adding the current location to the user internalUser55
10:24:48.282 [ForkJoinPool.commonPool-worker-10] INFO com.openclassrooms.tourguide.service.TourGuideService -- Adding the current location to the user internalUser57
10:24:48.284 [ForkJoinPool.commonPool-worker-9] INFO com.openclassrooms.tourguide.service.TourGuideService -- Adding the current location to the user internalUser59
10:24:48.291 [ForkJoinPool.commonPool-worker-12] INFO com.openclassrooms.tourguide.service.TourGuideService -- Adding the current location to the user internalUser52
10:24:48.292 [pool-2-thread-1] INFO com.openclassrooms.tourguide.service.TourGuideService -- Adding the current location to the user internalUser76
10:24:48.292 [ForkJoinPool.commonPool-worker-5] INFO com.openclassrooms.tourguide.service.TourGuideService -- Tracking internalUser58
10:24:48.292 [ForkJoinPool.commonPool-worker-10] INFO com.openclassrooms.tourguide.service.TourGuideService -- Tracking internalUser57
10:24:48.292 [ForkJoinPool.commonPool-worker-8] INFO com.openclassrooms.tourguide.service.TourGuideService -- Tracking internalUser55
10:24:48.294 [ForkJoinPool.commonPool-worker-14] INFO com.openclassrooms.tourguide.service.TourGuideService -- Adding the current location to the user internalUser54
10:24:48.294 [ForkJoinPool.commonPool-worker-9] INFO com.openclassrooms.tourguide.service.TourGuideService -- Tracking internalUser59
10:24:48.302 [ForkJoinPool.commonPool-worker-15] INFO com.openclassrooms.tourguide.service.TourGuideService -- Adding the current location to the user internalUser56
10:24:48.302 [ForkJoinPool.commonPool-worker-12] INFO com.openclassrooms.tourguide.service.TourGuideService -- Tracking internalUser52
10:24:48.305 [ForkJoinPool.commonPool-worker-14] INFO com.openclassrooms.tourguide.service.TourGuideService -- Tracking internalUser54
10:24:48.312 [ForkJoinPool.commonPool-worker-4] INFO com.openclassrooms.tourguide.service.TourGuideService -- Adding the current location to the user internalUser53
10:24:48.313 [ForkJoinPool.commonPool-worker-15] INFO com.openclassrooms.tourguide.service.TourGuideService -- Tracking internalUser56
10:24:48.314 [ForkJoinPool.commonPool-worker-6] INFO com.openclassrooms.tourguide.service.TourGuideService -- Adding the current location to the user internalUser51
10:24:48.316 [ForkJoinPool.commonPool-worker-1] INFO com.openclassrooms.tourguide.service.TourGuideService -- Adding the current location to the user internalUser67
10:24:48.320 [ForkJoinPool.commonPool-worker-3] INFO com.openclassrooms.tourguide.service.TourGuideService -- Adding the current location to the user internalUser69
10:24:48.323 [ForkJoinPool.commonPool-worker-4] INFO com.openclassrooms.tourguide.service.TourGuideService -- Tracking internalUser53
10:24:48.324 [ForkJoinPool.commonPool-worker-11] INFO com.openclassrooms.tourguide.service.TourGuideService -- Adding the current location to the user internalUser50
10:24:48.326 [ForkJoinPool.commonPool-worker-6] INFO com.openclassrooms.tourguide.service.TourGuideService -- Tracking internalUser51
10:24:48.327 [ForkJoinPool.commonPool-worker-1] INFO com.openclassrooms.tourguide.service.TourGuideService -- Tracking internalUser67
10:24:48.332 [ForkJoinPool.commonPool-worker-3] INFO com.openclassrooms.tourguide.service.TourGuideService -- Tracking internalUser69
10:24:48.334 [ForkJoinPool.commonPool-worker-11] INFO com.openclassrooms.tourguide.service.TourGuideService -- Tracking internalUser50
10:24:48.348 [ForkJoinPool.commonPool-worker-2] INFO com.openclassrooms.tourguide.service.TourGuideService -- Adding the current location to the user internalUser63
10:24:48.350 [ForkJoinPool.commonPool-worker-7] INFO com.openclassrooms.tourguide.service.TourGuideService -- Adding the current location to the user internalUser68
10:24:48.354 [pool-2-thread-1] INFO com.openclassrooms.tourguide.service.TourGuideService -- Adding the current location to the user internalUser75
10:24:48.358 [ForkJoinPool.commonPool-worker-13] INFO com.openclassrooms.tourguide.service.TourGuideService -- Adding the current location to the user internalUser66
10:24:48.359 [ForkJoinPool.commonPool-worker-2] INFO com.openclassrooms.tourguide.service.TourGuideService -- Tracking internalUser63
10:24:48.360 [ForkJoinPool.commonPool-worker-7] INFO com.openclassrooms.tourguide.service.TourGuideService -- Tracking internalUser68
10:24:48.365 [ForkJoinPool.commonPool-worker-12] INFO com.openclassrooms.tourguide.service.TourGuideService -- Adding the current location to the user internalUser60
10:24:48.368 [ForkJoinPool.commonPool-worker-5] INFO com.openclassrooms.tourguide.service.TourGuideService -- Adding the current location to the user internalUser62
10:24:48.369 [ForkJoinPool.commonPool-worker-13] INFO com.openclassrooms.tourguide.service.TourGuideService -- Tracking internalUser66
10:24:48.371 [ForkJoinPool.commonPool-worker-10] INFO com.openclassrooms.tourguide.service.TourGuideService -- Adding the current location to the user internalUser65
10:24:48.376 [ForkJoinPool.commonPool-worker-12] INFO com.openclassrooms.tourguide.service.TourGuideService -- Tracking internalUser60
10:24:48.377 [ForkJoinPool.commonPool-worker-9] INFO com.openclassrooms.tourguide.service.TourGuideService -- Adding the current location to the user internalUser61
10:24:48.378 [ForkJoinPool.commonPool-worker-5] INFO com.openclassrooms.tourguide.service.TourGuideService -- Tracking internalUser62
10:24:48.382 [ForkJoinPool.commonPool-worker-10] INFO com.openclassrooms.tourguide.service.TourGuideService -- Tracking internalUser65
10:24:48.388 [ForkJoinPool.commonPool-worker-9] INFO com.openclassrooms.tourguide.service.TourGuideService -- Tracking internalUser61
10:24:48.389 [ForkJoinPool.commonPool-worker-8] INFO com.openclassrooms.tourguide.service.TourGuideService -- Adding the current location to the user internalUser64
10:24:48.400 [ForkJoinPool.commonPool-worker-8] INFO com.openclassrooms.tourguide.service.TourGuideService -- Tracking internalUser64
10:24:48.400 [pool-2-thread-1] INFO com.openclassrooms.tourguide.service.TourGuideService -- Adding the current location to the user internalUser70
highVolumeTrackLocation: Time Elapsed: 0 seconds.
]]></system-out>
  </testcase>
  <testcase name="highVolumeGetRewards" classname="com.openclassrooms.tourguide.TestPerformance" time="0">
    <skipped message="public void com.openclassrooms.tourguide.TestPerformance.highVolumeGetRewards() is @Disabled"/>
  </testcase>
</testsuite>